       Step     Time          Energy          fmax
LBFGS:    0 22:30:08    -2844.788546        3.650445
LBFGS:    1 22:30:14    -2845.094502        2.672153
LBFGS:    2 22:30:20    -2846.011305        2.193227
LBFGS:    3 22:30:26    -2846.300290        5.028119
LBFGS:    4 22:30:32    -2846.510049        1.753072
LBFGS:    5 22:30:39    -2846.718580        1.668137
LBFGS:    6 22:30:45    -2847.055574        5.141011
LBFGS:    7 22:30:51    -2847.362884        1.323082
LBFGS:    8 22:30:57    -2847.570825        1.190867
LBFGS:    9 22:31:03    -2847.709512        1.633763
LBFGS:   10 22:31:10    -2848.062580        2.266019
LBFGS:   11 22:31:16    -2848.415418        3.040249
LBFGS:   12 22:31:22    -2848.758537        3.734867
LBFGS:   13 22:31:28    -2849.098827        3.855477
LBFGS:   14 22:31:34    -2849.864809        2.984637
LBFGS:   15 22:31:41    -2850.520841        2.567388
LBFGS:   16 22:31:47    -2850.663790        1.311757
LBFGS:   17 22:31:53    -2850.793190        0.746359
LBFGS:   18 22:31:59    -2850.903677        0.820815
LBFGS:   19 22:32:05    -2850.979494        0.853921
LBFGS:   20 22:32:11    -2851.051225        0.536079
LBFGS:   21 22:32:18    -2851.099432        0.457320
LBFGS:   22 22:32:24    -2851.150486        0.710522
LBFGS:   23 22:32:30    -2851.199300        0.668037
LBFGS:   24 22:32:36    -2851.242425        0.369999
LBFGS:   25 22:32:42    -2851.283871        0.396522
LBFGS:   26 22:32:49    -2851.329245        0.454655
LBFGS:   27 22:32:55    -2851.373162        0.484984
LBFGS:   28 22:33:01    -2851.410401        0.436712
LBFGS:   29 22:33:07    -2851.439142        0.255479
LBFGS:   30 22:33:13    -2851.464786        0.328071
LBFGS:   31 22:33:20    -2851.487921        0.408845
LBFGS:   32 22:33:26    -2851.510345        0.376651
LBFGS:   33 22:33:32    -2851.532080        0.343258
LBFGS:   34 22:33:38    -2851.557032        0.247928
LBFGS:   35 22:33:44    -2851.574427        0.278237
LBFGS:   36 22:33:51    -2851.591242        0.192574
LBFGS:   37 22:33:57    -2851.605504        0.265586
LBFGS:   38 22:34:03    -2851.620314        0.275578
LBFGS:   39 22:34:09    -2851.634147        0.293261
LBFGS:   40 22:34:15    -2851.647386        0.212247
LBFGS:   41 22:34:22    -2851.659035        0.174158
LBFGS:   42 22:34:28    -2851.670239        0.231155
LBFGS:   43 22:34:34    -2851.680426        0.163698
LBFGS:   44 22:34:40    -2851.690896        0.177955
LBFGS:   45 22:34:46    -2851.701793        0.212802
LBFGS:   46 22:34:53    -2851.713560        0.213170
LBFGS:   47 22:34:59    -2851.724201        0.203678
LBFGS:   48 22:35:05    -2851.733901        0.159125
LBFGS:   49 22:35:11    -2851.743322        0.207633
LBFGS:   50 22:35:17    -2851.753731        0.210344
LBFGS:   51 22:35:24    -2851.764523        0.182658
LBFGS:   52 22:35:30    -2851.775889        0.152472
LBFGS:   53 22:35:36    -2851.787615        0.163734
LBFGS:   54 22:35:42    -2851.799641        0.179132
LBFGS:   55 22:35:48    -2851.812080        0.179759
LBFGS:   56 22:35:55    -2851.825632        0.248886
LBFGS:   57 22:36:01    -2851.839679        0.182693
LBFGS:   58 22:36:07    -2851.852209        0.312159
LBFGS:   59 22:36:13    -2851.861369        0.539550
LBFGS:   60 22:36:19    -2851.872828        0.312808
LBFGS:   61 22:36:25    -2851.883774        0.170641
LBFGS:   62 22:36:32    -2851.893716        0.120333
LBFGS:   63 22:36:38    -2851.904385        0.271520
LBFGS:   64 22:36:44    -2851.911501        0.128471
LBFGS:   65 22:36:50    -2851.919648        0.102874
LBFGS:   66 22:36:56    -2851.925851        0.124246
LBFGS:   67 22:37:03    -2851.931823        0.117487
LBFGS:   68 22:37:09    -2851.937212        0.199465
LBFGS:   69 22:37:15    -2851.942238        0.101280
LBFGS:   70 22:37:21    -2851.947304        0.099240
LBFGS:   71 22:37:27    -2851.951738        0.092607
LBFGS:   72 22:37:34    -2851.955585        0.091000
LBFGS:   73 22:37:40    -2851.959765        0.100956
LBFGS:   74 22:37:46    -2851.963850        0.085142
LBFGS:   75 22:37:52    -2851.967796        0.083275
LBFGS:   76 22:37:58    -2851.971471        0.098980
LBFGS:   77 22:38:05    -2851.974938        0.065571
LBFGS:   78 22:38:11    -2851.978174        0.066247
LBFGS:   79 22:38:17    -2851.981162        0.067659
LBFGS:   80 22:38:23    -2851.984044        0.094060
LBFGS:   81 22:38:30    -2851.986945        0.086851
LBFGS:   82 22:38:36    -2851.989871        0.069200
LBFGS:   83 22:38:42    -2851.992520        0.052664
LBFGS:   84 22:38:48    -2851.994840        0.061866
LBFGS:   85 22:38:54    -2851.996942        0.073595
LBFGS:   86 22:39:01    -2851.999113        0.068966
LBFGS:   87 22:39:07    -2852.001259        0.064225
LBFGS:   88 22:39:13    -2852.003219        0.059326
LBFGS:   89 22:39:19    -2852.004800        0.075957
LBFGS:   90 22:39:26    -2852.006207        0.062056
LBFGS:   91 22:39:32    -2852.007592        0.067706
LBFGS:   92 22:39:38    -2852.009015        0.043433
LBFGS:   93 22:39:45    -2852.010381        0.044001
LBFGS:   94 22:39:51    -2852.011709        0.047871
LBFGS:   95 22:39:57    -2852.013048        0.049116
LBFGS:   96 22:40:03    -2852.014434        0.044673
LBFGS:   97 22:40:10    -2852.015783        0.040288
LBFGS:   98 22:40:16    -2852.017050        0.044946
LBFGS:   99 22:40:22    -2852.018287        0.055149
LBFGS:  100 22:40:28    -2852.019581        0.046818
LBFGS:  101 22:40:35    -2852.020899        0.040023
LBFGS:  102 22:40:41    -2852.022183        0.040905
LBFGS:  103 22:40:47    -2852.023415        0.053079
LBFGS:  104 22:40:53    -2852.024724        0.058042
LBFGS:  105 22:40:59    -2852.026148        0.071157
LBFGS:  106 22:41:06    -2852.027802        0.060765
LBFGS:  107 22:41:12    -2852.029486        0.096518
LBFGS:  108 22:41:18    -2852.031470        0.072678
LBFGS:  109 22:41:24    -2852.033367        0.140270
LBFGS:  110 22:41:30    -2852.036146        0.096039
LBFGS:  111 22:41:37    -2852.038780        0.231447
LBFGS:  112 22:41:43    -2852.043048        0.120749
LBFGS:  113 22:41:49    -2852.046305        0.318745
LBFGS:  114 22:41:55    -2852.052568        0.169464
LBFGS:  115 22:42:02    -2852.056960        0.315569
LBFGS:  116 22:42:08    -2852.065673        0.190430
LBFGS:  117 22:42:14    -2852.070522        0.545840
LBFGS:  118 22:42:20    -2852.082337        0.208913
LBFGS:  119 22:42:27    -2852.089716        0.268422
LBFGS:  120 22:42:33    -2852.099405        0.155096
LBFGS:  121 22:42:39    -2852.101772        0.642254
LBFGS:  122 22:42:45    -2852.111149        0.203252
LBFGS:  123 22:42:52    -2852.119158        0.120546
LBFGS:  124 22:42:58    -2852.124912        0.122085
LBFGS:  125 22:43:04    -2852.129410        0.183139
LBFGS:  126 22:43:10    -2852.133887        0.141333
LBFGS:  127 22:43:17    -2852.138391        0.177303
LBFGS:  128 22:43:23    -2852.142340        0.082808
LBFGS:  129 22:43:29    -2852.145375        0.265576
LBFGS:  130 22:43:35    -2852.148971        0.057734
LBFGS:  131 22:43:42    -2852.151972        0.053287
LBFGS:  132 22:43:48    -2852.154074        0.048222
LBFGS:  133 22:43:54    -2852.155967        0.048249
LBFGS:  134 22:44:00    -2852.157923        0.047060
LBFGS:  135 22:44:07    -2852.159548        0.045013
LBFGS:  136 22:44:13    -2852.160933        0.042495
LBFGS:  137 22:44:19    -2852.162270        0.040447
LBFGS:  138 22:44:25    -2852.163684        0.071151
LBFGS:  139 22:44:32    -2852.165042        0.037452
LBFGS:  140 22:44:38    -2852.166333        0.046500
LBFGS:  141 22:44:44    -2852.167582        0.062515
LBFGS:  142 22:44:51    -2852.168676        0.052090
LBFGS:  143 22:44:57    -2852.169823        0.037049
LBFGS:  144 22:45:03    -2852.171119        0.034320
LBFGS:  145 22:45:09    -2852.172156        0.033932
LBFGS:  146 22:45:16    -2852.173107        0.035036
LBFGS:  147 22:45:22    -2852.174036        0.033126
LBFGS:  148 22:45:28    -2852.174923        0.032814
LBFGS:  149 22:45:34    -2852.175796        0.032398
LBFGS:  150 22:45:41    -2852.176701        0.033974
LBFGS:  151 22:45:47    -2852.177610        0.042282
LBFGS:  152 22:45:53    -2852.178472        0.041459
LBFGS:  153 22:45:59    -2852.179221        0.051297
LBFGS:  154 22:46:06    -2852.179931        0.038611
LBFGS:  155 22:46:12    -2852.180618        0.048258
LBFGS:  156 22:46:18    -2852.181403        0.041900
LBFGS:  157 22:46:24    -2852.181971        0.060395
LBFGS:  158 22:46:31    -2852.182611        0.039149
LBFGS:  159 22:46:37    -2852.183224        0.063286
LBFGS:  160 22:46:43    -2852.183935        0.038358
LBFGS:  161 22:46:49    -2852.184625        0.058941
LBFGS:  162 22:46:56    -2852.185391        0.038611
LBFGS:  163 22:47:02    -2852.186067        0.059608
LBFGS:  164 22:47:08    -2852.186851        0.046341
LBFGS:  165 22:47:14    -2852.187519        0.081234
LBFGS:  166 22:47:21    -2852.188278        0.056815
LBFGS:  167 22:47:27    -2852.188934        0.109325
LBFGS:  168 22:47:33    -2852.189740        0.046974
LBFGS:  169 22:47:39    -2852.190491        0.111273
LBFGS:  170 22:47:46    -2852.191447        0.051647
LBFGS:  171 22:47:52    -2852.192214        0.079200
LBFGS:  172 22:47:58    -2852.193075        0.034951
LBFGS:  173 22:48:04    -2852.193677        0.113809
LBFGS:  174 22:48:11    -2852.194488        0.038357
LBFGS:  175 22:48:17    -2852.195218        0.045676
LBFGS:  176 22:48:23    -2852.195988        0.034631
LBFGS:  177 22:48:29    -2852.196582        0.059823
LBFGS:  178 22:48:36    -2852.197208        0.024821
LBFGS:  179 22:48:42    -2852.197629        0.108579
LBFGS:  180 22:48:48    -2852.198086        0.030290
LBFGS:  181 22:48:54    -2852.198495        0.028401
LBFGS:  182 22:49:01    -2852.199016        0.034658
LBFGS:  183 22:49:07    -2852.199356        0.040312
LBFGS:  184 22:49:13    -2852.199753        0.036911
LBFGS:  185 22:49:19    -2852.200074        0.028058
LBFGS:  186 22:49:26    -2852.200387        0.016902
