       Step     Time          Energy          fmax
LBFGS:    0 14:21:16    -2798.313432        2.199053
LBFGS:    1 14:21:22    -2798.452829        1.764273
LBFGS:    2 14:21:28    -2798.917396        2.818408
LBFGS:    3 14:21:34    -2799.631781        3.425479
LBFGS:    4 14:21:40    -2799.687107        5.005592
LBFGS:    5 14:21:46    -2800.143687        3.143133
LBFGS:    6 14:21:52    -2800.445415        2.796304
LBFGS:    7 14:21:58    -2801.071455        5.226705
LBFGS:    8 14:22:04    -2801.399790        1.166924
LBFGS:    9 14:22:09    -2801.519648        0.926273
LBFGS:   10 14:22:16    -2801.619049        1.045693
LBFGS:   11 14:22:22    -2801.666160        0.976216
LBFGS:   12 14:22:28    -2801.766435        0.721125
LBFGS:   13 14:22:34    -2801.789295        0.384313
LBFGS:   14 14:22:40    -2801.806755        0.392387
LBFGS:   15 14:22:46    -2801.819585        0.319322
LBFGS:   16 14:22:51    -2801.833337        0.322820
LBFGS:   17 14:22:57    -2801.846926        0.268342
LBFGS:   18 14:23:03    -2801.858496        0.259958
LBFGS:   19 14:23:09    -2801.867176        0.224156
LBFGS:   20 14:23:15    -2801.874500        0.224924
LBFGS:   21 14:23:20    -2801.881237        0.182059
LBFGS:   22 14:23:26    -2801.888287        0.231315
LBFGS:   23 14:23:32    -2801.895139        0.230180
LBFGS:   24 14:23:38    -2801.900871        0.130575
LBFGS:   25 14:23:44    -2801.905681        0.112191
LBFGS:   26 14:23:49    -2801.910028        0.167023
LBFGS:   27 14:23:55    -2801.914392        0.211391
LBFGS:   28 14:24:01    -2801.918896        0.162663
LBFGS:   29 14:24:07    -2801.923068        0.092840
LBFGS:   30 14:24:12    -2801.926725        0.089441
LBFGS:   31 14:24:18    -2801.930122        0.156171
LBFGS:   32 14:24:24    -2801.933429        0.153955
LBFGS:   33 14:24:30    -2801.936787        0.094447
LBFGS:   34 14:24:36    -2801.940187        0.068234
LBFGS:   35 14:24:41    -2801.943630        0.092322
LBFGS:   36 14:24:47    -2801.947046        0.110876
LBFGS:   37 14:24:54    -2801.950213        0.089235
LBFGS:   38 14:25:00    -2801.952847        0.083129
LBFGS:   39 14:25:06    -2801.955131        0.088668
LBFGS:   40 14:25:12    -2801.957325        0.073362
LBFGS:   41 14:25:18    -2801.959775        0.052807
LBFGS:   42 14:25:24    -2801.962017        0.046892
LBFGS:   43 14:25:30    -2801.964128        0.065583
LBFGS:   44 14:25:36    -2801.966202        0.070118
LBFGS:   45 14:25:42    -2801.968393        0.057241
LBFGS:   46 14:25:48    -2801.970745        0.053844
LBFGS:   47 14:25:54    -2801.973180        0.063387
LBFGS:   48 14:26:00    -2801.975508        0.066161
LBFGS:   49 14:26:06    -2801.977679        0.051091
LBFGS:   50 14:26:12    -2801.979778        0.046245
LBFGS:   51 14:26:17    -2801.981959        0.082160
LBFGS:   52 14:26:23    -2801.984305        0.095603
LBFGS:   53 14:26:29    -2801.986818        0.073659
LBFGS:   54 14:26:35    -2801.989271        0.049059
LBFGS:   55 14:26:41    -2801.991512        0.048899
LBFGS:   56 14:26:47    -2801.993446        0.066791
LBFGS:   57 14:26:54    -2801.995410        0.057352
LBFGS:   58 14:27:01    -2801.997545        0.047548
LBFGS:   59 14:27:08    -2801.999799        0.055964
LBFGS:   60 14:27:15    -2802.001859        0.065717
LBFGS:   61 14:27:21    -2802.004041        0.066068
LBFGS:   62 14:27:28    -2802.006276        0.054401
LBFGS:   63 14:27:35    -2802.008856        0.052960
LBFGS:   64 14:27:41    -2802.011710        0.075304
LBFGS:   65 14:27:47    -2802.015114        0.112070
LBFGS:   66 14:27:54    -2802.018843        0.124718
LBFGS:   67 14:28:00    -2802.024299        0.137951
LBFGS:   68 14:28:06    -2802.030724        0.270626
LBFGS:   69 14:28:12    -2802.037347        0.164403
LBFGS:   70 14:28:19    -2802.045942        0.116909
LBFGS:   71 14:28:26    -2802.059850        0.507673
LBFGS:   72 14:28:32    -2802.033387        1.347358
LBFGS:   73 14:28:38    -2802.078029        0.198444
LBFGS:   74 14:28:44    -2802.088263        0.344913
LBFGS:   75 14:28:50    -2802.121196        0.689764
LBFGS:   76 14:28:56    -2802.142110        0.286682
LBFGS:   77 14:29:02    -2802.199028        1.062699
LBFGS:   78 14:29:09    -2802.250571        1.319101
LBFGS:   79 14:29:15    -2802.357092        0.870581
LBFGS:   80 14:29:22    -2802.459311        1.176729
LBFGS:   81 14:29:29    -2802.719425        1.547736
LBFGS:   82 14:29:35    -2802.985802        1.891294
LBFGS:   83 14:29:41    -2803.110710        3.261619
LBFGS:   84 14:29:48    -2803.539315        1.062142
LBFGS:   85 14:29:54    -2803.701413        2.068470
LBFGS:   86 14:30:00    -2804.072717        1.564302
LBFGS:   87 14:30:07    -2804.294465        0.839166
LBFGS:   88 14:30:13    -2804.408704        1.710158
LBFGS:   89 14:30:19    -2804.522799        1.279371
LBFGS:   90 14:30:25    -2804.630796        0.648903
LBFGS:   91 14:30:32    -2804.733686        0.447657
LBFGS:   92 14:30:38    -2804.838664        0.711455
LBFGS:   93 14:30:45    -2804.909038        0.507003
LBFGS:   94 14:30:51    -2804.977338        0.279248
LBFGS:   95 14:30:58    -2805.028347        0.323654
LBFGS:   96 14:31:05    -2805.071829        0.387978
LBFGS:   97 14:31:11    -2805.111938        0.319803
LBFGS:   98 14:31:18    -2805.148724        0.216436
LBFGS:   99 14:31:24    -2805.180929        0.301726
LBFGS:  100 14:31:30    -2805.210269        0.275220
LBFGS:  101 14:31:37    -2805.239158        0.387945
LBFGS:  102 14:31:43    -2805.266977        0.238575
LBFGS:  103 14:31:49    -2805.290633        0.140543
LBFGS:  104 14:31:55    -2805.309973        0.207252
LBFGS:  105 14:32:02    -2805.327929        0.161638
LBFGS:  106 14:32:08    -2805.345364        0.168607
LBFGS:  107 14:32:14    -2805.361582        0.150113
LBFGS:  108 14:32:20    -2805.376925        0.131660
LBFGS:  109 14:32:26    -2805.392031        0.168596
LBFGS:  110 14:32:32    -2805.406692        0.160400
LBFGS:  111 14:32:38    -2805.420385        0.123894
LBFGS:  112 14:32:45    -2805.433211        0.096195
LBFGS:  113 14:32:51    -2805.445929        0.102409
LBFGS:  114 14:32:57    -2805.458515        0.108536
LBFGS:  115 14:33:03    -2805.470428        0.098853
LBFGS:  116 14:33:10    -2805.481440        0.086468
LBFGS:  117 14:33:16    -2805.492194        0.096330
LBFGS:  118 14:33:22    -2805.502948        0.120073
LBFGS:  119 14:33:28    -2805.513454        0.124286
LBFGS:  120 14:33:34    -2805.522975        0.086275
LBFGS:  121 14:33:40    -2805.531766        0.086418
LBFGS:  122 14:33:46    -2805.540021        0.110587
LBFGS:  123 14:33:53    -2805.547938        0.118300
LBFGS:  124 14:34:00    -2805.554870        0.101167
LBFGS:  125 14:34:06    -2805.561201        0.076369
LBFGS:  126 14:34:12    -2805.567142        0.077583
LBFGS:  127 14:34:18    -2805.573252        0.086140
LBFGS:  128 14:34:24    -2805.579431        0.101721
LBFGS:  129 14:34:30    -2805.585601        0.070616
LBFGS:  130 14:34:36    -2805.591608        0.056992
LBFGS:  131 14:34:42    -2805.597268        0.064409
LBFGS:  132 14:34:49    -2805.602333        0.068165
LBFGS:  133 14:34:56    -2805.606661        0.068591
LBFGS:  134 14:35:03    -2805.610330        0.049172
LBFGS:  135 14:35:11    -2805.613685        0.047762
LBFGS:  136 14:35:18    -2805.616807        0.050169
LBFGS:  137 14:35:24    -2805.619766        0.050363
LBFGS:  138 14:35:32    -2805.622521        0.036411
LBFGS:  139 14:35:39    -2805.625098        0.046355
LBFGS:  140 14:35:46    -2805.627555        0.054449
LBFGS:  141 14:35:54    -2805.629977        0.045483
LBFGS:  142 14:36:02    -2805.632328        0.045786
LBFGS:  143 14:36:08    -2805.634629        0.032454
LBFGS:  144 14:36:14    -2805.636827        0.042591
LBFGS:  145 14:36:21    -2805.639008        0.052549
LBFGS:  146 14:36:27    -2805.641188        0.039384
LBFGS:  147 14:36:34    -2805.643425        0.041703
LBFGS:  148 14:36:40    -2805.645710        0.041789
LBFGS:  149 14:36:46    -2805.648118        0.061626
LBFGS:  150 14:36:52    -2805.650573        0.056854
LBFGS:  151 14:36:58    -2805.653062        0.037280
LBFGS:  152 14:37:04    -2805.655514        0.042917
LBFGS:  153 14:37:10    -2805.658089        0.052560
LBFGS:  154 14:37:17    -2805.660756        0.059484
LBFGS:  155 14:37:23    -2805.663548        0.041908
LBFGS:  156 14:37:29    -2805.666166        0.042137
LBFGS:  157 14:37:35    -2805.668697        0.052807
LBFGS:  158 14:37:42    -2805.671062        0.071589
LBFGS:  159 14:37:48    -2805.673633        0.062080
LBFGS:  160 14:37:54    -2805.676259        0.057459
LBFGS:  161 14:38:01    -2805.679176        0.052289
LBFGS:  162 14:38:07    -2805.682233        0.061015
LBFGS:  163 14:38:14    -2805.685902        0.073150
LBFGS:  164 14:38:20    -2805.689919        0.112413
LBFGS:  165 14:38:26    -2805.694880        0.115094
LBFGS:  166 14:38:33    -2805.698430        0.233112
LBFGS:  167 14:38:39    -2805.706293        0.150658
LBFGS:  168 14:38:45    -2805.716514        0.168427
LBFGS:  169 14:38:51    -2805.728077        0.196917
LBFGS:  170 14:38:57    -2805.741071        0.267711
LBFGS:  171 14:39:03    -2805.753066        0.314961
LBFGS:  172 14:39:10    -2805.735208        1.159221
LBFGS:  173 14:39:17    -2805.777243        0.287018
LBFGS:  174 14:39:23    -2805.787248        0.206823
LBFGS:  175 14:39:29    -2805.810817        0.382249
LBFGS:  176 14:39:35    -2805.822318        0.272697
LBFGS:  177 14:39:42    -2805.837527        0.172338
LBFGS:  178 14:39:48    -2805.846053        0.398063
LBFGS:  179 14:39:54    -2805.854993        0.164009
LBFGS:  180 14:40:00    -2805.863230        0.142026
LBFGS:  181 14:40:06    -2805.869095        0.088850
LBFGS:  182 14:40:13    -2805.875409        0.088463
LBFGS:  183 14:40:20    -2805.880261        0.096614
LBFGS:  184 14:40:27    -2805.884497        0.057844
LBFGS:  185 14:40:33    -2805.888505        0.060591
LBFGS:  186 14:40:39    -2805.892263        0.076246
LBFGS:  187 14:40:45    -2805.895664        0.060734
LBFGS:  188 14:40:52    -2805.898835        0.057446
LBFGS:  189 14:40:58    -2805.901893        0.047386
LBFGS:  190 14:41:04    -2805.904858        0.053472
LBFGS:  191 14:41:10    -2805.907627        0.043447
LBFGS:  192 14:41:16    -2805.910071        0.052905
LBFGS:  193 14:41:22    -2805.912295        0.041630
LBFGS:  194 14:41:28    -2805.914477        0.046353
LBFGS:  195 14:41:34    -2805.916753        0.050180
LBFGS:  196 14:41:40    -2805.919033        0.042283
LBFGS:  197 14:41:47    -2805.921262        0.043484
LBFGS:  198 14:41:53    -2805.923432        0.042915
LBFGS:  199 14:41:59    -2805.925636        0.038845
LBFGS:  200 14:42:05    -2805.927985        0.047425
LBFGS:  201 14:42:11    -2805.930438        0.074144
LBFGS:  202 14:42:18    -2805.932947        0.049573
LBFGS:  203 14:42:24    -2805.935283        0.097210
LBFGS:  204 14:42:30    -2805.937807        0.043285
LBFGS:  205 14:42:36    -2805.940449        0.051498
LBFGS:  206 14:42:42    -2805.943287        0.045944
LBFGS:  207 14:42:49    -2805.945772        0.040336
LBFGS:  208 14:42:55    -2805.948495        0.042050
LBFGS:  209 14:43:01    -2805.950944        0.078123
LBFGS:  210 14:43:07    -2805.953418        0.074438
LBFGS:  211 14:43:14    -2805.955609        0.086962
LBFGS:  212 14:43:21    -2805.958165        0.049016
LBFGS:  213 14:43:27    -2805.961065        0.052785
LBFGS:  214 14:43:34    -2805.963795        0.054690
LBFGS:  215 14:43:41    -2805.966642        0.049557
LBFGS:  216 14:43:47    -2805.969484        0.040013
LBFGS:  217 14:43:54    -2805.972225        0.042751
LBFGS:  218 14:44:00    -2805.975029        0.052735
LBFGS:  219 14:44:06    -2805.977526        0.120158
LBFGS:  220 14:44:13    -2805.980256        0.058874
LBFGS:  221 14:44:19    -2805.982877        0.037688
LBFGS:  222 14:44:25    -2805.986254        0.084652
LBFGS:  223 14:44:31    -2805.988454        0.063099
LBFGS:  224 14:44:37    -2805.992061        0.071081
LBFGS:  225 14:44:43    -2805.994735        0.041536
LBFGS:  226 14:44:50    -2805.997046        0.049786
LBFGS:  227 14:44:56    -2805.999295        0.075832
LBFGS:  228 14:45:03    -2806.001580        0.062032
LBFGS:  229 14:45:10    -2806.004222        0.048035
LBFGS:  230 14:45:16    -2806.006888        0.047155
LBFGS:  231 14:45:22    -2806.009159        0.046723
LBFGS:  232 14:45:29    -2806.011539        0.040106
LBFGS:  233 14:45:35    -2806.013795        0.040398
LBFGS:  234 14:45:42    -2806.015816        0.035561
LBFGS:  235 14:45:49    -2806.017731        0.037890
LBFGS:  236 14:45:55    -2806.019498        0.046406
LBFGS:  237 14:46:01    -2806.020946        0.053842
LBFGS:  238 14:46:07    -2806.022347        0.050839
LBFGS:  239 14:46:14    -2806.023778        0.031588
LBFGS:  240 14:46:20    -2806.025689        0.034397
LBFGS:  241 14:46:27    -2806.027179        0.035550
LBFGS:  242 14:46:34    -2806.028993        0.038785
LBFGS:  243 14:46:41    -2806.030586        0.032581
LBFGS:  244 14:46:47    -2806.032248        0.034200
LBFGS:  245 14:46:53    -2806.033911        0.035021
LBFGS:  246 14:46:59    -2806.035554        0.040898
LBFGS:  247 14:47:05    -2806.036900        0.036063
LBFGS:  248 14:47:11    -2806.038056        0.033641
LBFGS:  249 14:47:17    -2806.039173        0.029018
LBFGS:  250 14:47:23    -2806.040342        0.031843
LBFGS:  251 14:47:29    -2806.041519        0.038528
LBFGS:  252 14:47:35    -2806.042680        0.026681
LBFGS:  253 14:47:40    -2806.043741        0.027463
LBFGS:  254 14:47:46    -2806.044742        0.029067
LBFGS:  255 14:47:52    -2806.045838        0.032773
LBFGS:  256 14:47:58    -2806.046918        0.033613
LBFGS:  257 14:48:04    -2806.047984        0.032884
LBFGS:  258 14:48:10    -2806.049049        0.034543
LBFGS:  259 14:48:16    -2806.050147        0.036171
LBFGS:  260 14:48:22    -2806.051265        0.039841
LBFGS:  261 14:48:27    -2806.052398        0.039316
LBFGS:  262 14:48:33    -2806.053498        0.065713
LBFGS:  263 14:48:39    -2806.054550        0.068072
LBFGS:  264 14:48:45    -2806.055526        0.106993
LBFGS:  265 14:48:51    -2806.056701        0.057098
LBFGS:  266 14:48:57    -2806.058220        0.049528
LBFGS:  267 14:49:03    -2806.059351        0.051755
LBFGS:  268 14:49:09    -2806.060758        0.056031
LBFGS:  269 14:49:15    -2806.062062        0.061916
LBFGS:  270 14:49:21    -2806.063560        0.058491
LBFGS:  271 14:49:26    -2806.064940        0.115359
LBFGS:  272 14:49:32    -2806.065306        0.283355
LBFGS:  273 14:49:38    -2806.067375        0.090908
LBFGS:  274 14:49:44    -2806.068624        0.118915
LBFGS:  275 14:49:50    -2806.070751        0.145169
LBFGS:  276 14:49:56    -2806.072252        0.104140
LBFGS:  277 14:50:02    -2806.074180        0.132502
LBFGS:  278 14:50:08    -2806.075761        0.119732
LBFGS:  279 14:50:13    -2806.076783        0.231210
LBFGS:  280 14:50:19    -2806.078609        0.066748
LBFGS:  281 14:50:25    -2806.080516        0.063921
LBFGS:  282 14:50:31    -2806.082271        0.052677
LBFGS:  283 14:50:37    -2806.083898        0.098090
LBFGS:  284 14:50:43    -2806.085518        0.096047
LBFGS:  285 14:50:49    -2806.087512        0.089551
LBFGS:  286 14:50:55    -2806.089070        0.044765
LBFGS:  287 14:51:01    -2806.090448        0.097722
LBFGS:  288 14:51:07    -2806.091611        0.176748
LBFGS:  289 14:51:13    -2806.093155        0.064818
LBFGS:  290 14:51:19    -2806.094666        0.109276
LBFGS:  291 14:51:24    -2806.096100        0.089441
LBFGS:  292 14:51:30    -2806.097214        0.057133
LBFGS:  293 14:51:36    -2806.098831        0.060741
LBFGS:  294 14:51:42    -2806.100001        0.025376
LBFGS:  295 14:51:48    -2806.101093        0.066361
LBFGS:  296 14:51:54    -2806.102195        0.072111
LBFGS:  297 14:52:00    -2806.103243        0.059297
LBFGS:  298 14:52:06    -2806.104352        0.043355
LBFGS:  299 14:52:12    -2806.105201        0.049951
LBFGS:  300 14:52:18    -2806.105972        0.046079
LBFGS:  301 14:52:24    -2806.106739        0.040574
LBFGS:  302 14:52:29    -2806.107476        0.033494
LBFGS:  303 14:52:35    -2806.108190        0.020881
LBFGS:  304 14:52:41    -2806.108841        0.021922
LBFGS:  305 14:52:47    -2806.109409        0.021897
LBFGS:  306 14:52:53    -2806.109919        0.029643
LBFGS:  307 14:52:59    -2806.110380        0.059416
LBFGS:  308 14:53:05    -2806.110811        0.049830
LBFGS:  309 14:53:11    -2806.111227        0.026514
LBFGS:  310 14:53:16    -2806.111672        0.022534
LBFGS:  311 14:53:22    -2806.111970        0.021231
LBFGS:  312 14:53:28    -2806.112377        0.023670
LBFGS:  313 14:53:34    -2806.112704        0.023520
LBFGS:  314 14:53:40    -2806.113034        0.025216
LBFGS:  315 14:53:46    -2806.113366        0.025659
LBFGS:  316 14:53:52    -2806.113721        0.026895
LBFGS:  317 14:53:58    -2806.114074        0.027125
LBFGS:  318 14:54:04    -2806.114419        0.029768
LBFGS:  319 14:54:09    -2806.114777        0.027094
LBFGS:  320 14:54:15    -2806.115152        0.035138
LBFGS:  321 14:54:21    -2806.115556        0.030213
LBFGS:  322 14:54:27    -2806.115962        0.041239
LBFGS:  323 14:54:33    -2806.116406        0.034520
LBFGS:  324 14:54:39    -2806.116876        0.040705
LBFGS:  325 14:54:45    -2806.117441        0.035754
LBFGS:  326 14:54:51    -2806.118020        0.047133
LBFGS:  327 14:54:57    -2806.118718        0.040895
LBFGS:  328 14:55:03    -2806.119258        0.141811
LBFGS:  329 14:55:09    -2806.120121        0.041899
LBFGS:  330 14:55:15    -2806.120941        0.040313
LBFGS:  331 14:55:20    -2806.122339        0.066470
LBFGS:  332 14:55:26    -2806.123123        0.040149
LBFGS:  333 14:55:32    -2806.124309        0.148751
LBFGS:  334 14:55:38    -2806.125527        0.045538
LBFGS:  335 14:55:44    -2806.126583        0.057328
LBFGS:  336 14:55:50    -2806.128030        0.088282
LBFGS:  337 14:55:56    -2806.129077        0.047139
LBFGS:  338 14:56:02    -2806.130224        0.151833
LBFGS:  339 14:56:08    -2806.131108        0.111079
LBFGS:  340 14:56:13    -2806.132051        0.046614
LBFGS:  341 14:56:19    -2806.133394        0.079869
LBFGS:  342 14:56:25    -2806.134057        0.044120
LBFGS:  343 14:56:31    -2806.135118        0.032273
LBFGS:  344 14:56:37    -2806.135849        0.058058
LBFGS:  345 14:56:43    -2806.136641        0.050177
LBFGS:  346 14:56:49    -2806.137394        0.043218
LBFGS:  347 14:56:55    -2806.138200        0.026134
LBFGS:  348 14:57:00    -2806.138995        0.023099
LBFGS:  349 14:57:06    -2806.139779        0.028128
LBFGS:  350 14:57:12    -2806.140542        0.044163
LBFGS:  351 14:57:18    -2806.141258        0.039450
LBFGS:  352 14:57:24    -2806.141974        0.065847
LBFGS:  353 14:57:30    -2806.142658        0.046219
LBFGS:  354 14:57:36    -2806.143342        0.035399
LBFGS:  355 14:57:42    -2806.143911        0.019607
