       Step     Time          Energy          fmax
LBFGS:    0 16:48:49    -2667.420784        1.153188
LBFGS:    1 16:48:55    -2667.490660        0.817299
LBFGS:    2 16:49:01    -2667.571012        0.881696
LBFGS:    3 16:49:07    -2667.657791        0.906011
LBFGS:    4 16:49:13    -2667.738203        0.979523
LBFGS:    5 16:49:19    -2667.809536        1.105234
LBFGS:    6 16:49:25    -2667.933571        1.668992
LBFGS:    7 16:49:31    -2668.126259        3.081353
LBFGS:    8 16:49:37    -2668.292378        4.208369
LBFGS:    9 16:49:43    -2668.408332        5.166207
LBFGS:   10 16:49:49    -2668.459223        5.566169
LBFGS:   11 16:49:55    -2668.567111        5.999198
LBFGS:   12 16:50:01    -2668.804001        6.295206
LBFGS:   13 16:50:07    -2669.071950        5.961234
LBFGS:   14 16:50:13    -2669.374827        5.233349
LBFGS:   15 16:50:19    -2669.781767        4.757009
LBFGS:   16 16:50:25    -2670.057142        3.738084
LBFGS:   17 16:50:31    -2670.353337        3.747343
LBFGS:   18 16:50:37    -2670.563082        1.830518
LBFGS:   19 16:50:43    -2670.747101        1.822342
LBFGS:   20 16:50:49    -2670.970602        1.644889
LBFGS:   21 16:50:55    -2671.046177        1.282367
LBFGS:   22 16:51:01    -2671.170350        0.835016
LBFGS:   23 16:51:07    -2671.238496        0.653480
LBFGS:   24 16:51:13    -2671.314525        0.537598
LBFGS:   25 16:51:19    -2671.371800        0.485353
LBFGS:   26 16:51:25    -2671.422775        0.449902
LBFGS:   27 16:51:31    -2671.463086        0.452843
LBFGS:   28 16:51:37    -2671.498284        0.453541
LBFGS:   29 16:51:42    -2671.530584        0.408872
LBFGS:   30 16:51:48    -2671.562248        0.385635
LBFGS:   31 16:51:54    -2671.591343        0.311721
LBFGS:   32 16:52:00    -2671.615539        0.239489
LBFGS:   33 16:52:06    -2671.635493        0.254253
LBFGS:   34 16:52:12    -2671.652858        0.266003
LBFGS:   35 16:52:18    -2671.667274        0.277188
LBFGS:   36 16:52:24    -2671.678199        0.225671
LBFGS:   37 16:52:30    -2671.686413        0.149555
LBFGS:   38 16:52:36    -2671.692854        0.215340
LBFGS:   39 16:52:42    -2671.698124        0.184281
LBFGS:   40 16:52:48    -2671.702671        0.154348
LBFGS:   41 16:52:54    -2671.707089        0.094244
LBFGS:   42 16:53:00    -2671.711694        0.127627
LBFGS:   43 16:53:06    -2671.715378        0.130478
LBFGS:   44 16:53:12    -2671.719055        0.096958
LBFGS:   45 16:53:18    -2671.722176        0.082678
LBFGS:   46 16:53:24    -2671.725264        0.081337
LBFGS:   47 16:53:30    -2671.728340        0.109377
LBFGS:   48 16:53:36    -2671.731305        0.110667
LBFGS:   49 16:53:42    -2671.733980        0.078507
LBFGS:   50 16:53:48    -2671.736528        0.077136
LBFGS:   51 16:53:54    -2671.739142        0.084684
LBFGS:   52 16:54:00    -2671.741718        0.074488
LBFGS:   53 16:54:06    -2671.744092        0.068006
LBFGS:   54 16:54:12    -2671.746137        0.057409
LBFGS:   55 16:54:18    -2671.747987        0.059924
LBFGS:   56 16:54:24    -2671.749615        0.061963
LBFGS:   57 16:54:30    -2671.751143        0.056252
LBFGS:   58 16:54:36    -2671.752556        0.051098
LBFGS:   59 16:54:42    -2671.754067        0.055197
LBFGS:   60 16:54:48    -2671.755536        0.056928
LBFGS:   61 16:54:54    -2671.757087        0.067687
LBFGS:   62 16:55:00    -2671.758642        0.072118
LBFGS:   63 16:55:06    -2671.760343        0.062721
LBFGS:   64 16:55:12    -2671.762152        0.056032
LBFGS:   65 16:55:18    -2671.764081        0.053513
LBFGS:   66 16:55:24    -2671.766008        0.069480
LBFGS:   67 16:55:30    -2671.768030        0.101460
LBFGS:   68 16:55:36    -2671.770034        0.127394
LBFGS:   69 16:55:42    -2671.772375        0.073604
LBFGS:   70 16:55:48    -2671.774946        0.059949
LBFGS:   71 16:55:54    -2671.777844        0.070963
LBFGS:   72 16:56:00    -2671.780109        0.077163
LBFGS:   73 16:56:06    -2671.783198        0.062633
LBFGS:   74 16:56:12    -2671.786075        0.070897
LBFGS:   75 16:56:18    -2671.789030        0.073852
LBFGS:   76 16:56:24    -2671.791616        0.128350
LBFGS:   77 16:56:29    -2671.793778        0.195460
LBFGS:   78 16:56:35    -2671.796477        0.142386
LBFGS:   79 16:56:41    -2671.799299        0.163096
LBFGS:   80 16:56:47    -2671.803148        0.137085
LBFGS:   81 16:56:53    -2671.806062        0.168104
LBFGS:   82 16:56:59    -2671.811285        0.200068
LBFGS:   83 16:57:05    -2671.816769        0.230769
LBFGS:   84 16:57:11    -2671.824348        0.322266
LBFGS:   85 16:57:17    -2671.830374        0.349841
LBFGS:   86 16:57:22    -2671.831912        0.785846
LBFGS:   87 16:57:28    -2671.847990        0.330606
LBFGS:   88 16:57:34    -2671.865782        0.260214
LBFGS:   89 16:57:40    -2671.905835        0.413978
LBFGS:   90 16:57:46    -2671.929104        0.769429
LBFGS:   91 16:57:51    -2671.957895        0.473668
LBFGS:   92 16:57:57    -2671.976566        0.470043
LBFGS:   93 16:58:03    -2672.003375        0.467037
LBFGS:   94 16:58:09    -2672.031506        0.332602
LBFGS:   95 16:58:15    -2672.050390        0.211209
LBFGS:   96 16:58:21    -2672.061870        0.182942
LBFGS:   97 16:58:26    -2672.077618        0.150802
LBFGS:   98 16:58:32    -2672.088031        0.160651
LBFGS:   99 16:58:38    -2672.098611        0.183793
LBFGS:  100 16:58:44    -2672.107139        0.159722
LBFGS:  101 16:58:50    -2672.120616        0.131688
LBFGS:  102 16:58:56    -2672.126472        0.079786
LBFGS:  103 16:59:03    -2672.132650        0.071757
LBFGS:  104 16:59:11    -2672.137658        0.115522
LBFGS:  105 16:59:19    -2672.142462        0.098076
LBFGS:  106 16:59:26    -2672.145838        0.076233
LBFGS:  107 16:59:34    -2672.148853        0.076634
LBFGS:  108 16:59:41    -2672.152186        0.095236
LBFGS:  109 16:59:49    -2672.156051        0.089875
LBFGS:  110 16:59:57    -2672.161020        0.183458
LBFGS:  111 17:00:04    -2672.157815        0.587399
LBFGS:  112 17:00:12    -2672.168390        0.207067
LBFGS:  113 17:00:20    -2672.171989        0.153076
LBFGS:  114 17:00:27    -2672.184388        0.112086
LBFGS:  115 17:00:35    -2672.193816        0.261753
LBFGS:  116 17:00:42    -2672.156643        1.947010
LBFGS:  117 17:00:50    -2672.193118        0.398236
LBFGS:  118 17:00:57    -2672.184606        0.654890
LBFGS:  119 17:01:06    -2672.225396        0.592066
LBFGS:  120 17:01:13    -2672.130161        2.604860
LBFGS:  121 17:01:21    -2672.241391        0.560667
LBFGS:  122 17:01:30    -2672.253041        0.550632
LBFGS:  123 17:01:40    -2672.292242        1.428570
LBFGS:  124 17:01:47    -2672.323174        0.592048
LBFGS:  125 17:01:53    -2672.344543        0.472670
LBFGS:  126 17:01:59    -2672.346475        0.940856
LBFGS:  127 17:02:05    -2672.379319        0.325297
LBFGS:  128 17:02:11    -2672.389941        0.341019
LBFGS:  129 17:02:17    -2672.428961        0.426318
LBFGS:  130 17:02:23    -2672.451438        0.380985
LBFGS:  131 17:02:28    -2672.468097        0.360944
LBFGS:  132 17:02:34    -2672.506116        0.512075
LBFGS:  133 17:02:40    -2672.527997        0.747038
LBFGS:  134 17:02:46    -2672.556537        0.426763
LBFGS:  135 17:02:52    -2672.572593        0.343637
LBFGS:  136 17:02:57    -2672.601564        0.757916
LBFGS:  137 17:03:03    -2672.614504        0.384542
LBFGS:  138 17:03:09    -2672.630390        0.221293
LBFGS:  139 17:03:15    -2672.639982        0.230150
LBFGS:  140 17:03:21    -2672.650410        0.181543
LBFGS:  141 17:03:27    -2672.659110        0.149919
LBFGS:  142 17:03:34    -2672.666033        0.147402
LBFGS:  143 17:03:40    -2672.672899        0.143183
LBFGS:  144 17:03:47    -2672.678753        0.164446
LBFGS:  145 17:03:53    -2672.683852        0.138110
LBFGS:  146 17:03:59    -2672.688812        0.112432
LBFGS:  147 17:04:05    -2672.693702        0.084144
LBFGS:  148 17:04:11    -2672.698495        0.077261
LBFGS:  149 17:04:17    -2672.702437        0.094197
LBFGS:  150 17:04:23    -2672.706339        0.111363
LBFGS:  151 17:04:28    -2672.711229        0.132383
LBFGS:  152 17:04:34    -2672.715606        0.141176
LBFGS:  153 17:04:40    -2672.720594        0.134189
LBFGS:  154 17:04:46    -2672.725061        0.117674
LBFGS:  155 17:04:52    -2672.729218        0.112128
LBFGS:  156 17:04:58    -2672.732374        0.111036
LBFGS:  157 17:05:04    -2672.735374        0.098597
LBFGS:  158 17:05:10    -2672.738253        0.112084
LBFGS:  159 17:05:16    -2672.740655        0.071894
LBFGS:  160 17:05:21    -2672.742597        0.064882
LBFGS:  161 17:05:27    -2672.744518        0.096785
LBFGS:  162 17:05:34    -2672.746214        0.062191
LBFGS:  163 17:05:40    -2672.747808        0.101370
LBFGS:  164 17:05:46    -2672.749227        0.059551
LBFGS:  165 17:05:52    -2672.750487        0.074618
LBFGS:  166 17:05:58    -2672.751566        0.055455
LBFGS:  167 17:06:05    -2672.752515        0.059454
LBFGS:  168 17:06:11    -2672.753455        0.052304
LBFGS:  169 17:06:18    -2672.754364        0.055202
LBFGS:  170 17:06:25    -2672.755255        0.050361
LBFGS:  171 17:06:32    -2672.756117        0.055771
LBFGS:  172 17:06:38    -2672.756996        0.047753
LBFGS:  173 17:06:45    -2672.757859        0.071819
LBFGS:  174 17:06:51    -2672.758736        0.055818
LBFGS:  175 17:06:57    -2672.759600        0.065742
LBFGS:  176 17:07:04    -2672.760548        0.048999
LBFGS:  177 17:07:11    -2672.761528        0.059924
LBFGS:  178 17:07:17    -2672.762527        0.064411
LBFGS:  179 17:07:24    -2672.763406        0.055989
LBFGS:  180 17:07:30    -2672.764214        0.045322
LBFGS:  181 17:07:36    -2672.764898        0.061569
LBFGS:  182 17:07:42    -2672.765608        0.033206
LBFGS:  183 17:07:48    -2672.766221        0.039453
LBFGS:  184 17:07:54    -2672.766756        0.034391
LBFGS:  185 17:08:00    -2672.767208        0.040407
LBFGS:  186 17:08:06    -2672.767681        0.034296
LBFGS:  187 17:08:12    -2672.768103        0.034689
LBFGS:  188 17:08:17    -2672.768493        0.024475
LBFGS:  189 17:08:23    -2672.768849        0.025859
LBFGS:  190 17:08:29    -2672.769207        0.025337
LBFGS:  191 17:08:36    -2672.769553        0.032148
LBFGS:  192 17:08:42    -2672.769903        0.032214
LBFGS:  193 17:08:48    -2672.770253        0.020477
LBFGS:  194 17:08:54    -2672.770635        0.020237
LBFGS:  195 17:08:59    -2672.770949        0.025507
LBFGS:  196 17:09:05    -2672.771268        0.021902
LBFGS:  197 17:09:11    -2672.771565        0.023171
LBFGS:  198 17:09:17    -2672.771860        0.023660
LBFGS:  199 17:09:23    -2672.772128        0.015806
