       Step     Time          Energy          fmax
LBFGS:    0 20:29:54      -14.159366        0.226166
LBFGS:    1 20:29:55      -14.160194        0.065141
LBFGS:    2 20:29:58      -14.160244        0.022162
LBFGS:    3 20:29:58      -14.160273        0.019355
       Step     Time          Energy          fmax
LBFGS:    0 18:31:01      -14.159366        0.226166
LBFGS:    1 18:31:02      -14.160194        0.065141
LBFGS:    2 18:31:04      -14.160244        0.022162
LBFGS:    3 18:31:04      -14.160273        0.019355
       Step     Time          Energy          fmax
LBFGS:    0 18:39:38      -14.159366        0.226166
LBFGS:    1 18:39:39      -14.160194        0.065141
LBFGS:    2 18:39:41      -14.160244        0.022162
LBFGS:    3 18:39:41      -14.160273        0.019355
       Step     Time          Energy          fmax
LBFGS:    0 20:16:45      -14.159366        0.226166
LBFGS:    1 20:16:45      -14.160194        0.065141
LBFGS:    2 20:16:48      -14.160244        0.022162
LBFGS:    3 20:16:48      -14.160273        0.019355
       Step     Time          Energy          fmax
LBFGS:    0 20:19:50      -14.159366        0.226166
LBFGS:    1 20:19:50      -14.160194        0.065141
LBFGS:    2 20:19:53      -14.160244        0.022162
LBFGS:    3 20:19:53      -14.160273        0.019355
       Step     Time          Energy          fmax
LBFGS:    0 20:21:46      -14.159366        0.226166
LBFGS:    1 20:21:47      -14.160194        0.065141
LBFGS:    2 20:21:49      -14.160244        0.022162
LBFGS:    3 20:21:49      -14.160273        0.019355
       Step     Time          Energy          fmax
LBFGS:    0 20:31:20      -14.159366        0.226166
LBFGS:    1 20:31:21      -14.160194        0.065141
LBFGS:    2 20:31:24      -14.160244        0.022162
LBFGS:    3 20:31:24      -14.160273        0.019355
       Step     Time          Energy          fmax
LBFGS:    0 20:48:58      -14.159366        0.226166
LBFGS:    1 20:48:59      -14.160194        0.065141
LBFGS:    2 20:49:01      -14.160244        0.022162
LBFGS:    3 20:49:01      -14.160273        0.019355
       Step     Time          Energy          fmax
LBFGS:    0 14:18:15      -14.159366        0.226166
LBFGS:    1 14:18:16      -14.160194        0.065141
LBFGS:    2 14:18:18      -14.160244        0.022162
LBFGS:    3 14:18:18      -14.160273        0.019355
