       Step     Time          Energy          fmax
LBFGS:    0 14:44:41    -2814.487559        3.290873
LBFGS:    1 14:44:46    -2814.874005        2.372720
LBFGS:    2 14:44:51    -2815.266665        2.521088
LBFGS:    3 14:44:56    -2815.644975        2.676925
LBFGS:    4 14:45:02    -2815.991354        2.740151
LBFGS:    5 14:45:07    -2816.311313        2.675937
LBFGS:    6 14:45:12    -2816.609667        2.570164
LBFGS:    7 14:45:17    -2816.872813        2.119388
LBFGS:    8 14:45:23    -2817.078534        1.678554
LBFGS:    9 14:45:29    -2817.246405        1.428903
LBFGS:   10 14:45:35    -2817.404025        1.747695
LBFGS:   11 14:45:40    -2817.553946        1.811879
LBFGS:   12 14:45:45    -2817.692745        1.714619
LBFGS:   13 14:45:51    -2817.820506        1.438480
LBFGS:   14 14:45:55    -2817.935443        1.050592
LBFGS:   15 14:46:00    -2818.038078        0.854816
LBFGS:   16 14:46:05    -2818.132089        1.056118
LBFGS:   17 14:46:10    -2818.229827        1.172740
LBFGS:   18 14:46:14    -2818.327095        1.076015
LBFGS:   19 14:46:19    -2818.408724        0.712744
LBFGS:   20 14:46:25    -2818.459608        0.761922
LBFGS:   21 14:46:29    -2818.552634        1.049171
LBFGS:   22 14:46:34    -2818.642950        1.306268
LBFGS:   23 14:46:39    -2818.735362        1.432497
LBFGS:   24 14:46:43    -2818.835698        1.540075
LBFGS:   25 14:46:47    -2818.934830        1.650642
LBFGS:   26 14:46:52    -2819.036912        1.712182
LBFGS:   27 14:46:57    -2819.136421        1.734465
LBFGS:   28 14:47:01    -2819.239355        1.685281
LBFGS:   29 14:47:05    -2819.333411        1.653244
LBFGS:   30 14:47:10    -2819.437381        1.738219
LBFGS:   31 14:47:14    -2819.545334        1.858659
LBFGS:   32 14:47:18    -2819.663970        1.920731
LBFGS:   33 14:47:23    -2819.797722        1.911426
LBFGS:   34 14:47:28    -2819.943751        1.834865
LBFGS:   35 14:47:33    -2820.096493        1.701902
LBFGS:   36 14:47:38    -2820.250301        1.523361
LBFGS:   37 14:47:42    -2820.400193        1.308675
LBFGS:   38 14:47:48    -2820.541888        1.069239
LBFGS:   39 14:47:54    -2820.671467        0.818042
LBFGS:   40 14:47:58    -2820.786259        0.670200
LBFGS:   41 14:48:03    -2820.883796        0.656007
LBFGS:   42 14:48:08    -2820.964624        0.579428
LBFGS:   43 14:48:14    -2821.029030        0.509011
LBFGS:   44 14:48:20    -2821.076388        0.455626
LBFGS:   45 14:48:28    -2821.132544        1.266388
LBFGS:   46 14:48:34    -2821.192165        0.490914
LBFGS:   47 14:48:40    -2821.232868        0.381311
LBFGS:   48 14:48:47    -2821.291194        0.276228
LBFGS:   49 14:48:53    -2821.322886        0.419829
LBFGS:   50 14:49:00    -2821.357851        0.451674
LBFGS:   51 14:49:06    -2821.390528        0.353559
LBFGS:   52 14:49:12    -2821.417347        0.264245
LBFGS:   53 14:49:18    -2821.438136        0.208763
LBFGS:   54 14:49:24    -2821.459346        0.248956
LBFGS:   55 14:49:29    -2821.479874        0.270068
LBFGS:   56 14:49:33    -2821.497725        0.273406
LBFGS:   57 14:49:38    -2821.516998        0.267333
LBFGS:   58 14:49:42    -2821.536814        0.256657
LBFGS:   59 14:49:47    -2821.553782        0.287122
LBFGS:   60 14:49:57    -2821.569332        0.303461
LBFGS:   61 14:50:04    -2821.583782        0.281240
LBFGS:   62 14:50:09    -2821.597948        0.217708
LBFGS:   63 14:50:14    -2821.611669        0.178084
LBFGS:   64 14:50:19    -2821.623740        0.201097
LBFGS:   65 14:50:24    -2821.631447        0.441680
LBFGS:   66 14:50:29    -2821.641997        0.276154
LBFGS:   67 14:50:35    -2821.649122        0.239605
LBFGS:   68 14:50:41    -2821.660482        0.112955
LBFGS:   69 14:50:47    -2821.665889        0.116282
LBFGS:   70 14:50:53    -2821.673551        0.171743
LBFGS:   71 14:50:59    -2821.679116        0.144069
LBFGS:   72 14:51:04    -2821.685589        0.110743
LBFGS:   73 14:51:09    -2821.690796        0.108282
LBFGS:   74 14:51:14    -2821.695840        0.156800
LBFGS:   75 14:51:21    -2821.700947        0.159096
LBFGS:   76 14:51:27    -2821.706418        0.158486
LBFGS:   77 14:51:33    -2821.711411        0.101011
LBFGS:   78 14:51:38    -2821.715616        0.080466
LBFGS:   79 14:51:43    -2821.719398        0.107563
LBFGS:   80 14:51:48    -2821.723273        0.134021
LBFGS:   81 14:51:53    -2821.727239        0.108606
LBFGS:   82 14:51:58    -2821.730838        0.062292
LBFGS:   83 14:52:04    -2821.733937        0.071463
LBFGS:   84 14:52:09    -2821.736849        0.083370
LBFGS:   85 14:52:14    -2821.739765        0.076383
LBFGS:   86 14:52:19    -2821.742592        0.070702
LBFGS:   87 14:52:24    -2821.745302        0.058673
LBFGS:   88 14:52:30    -2821.748018        0.081509
LBFGS:   89 14:52:35    -2821.750776        0.085844
LBFGS:   90 14:52:40    -2821.753412        0.076352
LBFGS:   91 14:52:45    -2821.755809        0.068253
LBFGS:   92 14:52:51    -2821.758043        0.068441
LBFGS:   93 14:52:57    -2821.760218        0.070555
LBFGS:   94 14:53:02    -2821.762259        0.057266
LBFGS:   95 14:53:07    -2821.764074        0.057556
LBFGS:   96 14:53:12    -2821.765710        0.073157
LBFGS:   97 14:53:16    -2821.767290        0.074877
LBFGS:   98 14:53:21    -2821.768806        0.049774
LBFGS:   99 14:53:26    -2821.770215        0.051666
LBFGS:  100 14:53:31    -2821.771562        0.051079
LBFGS:  101 14:53:36    -2821.772981        0.052280
LBFGS:  102 14:53:41    -2821.774479        0.044361
LBFGS:  103 14:53:46    -2821.775962        0.051376
LBFGS:  104 14:53:51    -2821.777315        0.055881
LBFGS:  105 14:53:56    -2821.778641        0.073575
LBFGS:  106 14:54:01    -2821.780017        0.064471
LBFGS:  107 14:54:06    -2821.781433        0.038930
LBFGS:  108 14:54:11    -2821.782739        0.038266
LBFGS:  109 14:54:16    -2821.783936        0.054432
LBFGS:  110 14:54:21    -2821.785078        0.050040
LBFGS:  111 14:54:26    -2821.786226        0.037386
LBFGS:  112 14:54:31    -2821.787351        0.034366
LBFGS:  113 14:54:36    -2821.788475        0.053247
LBFGS:  114 14:54:41    -2821.789602        0.058543
LBFGS:  115 14:54:46    -2821.790725        0.041461
LBFGS:  116 14:54:51    -2821.791751        0.045248
LBFGS:  117 14:54:55    -2821.792654        0.035440
LBFGS:  118 14:55:00    -2821.793492        0.044545
LBFGS:  119 14:55:05    -2821.794369        0.056228
LBFGS:  120 14:55:10    -2821.795284        0.032126
LBFGS:  121 14:55:15    -2821.796191        0.042705
LBFGS:  122 14:55:20    -2821.797006        0.046551
LBFGS:  123 14:55:25    -2821.797782        0.040108
LBFGS:  124 14:55:30    -2821.798549        0.052032
LBFGS:  125 14:55:35    -2821.799299        0.038853
LBFGS:  126 14:55:40    -2821.799978        0.031959
LBFGS:  127 14:55:45    -2821.800599        0.030620
LBFGS:  128 14:55:50    -2821.801197        0.040295
LBFGS:  129 14:55:55    -2821.801801        0.042426
LBFGS:  130 14:56:00    -2821.802404        0.026190
LBFGS:  131 14:56:05    -2821.802982        0.024920
LBFGS:  132 14:56:10    -2821.803521        0.026319
LBFGS:  133 14:56:15    -2821.804044        0.033597
LBFGS:  134 14:56:20    -2821.804568        0.033071
LBFGS:  135 14:56:25    -2821.805080        0.019373
