       Step     Time          Energy          fmax
LBFGS:    0 14:30:35    -2829.522997        4.338426
LBFGS:    1 14:30:40    -2829.861456        3.395531
LBFGS:    2 14:30:44    -2830.154167        2.607835
LBFGS:    3 14:30:49    -2830.434431        2.081667
LBFGS:    4 14:30:53    -2830.710317        2.178027
LBFGS:    5 14:30:58    -2830.986238        2.225215
LBFGS:    6 14:31:02    -2831.265109        2.239248
LBFGS:    7 14:31:06    -2831.544517        2.227304
LBFGS:    8 14:31:10    -2831.818520        2.194278
LBFGS:    9 14:31:16    -2832.086535        2.148985
LBFGS:   10 14:31:21    -2832.343507        2.094125
LBFGS:   11 14:31:27    -2832.590900        2.023887
LBFGS:   12 14:31:31    -2832.823389        1.944210
LBFGS:   13 14:31:36    -2833.042274        1.939613
LBFGS:   14 14:31:40    -2833.253548        1.988581
LBFGS:   15 14:31:44    -2833.449605        2.095351
LBFGS:   16 14:31:48    -2833.636531        2.214379
LBFGS:   17 14:31:53    -2833.820154        2.353292
LBFGS:   18 14:32:00    -2834.004056        2.511172
LBFGS:   19 14:32:07    -2834.189811        2.661323
LBFGS:   20 14:32:14    -2834.377552        2.782569
LBFGS:   21 14:32:20    -2834.566583        2.855394
LBFGS:   22 14:32:26    -2834.755214        2.820334
LBFGS:   23 14:32:31    -2834.940865        2.681567
LBFGS:   24 14:32:37    -2835.119797        2.450426
LBFGS:   25 14:32:43    -2835.287924        2.130639
LBFGS:   26 14:32:49    -2835.441944        1.745298
LBFGS:   27 14:32:55    -2835.579943        1.341309
LBFGS:   28 14:33:01    -2835.702012        0.966692
LBFGS:   29 14:33:07    -2835.809271        0.774706
LBFGS:   30 14:33:13    -2835.903528        0.663210
LBFGS:   31 14:33:18    -2835.986838        0.574928
LBFGS:   32 14:33:24    -2836.061312        0.511818
LBFGS:   33 14:33:28    -2836.128979        0.516690
LBFGS:   34 14:33:33    -2836.191967        0.592650
LBFGS:   35 14:33:38    -2836.252808        0.698632
LBFGS:   36 14:33:43    -2836.314512        0.818376
LBFGS:   37 14:33:49    -2836.379990        0.890453
LBFGS:   38 14:33:55    -2836.445203        0.879732
LBFGS:   39 14:34:01    -2836.509515        0.753242
LBFGS:   40 14:34:06    -2836.568916        0.474561
LBFGS:   41 14:34:12    -2836.615126        0.405419
LBFGS:   42 14:34:18    -2836.644768        0.486822
LBFGS:   43 14:34:24    -2836.679271        0.520843
LBFGS:   44 14:34:30    -2836.711321        0.569393
LBFGS:   45 14:34:36    -2836.743280        0.441502
LBFGS:   46 14:34:41    -2836.765917        0.266373
LBFGS:   47 14:34:47    -2836.783415        0.185366
LBFGS:   48 14:34:53    -2836.796873        0.181231
LBFGS:   49 14:34:59    -2836.806337        0.279001
LBFGS:   50 14:35:05    -2836.819577        0.325528
LBFGS:   51 14:35:11    -2836.833381        0.269844
LBFGS:   52 14:35:17    -2836.845901        0.247223
LBFGS:   53 14:35:22    -2836.856266        0.197092
LBFGS:   54 14:35:27    -2836.865675        0.185462
LBFGS:   55 14:35:31    -2836.874346        0.188493
LBFGS:   56 14:35:36    -2836.882233        0.193339
LBFGS:   57 14:35:41    -2836.888903        0.153512
LBFGS:   58 14:35:45    -2836.896179        0.193266
LBFGS:   59 14:35:50    -2836.903010        0.183847
LBFGS:   60 14:35:55    -2836.908899        0.137358
LBFGS:   61 14:35:59    -2836.914133        0.165922
LBFGS:   62 14:36:04    -2836.919418        0.160015
LBFGS:   63 14:36:08    -2836.924669        0.118330
LBFGS:   64 14:36:12    -2836.929358        0.084348
LBFGS:   65 14:36:17    -2836.933120        0.077032
LBFGS:   66 14:36:21    -2836.936533        0.090197
LBFGS:   67 14:36:25    -2836.940106        0.116498
LBFGS:   68 14:36:30    -2836.943714        0.088377
LBFGS:   69 14:36:34    -2836.947067        0.068575
LBFGS:   70 14:36:39    -2836.950121        0.063032
LBFGS:   71 14:36:43    -2836.952982        0.090314
LBFGS:   72 14:36:48    -2836.955703        0.080319
LBFGS:   73 14:36:53    -2836.958217        0.059706
LBFGS:   74 14:36:58    -2836.960545        0.061232
LBFGS:   75 14:37:03    -2836.962724        0.071830
LBFGS:   76 14:37:07    -2836.964714        0.075360
LBFGS:   77 14:37:12    -2836.966431        0.045475
LBFGS:   78 14:37:16    -2836.967941        0.038758
LBFGS:   79 14:37:21    -2836.969345        0.046841
LBFGS:   80 14:37:25    -2836.970655        0.048125
LBFGS:   81 14:37:29    -2836.971765        0.038149
LBFGS:   82 14:37:34    -2836.972693        0.029568
LBFGS:   83 14:37:38    -2836.973611        0.048831
LBFGS:   84 14:37:42    -2836.974674        0.059859
LBFGS:   85 14:37:48    -2836.975847        0.043858
LBFGS:   86 14:37:53    -2836.976963        0.028638
LBFGS:   87 14:37:58    -2836.977938        0.035804
LBFGS:   88 14:38:03    -2836.978859        0.052357
LBFGS:   89 14:38:07    -2836.979840        0.047340
LBFGS:   90 14:38:12    -2836.980894        0.031358
LBFGS:   91 14:38:16    -2836.981968        0.028607
LBFGS:   92 14:38:20    -2836.983046        0.045366
LBFGS:   93 14:38:25    -2836.984145        0.042895
LBFGS:   94 14:38:29    -2836.985293        0.033014
LBFGS:   95 14:38:33    -2836.986507        0.026922
LBFGS:   96 14:38:38    -2836.987789        0.051491
LBFGS:   97 14:38:42    -2836.989109        0.060055
LBFGS:   98 14:38:46    -2836.990402        0.042428
LBFGS:   99 14:38:50    -2836.991623        0.030247
LBFGS:  100 14:38:55    -2836.992835        0.037788
LBFGS:  101 14:38:59    -2836.994127        0.050756
LBFGS:  102 14:39:03    -2836.995507        0.044476
LBFGS:  103 14:39:08    -2836.996858        0.038888
LBFGS:  104 14:39:13    -2836.998108        0.039522
LBFGS:  105 14:39:17    -2836.999307        0.058688
LBFGS:  106 14:39:22    -2837.000657        0.050103
LBFGS:  107 14:39:27    -2837.002208        0.035554
LBFGS:  108 14:39:32    -2837.003806        0.033404
LBFGS:  109 14:39:36    -2837.005413        0.055439
LBFGS:  110 14:39:40    -2837.007060        0.054334
LBFGS:  111 14:39:45    -2837.008723        0.041087
LBFGS:  112 14:39:49    -2837.010478        0.042927
LBFGS:  113 14:39:54    -2837.012144        0.062023
LBFGS:  114 14:39:59    -2837.013833        0.064110
LBFGS:  115 14:40:03    -2837.015527        0.050279
LBFGS:  116 14:40:08    -2837.017694        0.048333
LBFGS:  117 14:40:13    -2837.019909        0.068052
LBFGS:  118 14:40:17    -2837.022500        0.066039
LBFGS:  119 14:40:22    -2837.025154        0.084186
LBFGS:  120 14:40:27    -2837.028077        0.055017
LBFGS:  121 14:40:31    -2837.030058        0.149154
LBFGS:  122 14:40:35    -2837.033565        0.105003
LBFGS:  123 14:40:40    -2837.036413        0.074061
LBFGS:  124 14:40:44    -2837.041266        0.063378
LBFGS:  125 14:40:48    -2837.043616        0.092325
LBFGS:  126 14:40:53    -2837.048461        0.106965
LBFGS:  127 14:40:57    -2837.051208        0.261597
LBFGS:  128 14:41:02    -2837.054412        0.124471
LBFGS:  129 14:41:06    -2837.057859        0.075258
LBFGS:  130 14:41:10    -2837.062262        0.185229
LBFGS:  131 14:41:15    -2837.065558        0.123838
LBFGS:  132 14:41:19    -2837.070194        0.152416
LBFGS:  133 14:41:23    -2837.074809        0.070533
LBFGS:  134 14:41:28    -2837.077528        0.164374
LBFGS:  135 14:41:32    -2837.081990        0.065910
LBFGS:  136 14:41:36    -2837.085640        0.070694
LBFGS:  137 14:41:41    -2837.090045        0.085584
LBFGS:  138 14:41:45    -2837.092942        0.076422
LBFGS:  139 14:41:50    -2837.096732        0.071907
LBFGS:  140 14:41:56    -2837.099998        0.048389
LBFGS:  141 14:42:01    -2837.103119        0.081403
LBFGS:  142 14:42:06    -2837.105286        0.216238
LBFGS:  143 14:42:11    -2837.107866        0.066840
LBFGS:  144 14:42:16    -2837.110260        0.106630
LBFGS:  145 14:42:21    -2837.113217        0.071230
LBFGS:  146 14:42:26    -2837.115194        0.054307
LBFGS:  147 14:42:30    -2837.117861        0.031659
LBFGS:  148 14:42:36    -2837.119568        0.045362
LBFGS:  149 14:42:41    -2837.121610        0.062831
LBFGS:  150 14:42:46    -2837.123383        0.045386
LBFGS:  151 14:42:51    -2837.124991        0.031719
LBFGS:  152 14:42:56    -2837.126350        0.036917
LBFGS:  153 14:43:01    -2837.127653        0.046397
LBFGS:  154 14:43:06    -2837.128924        0.032318
LBFGS:  155 14:43:12    -2837.130059        0.065167
LBFGS:  156 14:43:17    -2837.131029        0.088153
LBFGS:  157 14:43:22    -2837.131997        0.039471
LBFGS:  158 14:43:26    -2837.133241        0.036319
LBFGS:  159 14:43:32    -2837.134119        0.037623
LBFGS:  160 14:43:37    -2837.135266        0.037434
LBFGS:  161 14:43:42    -2837.136158        0.036082
LBFGS:  162 14:43:48    -2837.136994        0.023250
LBFGS:  163 14:43:53    -2837.137794        0.026087
LBFGS:  164 14:43:58    -2837.138618        0.029610
LBFGS:  165 14:44:04    -2837.139390        0.027391
LBFGS:  166 14:44:09    -2837.140071        0.026276
LBFGS:  167 14:44:15    -2837.140715        0.024381
LBFGS:  168 14:44:20    -2837.141357        0.026268
LBFGS:  169 14:44:26    -2837.141992        0.021888
LBFGS:  170 14:44:31    -2837.142568        0.021386
LBFGS:  171 14:44:35    -2837.143100        0.019886
