       Step     Time          Energy          fmax
LBFGS:    0 13:17:33    -2856.661471        1.956786
LBFGS:    1 13:17:39    -2857.282760        1.048887
LBFGS:    2 13:17:43    -2857.653311        0.578446
LBFGS:    3 13:17:50    -2858.247078        0.566523
LBFGS:    4 13:17:54    -2858.440153        0.375737
LBFGS:    5 13:17:58    -2858.643623        0.392369
LBFGS:    6 13:18:02    -2858.803653        0.368062
LBFGS:    7 13:18:07    -2859.008985        0.407561
LBFGS:    8 13:18:11    -2859.194932        0.441147
LBFGS:    9 13:18:15    -2859.377766        0.388156
LBFGS:   10 13:18:20    -2859.556132        0.350786
LBFGS:   11 13:18:24    -2859.737213        0.359182
LBFGS:   12 13:18:29    -2859.914778        0.439942
LBFGS:   13 13:18:34    -2860.094522        0.419571
LBFGS:   14 13:18:39    -2860.276629        0.391830
LBFGS:   15 13:18:44    -2860.454602        0.361158
LBFGS:   16 13:18:49    -2860.613660        0.379446
LBFGS:   17 13:18:53    -2860.753425        0.421975
LBFGS:   18 13:18:57    -2860.876592        0.496285
LBFGS:   19 13:19:04    -2860.979519        1.018009
LBFGS:   20 13:19:08    -2861.099595        0.521104
LBFGS:   21 13:19:13    -2861.219176        0.637677
LBFGS:   22 13:19:17    -2861.346409        0.461932
LBFGS:   23 13:19:21    -2861.434975        0.298968
LBFGS:   24 13:19:26    -2861.562624        0.328594
LBFGS:   25 13:19:30    -2861.668932        0.436244
LBFGS:   26 13:19:34    -2861.774096        0.420103
LBFGS:   27 13:19:38    -2861.871000        0.436239
LBFGS:   28 13:19:43    -2861.950022        0.629359
LBFGS:   29 13:19:47    -2862.050526        0.378918
LBFGS:   30 13:19:51    -2862.145817        0.299855
LBFGS:   31 13:19:56    -2862.283312        0.369843
LBFGS:   32 13:20:01    -2862.354825        0.347173
LBFGS:   33 13:20:05    -2862.471667        0.434697
LBFGS:   34 13:20:10    -2862.556149        0.251490
LBFGS:   35 13:20:15    -2862.641197        0.534149
LBFGS:   36 13:20:20    -2862.709542        0.944568
LBFGS:   37 13:20:25    -2862.792023        0.339694
LBFGS:   38 13:20:29    -2862.891963        0.650363
LBFGS:   39 13:20:33    -2862.981383        0.673726
LBFGS:   40 13:20:38    -2863.059251        0.528867
LBFGS:   41 13:20:42    -2863.151500        0.274873
LBFGS:   42 13:20:46    -2863.225101        0.225944
LBFGS:   43 13:20:52    -2863.296712        0.288895
LBFGS:   44 13:20:58    -2863.360642        0.260732
LBFGS:   45 13:21:03    -2863.393122        1.213650
LBFGS:   46 13:21:08    -2863.465549        0.295167
LBFGS:   47 13:21:13    -2863.516331        0.401102
LBFGS:   48 13:21:19    -2863.596231        0.517249
LBFGS:   49 13:21:24    -2863.644941        0.398835
LBFGS:   50 13:21:29    -2863.708516        0.173330
LBFGS:   51 13:21:35    -2863.757103        0.173202
LBFGS:   52 13:21:40    -2863.806638        0.245201
LBFGS:   53 13:21:45    -2863.853130        0.248246
LBFGS:   54 13:21:50    -2863.900311        0.266538
LBFGS:   55 13:21:55    -2863.947345        0.282122
LBFGS:   56 13:22:00    -2863.991367        0.433235
LBFGS:   57 13:22:05    -2864.035770        0.314840
LBFGS:   58 13:22:10    -2864.080177        0.300217
LBFGS:   59 13:22:16    -2864.130744        0.247402
LBFGS:   60 13:22:21    -2864.169573        0.177324
LBFGS:   61 13:22:27    -2864.220381        0.226677
LBFGS:   62 13:22:34    -2864.263419        0.172096
LBFGS:   63 13:22:40    -2864.300738        0.182509
LBFGS:   64 13:22:46    -2864.334668        0.259036
LBFGS:   65 13:22:51    -2864.367011        0.184986
LBFGS:   66 13:22:56    -2864.402808        0.182600
LBFGS:   67 13:23:00    -2864.436303        0.196636
LBFGS:   68 13:23:06    -2864.470968        0.210498
LBFGS:   69 13:23:11    -2864.507842        0.208619
LBFGS:   70 13:23:17    -2864.545311        0.199068
LBFGS:   71 13:23:23    -2864.578784        0.179161
LBFGS:   72 13:23:28    -2864.610704        0.146647
LBFGS:   73 13:23:34    -2864.637280        0.216274
LBFGS:   74 13:23:40    -2864.663847        0.130229
LBFGS:   75 13:23:46    -2864.689492        0.136797
LBFGS:   76 13:23:52    -2864.717034        0.148249
LBFGS:   77 13:23:58    -2864.739397        0.119098
LBFGS:   78 13:24:04    -2864.763256        0.122896
LBFGS:   79 13:24:09    -2864.783623        0.130127
LBFGS:   80 13:24:15    -2864.803940        0.126875
LBFGS:   81 13:24:21    -2864.823156        0.128429
LBFGS:   82 13:24:27    -2864.842429        0.134207
LBFGS:   83 13:24:32    -2864.859431        0.228835
LBFGS:   84 13:24:38    -2864.876886        0.116027
LBFGS:   85 13:24:44    -2864.894983        0.114441
LBFGS:   86 13:24:50    -2864.916387        0.133211
LBFGS:   87 13:24:55    -2864.933405        0.115751
LBFGS:   88 13:25:01    -2864.951320        0.109563
LBFGS:   89 13:25:07    -2864.967254        0.118541
LBFGS:   90 13:25:13    -2864.981951        0.109455
LBFGS:   91 13:25:18    -2864.995384        0.149479
LBFGS:   92 13:25:24    -2865.007737        0.151268
LBFGS:   93 13:25:30    -2865.021014        0.092152
LBFGS:   94 13:25:36    -2865.033423        0.081446
LBFGS:   95 13:25:41    -2865.045375        0.113853
LBFGS:   96 13:25:47    -2865.056926        0.089623
LBFGS:   97 13:25:53    -2865.067868        0.089659
LBFGS:   98 13:25:59    -2865.078478        0.093790
LBFGS:   99 13:26:05    -2865.089146        0.112558
LBFGS:  100 13:26:10    -2865.099018        0.132946
LBFGS:  101 13:26:16    -2865.108421        0.168246
LBFGS:  102 13:26:22    -2865.118335        0.124505
LBFGS:  103 13:26:29    -2865.130640        0.139070
LBFGS:  104 13:26:34    -2865.141373        0.168500
LBFGS:  105 13:26:40    -2865.151671        0.108485
LBFGS:  106 13:26:46    -2865.163120        0.141774
LBFGS:  107 13:26:52    -2865.174594        0.117881
LBFGS:  108 13:26:57    -2865.183924        0.310230
LBFGS:  109 13:27:03    -2865.194480        0.173607
LBFGS:  110 13:27:09    -2865.203468        0.125505
LBFGS:  111 13:27:15    -2865.215468        0.126955
LBFGS:  112 13:27:21    -2865.221417        0.121928
LBFGS:  113 13:27:26    -2865.231013        0.136880
LBFGS:  114 13:27:32    -2865.238537        0.078053
LBFGS:  115 13:27:39    -2865.244970        0.109685
LBFGS:  116 13:27:45    -2865.251537        0.129548
LBFGS:  117 13:27:53    -2865.257234        0.148352
LBFGS:  118 13:28:00    -2865.263251        0.098600
LBFGS:  119 13:28:06    -2865.268741        0.118757
LBFGS:  120 13:28:12    -2865.274309        0.080495
LBFGS:  121 13:28:18    -2865.279623        0.081298
LBFGS:  122 13:28:23    -2865.285122        0.077590
LBFGS:  123 13:28:29    -2865.289971        0.087217
LBFGS:  124 13:28:36    -2865.294971        0.069541
LBFGS:  125 13:28:41    -2865.299858        0.067350
LBFGS:  126 13:28:47    -2865.304730        0.061939
LBFGS:  127 13:28:54    -2865.309583        0.071246
LBFGS:  128 13:28:59    -2865.314550        0.067219
LBFGS:  129 13:29:05    -2865.319439        0.066205
LBFGS:  130 13:29:11    -2865.323986        0.064732
LBFGS:  131 13:29:18    -2865.328128        0.053797
LBFGS:  132 13:29:25    -2865.331808        0.125336
LBFGS:  133 13:29:31    -2865.335520        0.068014
LBFGS:  134 13:29:37    -2865.339323        0.050594
LBFGS:  135 13:29:43    -2865.343825        0.051454
LBFGS:  136 13:29:50    -2865.347222        0.087229
LBFGS:  137 13:29:56    -2865.351624        0.069609
LBFGS:  138 13:30:01    -2865.355707        0.091800
LBFGS:  139 13:30:07    -2865.359731        0.066625
LBFGS:  140 13:30:13    -2865.363513        0.065417
LBFGS:  141 13:30:19    -2865.367356        0.073721
LBFGS:  142 13:30:25    -2865.371337        0.086394
LBFGS:  143 13:30:30    -2865.375361        0.111687
LBFGS:  144 13:30:35    -2865.380000        0.087159
LBFGS:  145 13:30:40    -2865.385016        0.087589
LBFGS:  146 13:30:46    -2865.389865        0.087477
LBFGS:  147 13:30:50    -2865.395125        0.095250
LBFGS:  148 13:30:55    -2865.400612        0.074065
LBFGS:  149 13:30:59    -2865.405830        0.167373
LBFGS:  150 13:31:05    -2865.410980        0.208423
LBFGS:  151 13:31:12    -2865.416776        0.082460
LBFGS:  152 13:31:18    -2865.424097        0.121786
LBFGS:  153 13:31:24    -2865.430164        0.100237
LBFGS:  154 13:31:31    -2865.436039        0.118800
LBFGS:  155 13:31:37    -2865.442295        0.061713
LBFGS:  156 13:31:43    -2865.447045        0.210974
LBFGS:  157 13:31:50    -2865.451555        0.175578
LBFGS:  158 13:31:56    -2865.455741        0.076466
LBFGS:  159 13:32:03    -2865.461309        0.106133
LBFGS:  160 13:32:09    -2865.464856        0.096488
LBFGS:  161 13:32:15    -2865.469921        0.086112
LBFGS:  162 13:32:23    -2865.474441        0.087357
LBFGS:  163 13:32:29    -2865.478549        0.060860
LBFGS:  164 13:32:35    -2865.482678        0.066377
LBFGS:  165 13:32:42    -2865.486694        0.113298
LBFGS:  166 13:32:48    -2865.490100        0.242026
LBFGS:  167 13:32:56    -2865.494175        0.084823
LBFGS:  168 13:33:02    -2865.498301        0.161723
LBFGS:  169 13:33:08    -2865.502187        0.158577
LBFGS:  170 13:33:15    -2865.506158        0.129005
LBFGS:  171 13:33:22    -2865.511050        0.114823
LBFGS:  172 13:33:29    -2865.515707        0.060682
LBFGS:  173 13:33:36    -2865.520615        0.077712
LBFGS:  174 13:33:43    -2865.525704        0.097919
LBFGS:  175 13:33:50    -2865.529345        0.363639
LBFGS:  176 13:33:57    -2865.533767        0.196169
LBFGS:  177 13:34:03    -2865.539142        0.084108
LBFGS:  178 13:34:10    -2865.546157        0.223530
LBFGS:  179 13:34:16    -2865.551647        0.236478
LBFGS:  180 13:34:23    -2865.559378        0.205711
LBFGS:  181 13:34:29    -2865.567574        0.160793
LBFGS:  182 13:34:36    -2865.577054        0.102590
LBFGS:  183 13:34:43    -2865.586127        0.233756
LBFGS:  184 13:34:52    -2865.576481        0.894779
LBFGS:  185 13:34:58    -2865.600069        0.177804
LBFGS:  186 13:35:06    -2865.606785        0.267048
LBFGS:  187 13:35:14    -2865.615561        0.131707
LBFGS:  188 13:35:19    -2865.633210        0.330695
LBFGS:  189 13:35:24    -2865.641325        0.227006
LBFGS:  190 13:35:29    -2865.650837        0.240436
LBFGS:  191 13:35:33    -2865.670688        0.185158
LBFGS:  192 13:35:37    -2865.678907        0.101415
LBFGS:  193 13:35:42    -2865.695368        0.142303
LBFGS:  194 13:35:46    -2865.716071        0.136785
LBFGS:  195 13:35:50    -2865.727531        0.178647
LBFGS:  196 13:35:55    -2865.744041        0.301839
LBFGS:  197 13:35:59    -2865.756657        0.380506
LBFGS:  198 13:36:03    -2865.779752        0.213319
LBFGS:  199 13:36:08    -2865.795573        0.207538
LBFGS:  200 13:36:12    -2865.812542        0.197206
LBFGS:  201 13:36:19    -2865.827966        0.162491
LBFGS:  202 13:36:25    -2865.842568        0.157394
LBFGS:  203 13:36:33    -2865.858911        0.130514
LBFGS:  204 13:36:39    -2865.874724        0.211936
LBFGS:  205 13:36:44    -2865.889206        0.192878
LBFGS:  206 13:36:49    -2865.899839        0.331816
LBFGS:  207 13:36:54    -2865.913677        0.149639
LBFGS:  208 13:36:58    -2865.927640        0.151224
LBFGS:  209 13:37:02    -2865.944862        0.124200
LBFGS:  210 13:37:07    -2865.958460        0.132742
LBFGS:  211 13:37:11    -2865.971960        0.138711
LBFGS:  212 13:37:15    -2865.984692        0.138575
LBFGS:  213 13:37:19    -2865.996948        0.132880
LBFGS:  214 13:37:24    -2866.009854        0.118125
LBFGS:  215 13:37:28    -2866.021815        0.131888
LBFGS:  216 13:37:32    -2866.032727        0.116838
LBFGS:  217 13:37:37    -2866.040882        0.404587
LBFGS:  218 13:37:41    -2866.049842        0.191349
LBFGS:  219 13:37:45    -2866.058590        0.115726
LBFGS:  220 13:37:49    -2866.072169        0.153143
LBFGS:  221 13:37:54    -2866.078123        0.121082
LBFGS:  222 13:37:58    -2866.088445        0.074774
LBFGS:  223 13:38:02    -2866.094370        0.076278
LBFGS:  224 13:38:06    -2866.100906        0.067341
LBFGS:  225 13:38:11    -2866.107124        0.125013
LBFGS:  226 13:38:15    -2866.113124        0.070864
LBFGS:  227 13:38:19    -2866.118288        0.183785
LBFGS:  228 13:38:24    -2866.123251        0.063290
LBFGS:  229 13:38:28    -2866.128739        0.065098
LBFGS:  230 13:38:32    -2866.134027        0.076496
LBFGS:  231 13:38:36    -2866.139013        0.071396
LBFGS:  232 13:38:41    -2866.144372        0.076510
LBFGS:  233 13:38:45    -2866.149464        0.068235
LBFGS:  234 13:38:51    -2866.154406        0.075301
LBFGS:  235 13:38:56    -2866.159181        0.075110
LBFGS:  236 13:39:00    -2866.163915        0.069949
LBFGS:  237 13:39:04    -2866.168193        0.052827
LBFGS:  238 13:39:08    -2866.172021        0.054519
LBFGS:  239 13:39:13    -2866.175582        0.051202
LBFGS:  240 13:39:17    -2866.179131        0.061305
LBFGS:  241 13:39:21    -2866.182471        0.076001
LBFGS:  242 13:39:25    -2866.185641        0.048821
LBFGS:  243 13:39:30    -2866.188590        0.041123
LBFGS:  244 13:39:34    -2866.191624        0.042027
LBFGS:  245 13:39:38    -2866.194470        0.040908
LBFGS:  246 13:39:43    -2866.197371        0.040281
LBFGS:  247 13:39:47    -2866.199987        0.044256
LBFGS:  248 13:39:51    -2866.202576        0.043799
LBFGS:  249 13:39:55    -2866.204991        0.046924
LBFGS:  250 13:40:00    -2866.207371        0.053039
LBFGS:  251 13:40:04    -2866.209580        0.063645
LBFGS:  252 13:40:10    -2866.211968        0.049007
LBFGS:  253 13:40:16    -2866.214508        0.050648
LBFGS:  254 13:40:23    -2866.217530        0.052580
LBFGS:  255 13:40:29    -2866.220098        0.068524
LBFGS:  256 13:40:36    -2866.223067        0.057456
LBFGS:  257 13:40:42    -2866.225817        0.089490
LBFGS:  258 13:40:48    -2866.228591        0.057559
LBFGS:  259 13:40:53    -2866.230653        0.168589
LBFGS:  260 13:40:57    -2866.232990        0.092597
LBFGS:  261 13:41:01    -2866.235121        0.063509
LBFGS:  262 13:41:06    -2866.237902        0.052243
LBFGS:  263 13:41:10    -2866.239866        0.055884
LBFGS:  264 13:41:16    -2866.243020        0.072891
LBFGS:  265 13:41:23    -2866.245395        0.052501
LBFGS:  266 13:41:29    -2866.247868        0.102078
LBFGS:  267 13:41:35    -2866.249850        0.129403
LBFGS:  268 13:41:42    -2866.252301        0.074035
LBFGS:  269 13:41:48    -2866.254724        0.110446
LBFGS:  270 13:41:54    -2866.257004        0.082023
LBFGS:  271 13:42:01    -2866.258725        0.073125
LBFGS:  272 13:42:07    -2866.261184        0.072457
LBFGS:  273 13:42:14    -2866.263197        0.054943
LBFGS:  274 13:42:20    -2866.265203        0.051778
LBFGS:  275 13:42:26    -2866.267067        0.057826
LBFGS:  276 13:42:33    -2866.268852        0.090824
LBFGS:  277 13:42:39    -2866.269157        0.308989
LBFGS:  278 13:42:46    -2866.271700        0.048838
LBFGS:  279 13:42:53    -2866.273009        0.058550
LBFGS:  280 13:43:00    -2866.275621        0.054555
LBFGS:  281 13:43:07    -2866.277081        0.068091
LBFGS:  282 13:43:14    -2866.278896        0.139487
LBFGS:  283 13:43:20    -2866.280765        0.094465
LBFGS:  284 13:43:27    -2866.282594        0.038457
LBFGS:  285 13:43:33    -2866.283996        0.038036
LBFGS:  286 13:43:39    -2866.285484        0.051684
LBFGS:  287 13:43:46    -2866.286872        0.041152
LBFGS:  288 13:43:50    -2866.288180        0.034209
LBFGS:  289 13:43:54    -2866.289277        0.122886
LBFGS:  290 13:43:58    -2866.290146        0.086274
LBFGS:  291 13:44:03    -2866.291212        0.052315
LBFGS:  292 13:44:07    -2866.292413        0.109187
LBFGS:  293 13:44:13    -2866.293339        0.084303
LBFGS:  294 13:44:19    -2866.294466        0.050731
LBFGS:  295 13:44:27    -2866.295488        0.027788
LBFGS:  296 13:44:34    -2866.296424        0.023587
LBFGS:  297 13:44:40    -2866.297309        0.023554
LBFGS:  298 13:44:47    -2866.298182        0.033301
LBFGS:  299 13:44:53    -2866.299024        0.050842
LBFGS:  300 13:45:00    -2866.299724        0.119018
LBFGS:  301 13:45:06    -2866.300555        0.032929
LBFGS:  302 13:45:12    -2866.301385        0.030315
LBFGS:  303 13:45:19    -2866.302162        0.027207
LBFGS:  304 13:45:26    -2866.302785        0.021207
LBFGS:  305 13:45:34    -2866.303493        0.035408
LBFGS:  306 13:45:41    -2866.304140        0.030454
LBFGS:  307 13:45:49    -2866.304772        0.034703
LBFGS:  308 13:45:55    -2866.305362        0.019651
