       Step     Time          Energy          fmax
LBFGS:    0 22:49:32    -2845.473690        3.617862
LBFGS:    1 22:49:38    -2846.011192        3.615964
LBFGS:    2 22:49:44    -2847.355022        2.370078
LBFGS:    3 22:49:50    -2847.904108        4.658800
LBFGS:    4 22:49:56    -2848.333376        2.840534
LBFGS:    5 22:50:02    -2849.385210        2.107725
LBFGS:    6 22:50:08    -2849.598356        1.186817
LBFGS:    7 22:50:14    -2849.791022        0.787641
LBFGS:    8 22:50:20    -2849.875962        0.656387
LBFGS:    9 22:50:26    -2849.960409        0.596164
LBFGS:   10 22:50:32    -2850.027498        0.574202
LBFGS:   11 22:50:38    -2850.094266        0.508356
LBFGS:   12 22:50:44    -2850.145955        0.398740
LBFGS:   13 22:50:50    -2850.185016        0.343886
LBFGS:   14 22:50:56    -2850.211753        0.341614
LBFGS:   15 22:51:02    -2850.233313        0.271827
LBFGS:   16 22:51:08    -2850.251088        0.257160
LBFGS:   17 22:51:14    -2850.267564        0.229007
LBFGS:   18 22:51:20    -2850.283811        0.222306
LBFGS:   19 22:51:26    -2850.299353        0.246703
LBFGS:   20 22:51:32    -2850.313436        0.224152
LBFGS:   21 22:51:38    -2850.325749        0.228838
LBFGS:   22 22:51:44    -2850.337896        0.220105
LBFGS:   23 22:51:50    -2850.351074        0.218183
LBFGS:   24 22:51:56    -2850.366638        0.247571
LBFGS:   25 22:52:03    -2850.382501        0.230926
LBFGS:   26 22:52:09    -2850.398213        0.183568
LBFGS:   27 22:52:15    -2850.408945        0.462208
LBFGS:   28 22:52:21    -2850.422382        0.202400
LBFGS:   29 22:52:27    -2850.433569        0.204671
LBFGS:   30 22:52:33    -2850.446874        0.174690
LBFGS:   31 22:52:39    -2850.454829        0.166203
LBFGS:   32 22:52:45    -2850.463368        0.186124
LBFGS:   33 22:52:51    -2850.468102        0.172221
LBFGS:   34 22:52:57    -2850.471432        0.232224
LBFGS:   35 22:53:03    -2850.475831        0.123951
LBFGS:   36 22:53:09    -2850.480529        0.164583
LBFGS:   37 22:53:15    -2850.484318        0.128245
LBFGS:   38 22:53:21    -2850.487732        0.091381
LBFGS:   39 22:53:27    -2850.491030        0.113489
LBFGS:   40 22:53:33    -2850.494161        0.145610
LBFGS:   41 22:53:39    -2850.497224        0.133071
LBFGS:   42 22:53:45    -2850.500366        0.097581
LBFGS:   43 22:53:51    -2850.503648        0.097130
LBFGS:   44 22:53:57    -2850.506877        0.090210
LBFGS:   45 22:54:03    -2850.510143        0.101731
LBFGS:   46 22:54:09    -2850.513733        0.098030
LBFGS:   47 22:54:15    -2850.517737        0.091995
LBFGS:   48 22:54:21    -2850.521874        0.115763
LBFGS:   49 22:54:27    -2850.525771        0.106365
LBFGS:   50 22:54:33    -2850.529336        0.073396
LBFGS:   51 22:54:39    -2850.532705        0.100935
LBFGS:   52 22:54:45    -2850.536170        0.099563
LBFGS:   53 22:54:51    -2850.539840        0.086437
LBFGS:   54 22:54:57    -2850.543639        0.086369
LBFGS:   55 22:55:03    -2850.547231        0.118281
LBFGS:   56 22:55:09    -2850.550496        0.131039
LBFGS:   57 22:55:16    -2850.553397        0.091530
LBFGS:   58 22:55:22    -2850.556647        0.072536
LBFGS:   59 22:55:28    -2850.560500        0.073996
LBFGS:   60 22:55:34    -2850.564228        0.079796
LBFGS:   61 22:55:40    -2850.567877        0.110320
LBFGS:   62 22:55:46    -2850.571402        0.065342
LBFGS:   63 22:55:52    -2850.574589        0.102814
LBFGS:   64 22:55:58    -2850.577585        0.104084
LBFGS:   65 22:56:04    -2850.580207        0.079015
LBFGS:   66 22:56:11    -2850.582813        0.093229
LBFGS:   67 22:56:17    -2850.585200        0.065653
LBFGS:   68 22:56:23    -2850.587465        0.066001
LBFGS:   69 22:56:30    -2850.589679        0.054097
LBFGS:   70 22:56:36    -2850.592019        0.048469
LBFGS:   71 22:56:42    -2850.593998        0.093083
LBFGS:   72 22:56:48    -2850.595940        0.073434
LBFGS:   73 22:56:55    -2850.597614        0.083460
LBFGS:   74 22:57:01    -2850.599101        0.053050
LBFGS:   75 22:57:07    -2850.600532        0.050752
LBFGS:   76 22:57:13    -2850.602059        0.091340
LBFGS:   77 22:57:20    -2850.603798        0.077655
LBFGS:   78 22:57:26    -2850.605588        0.063243
LBFGS:   79 22:57:32    -2850.607300        0.042992
LBFGS:   80 22:57:38    -2850.608933        0.055506
LBFGS:   81 22:57:45    -2850.610650        0.073336
LBFGS:   82 22:57:51    -2850.612500        0.084553
LBFGS:   83 22:57:57    -2850.614579        0.066835
LBFGS:   84 22:58:03    -2850.616635        0.042193
LBFGS:   85 22:58:10    -2850.618584        0.046727
LBFGS:   86 22:58:16    -2850.620350        0.054878
LBFGS:   87 22:58:22    -2850.622083        0.054331
LBFGS:   88 22:58:28    -2850.623744        0.050007
LBFGS:   89 22:58:34    -2850.625520        0.039074
LBFGS:   90 22:58:41    -2850.627363        0.058812
LBFGS:   91 22:58:47    -2850.629346        0.069371
LBFGS:   92 22:58:53    -2850.631245        0.061911
LBFGS:   93 22:58:59    -2850.633193        0.051972
LBFGS:   94 22:59:06    -2850.635100        0.076078
LBFGS:   95 22:59:12    -2850.637336        0.082239
LBFGS:   96 22:59:18    -2850.639545        0.116135
LBFGS:   97 22:59:24    -2850.642436        0.081464
LBFGS:   98 22:59:30    -2850.645324        0.128822
LBFGS:   99 22:59:37    -2850.648936        0.100993
LBFGS:  100 22:59:43    -2850.652041        0.282063
LBFGS:  101 22:59:49    -2850.656896        0.121135
LBFGS:  102 22:59:55    -2850.659335        0.473232
LBFGS:  103 23:00:02    -2850.666592        0.138781
LBFGS:  104 23:00:08    -2850.671663        0.160592
LBFGS:  105 23:00:14    -2850.680892        0.522570
LBFGS:  106 23:00:20    -2850.685538        0.169584
LBFGS:  107 23:00:27    -2850.693935        0.180489
LBFGS:  108 23:00:33    -2850.700346        0.676324
LBFGS:  109 23:00:39    -2850.707432        0.154161
LBFGS:  110 23:00:45    -2850.714049        0.149127
LBFGS:  111 23:00:52    -2850.723284        0.569557
LBFGS:  112 23:00:58    -2850.728764        0.129601
LBFGS:  113 23:01:04    -2850.733917        0.140464
LBFGS:  114 23:01:10    -2850.744481        0.454309
LBFGS:  115 23:01:16    -2850.748313        0.101432
LBFGS:  116 23:01:23    -2850.752066        0.093103
LBFGS:  117 23:01:29    -2850.759299        0.190354
LBFGS:  118 23:01:35    -2850.761600        0.065730
LBFGS:  119 23:01:41    -2850.766016        0.052965
LBFGS:  120 23:01:48    -2850.768593        0.053835
LBFGS:  121 23:01:54    -2850.771011        0.042753
LBFGS:  122 23:02:00    -2850.773236        0.044529
LBFGS:  123 23:02:07    -2850.775214        0.092112
LBFGS:  124 23:02:13    -2850.776846        0.078985
LBFGS:  125 23:02:19    -2850.778357        0.051680
LBFGS:  126 23:02:25    -2850.780003        0.031614
LBFGS:  127 23:02:32    -2850.781588        0.036473
LBFGS:  128 23:02:38    -2850.782767        0.036185
LBFGS:  129 23:02:44    -2850.784256        0.034662
LBFGS:  130 23:02:50    -2850.785685        0.036271
LBFGS:  131 23:02:56    -2850.787060        0.037831
LBFGS:  132 23:03:03    -2850.788273        0.035835
LBFGS:  133 23:03:09    -2850.789471        0.036022
LBFGS:  134 23:03:15    -2850.790673        0.032095
LBFGS:  135 23:03:21    -2850.791824        0.033990
LBFGS:  136 23:03:28    -2850.792864        0.032870
LBFGS:  137 23:03:34    -2850.793846        0.040818
LBFGS:  138 23:03:40    -2850.794810        0.046038
LBFGS:  139 23:03:46    -2850.795784        0.029539
LBFGS:  140 23:03:53    -2850.796714        0.023452
LBFGS:  141 23:03:59    -2850.797582        0.022761
LBFGS:  142 23:04:05    -2850.798376        0.023449
LBFGS:  143 23:04:11    -2850.799206        0.024832
LBFGS:  144 23:04:18    -2850.799964        0.021562
LBFGS:  145 23:04:24    -2850.800667        0.024482
LBFGS:  146 23:04:30    -2850.801295        0.021897
LBFGS:  147 23:04:36    -2850.801894        0.025320
LBFGS:  148 23:04:43    -2850.802449        0.022127
LBFGS:  149 23:04:49    -2850.802992        0.018701
