       Step     Time          Energy          fmax
LBFGS:    0 01:57:32    -2843.835674        2.316205
LBFGS:    1 01:57:39    -2844.021416        2.467278
LBFGS:    2 01:57:46    -2844.818615        2.939825
LBFGS:    3 01:57:53    -2845.384218        3.455205
LBFGS:    4 01:58:00    -2845.556642        5.652145
LBFGS:    5 01:58:06    -2846.134844        2.845129
LBFGS:    6 01:58:13    -2846.570005        2.275922
LBFGS:    7 01:58:20    -2847.092769        1.406752
LBFGS:    8 01:58:27    -2847.189919        0.805251
LBFGS:    9 01:58:34    -2847.298404        0.739701
LBFGS:   10 01:58:41    -2847.354694        0.805109
LBFGS:   11 01:58:47    -2847.491257        1.079681
LBFGS:   12 01:58:54    -2847.584798        1.283140
LBFGS:   13 01:59:01    -2847.697812        1.321767
LBFGS:   14 01:59:08    -2847.871552        1.544362
LBFGS:   15 01:59:15    -2848.096697        2.087847
LBFGS:   16 01:59:22    -2848.375601        2.495821
LBFGS:   17 01:59:28    -2848.699466        3.233652
LBFGS:   18 01:59:35    -2849.178327        3.050267
LBFGS:   19 01:59:42    -2848.970369        3.756603
LBFGS:   20 01:59:49    -2849.673993        1.076230
LBFGS:   21 01:59:56    -2849.779570        1.225427
LBFGS:   22 02:00:02    -2849.937437        1.166078
LBFGS:   23 02:00:09    -2850.072264        1.179459
LBFGS:   24 02:00:16    -2850.167436        1.068760
LBFGS:   25 02:00:23    -2850.262371        0.732887
LBFGS:   26 02:00:30    -2850.338073        0.629933
LBFGS:   27 02:00:37    -2850.397752        0.661006
LBFGS:   28 02:00:43    -2850.447119        0.392613
LBFGS:   29 02:00:50    -2850.490231        0.329131
LBFGS:   30 02:00:57    -2850.528915        0.442963
LBFGS:   31 02:01:04    -2850.560423        0.460738
LBFGS:   32 02:01:11    -2850.589841        0.281140
LBFGS:   33 02:01:17    -2850.616124        0.301158
LBFGS:   34 02:01:24    -2850.641928        0.325027
LBFGS:   35 02:01:31    -2850.663941        0.359288
LBFGS:   36 02:01:38    -2850.683563        0.226208
LBFGS:   37 02:01:45    -2850.701887        0.288297
LBFGS:   38 02:01:52    -2850.719242        0.250987
LBFGS:   39 02:01:58    -2850.735592        0.292482
LBFGS:   40 02:02:05    -2850.750569        0.206060
LBFGS:   41 02:02:12    -2850.764243        0.229084
LBFGS:   42 02:02:19    -2850.777343        0.266956
LBFGS:   43 02:02:26    -2850.789059        0.206220
LBFGS:   44 02:02:33    -2850.798704        0.142896
LBFGS:   45 02:02:39    -2850.806864        0.113833
LBFGS:   46 02:02:46    -2850.814415        0.150352
LBFGS:   47 02:02:53    -2850.822175        0.151033
LBFGS:   48 02:03:00    -2850.830047        0.130097
LBFGS:   49 02:03:07    -2850.837893        0.110418
LBFGS:   50 02:03:14    -2850.845366        0.123358
LBFGS:   51 02:03:20    -2850.852524        0.127647
LBFGS:   52 02:03:27    -2850.859073        0.108843
LBFGS:   53 02:03:34    -2850.865360        0.098772
LBFGS:   54 02:03:41    -2850.871364        0.100668
LBFGS:   55 02:03:48    -2850.877224        0.128454
LBFGS:   56 02:03:55    -2850.882633        0.101609
LBFGS:   57 02:04:02    -2850.887561        0.094948
LBFGS:   58 02:04:08    -2850.892204        0.089909
LBFGS:   59 02:04:15    -2850.896935        0.109354
LBFGS:   60 02:04:22    -2850.901838        0.090368
LBFGS:   61 02:04:29    -2850.906796        0.086406
LBFGS:   62 02:04:36    -2850.911617        0.091215
LBFGS:   63 02:04:43    -2850.916155        0.099811
LBFGS:   64 02:04:49    -2850.920435        0.081400
LBFGS:   65 02:04:56    -2850.924514        0.071518
LBFGS:   66 02:05:03    -2850.928447        0.087601
LBFGS:   67 02:05:10    -2850.932207        0.097545
LBFGS:   68 02:05:17    -2850.935797        0.081696
LBFGS:   69 02:05:24    -2850.939255        0.080275
LBFGS:   70 02:05:30    -2850.942657        0.067973
LBFGS:   71 02:05:37    -2850.945909        0.081897
LBFGS:   72 02:05:44    -2850.948882        0.084894
LBFGS:   73 02:05:51    -2850.951641        0.063483
LBFGS:   74 02:05:58    -2850.954397        0.065871
LBFGS:   75 02:06:05    -2850.957203        0.064013
LBFGS:   76 02:06:11    -2850.959843        0.069515
LBFGS:   77 02:06:18    -2850.962111        0.053621
LBFGS:   78 02:06:25    -2850.964149        0.056390
LBFGS:   79 02:06:31    -2850.966282        0.072942
LBFGS:   80 02:06:38    -2850.968628        0.065598
LBFGS:   81 02:06:45    -2850.971003        0.048511
LBFGS:   82 02:06:52    -2850.973200        0.046716
LBFGS:   83 02:06:58    -2850.975221        0.047601
LBFGS:   84 02:07:05    -2850.977213        0.052740
LBFGS:   85 02:07:12    -2850.979222        0.042873
LBFGS:   86 02:07:19    -2850.981165        0.035264
LBFGS:   87 02:07:25    -2850.982993        0.063738
LBFGS:   88 02:07:32    -2850.984775        0.051841
LBFGS:   89 02:07:39    -2850.986568        0.068520
LBFGS:   90 02:07:46    -2850.988417        0.046210
LBFGS:   91 02:07:52    -2850.990306        0.042083
LBFGS:   92 02:07:59    -2850.992287        0.080122
LBFGS:   93 02:08:06    -2850.994248        0.057189
LBFGS:   94 02:08:13    -2850.996288        0.041541
LBFGS:   95 02:08:19    -2850.998206        0.059849
LBFGS:   96 02:08:26    -2851.000283        0.059051
LBFGS:   97 02:08:33    -2851.002347        0.081941
LBFGS:   98 02:08:40    -2851.004541        0.058210
LBFGS:   99 02:08:46    -2851.006520        0.068574
LBFGS:  100 02:08:53    -2851.008463        0.048142
LBFGS:  101 02:09:00    -2851.010342        0.069163
LBFGS:  102 02:09:07    -2851.012436        0.121464
LBFGS:  103 02:09:14    -2851.014502        0.067325
LBFGS:  104 02:09:21    -2851.016883        0.052084
LBFGS:  105 02:09:27    -2851.018903        0.064130
LBFGS:  106 02:09:34    -2851.020972        0.062761
LBFGS:  107 02:09:41    -2851.023252        0.083022
LBFGS:  108 02:09:48    -2851.025873        0.063659
LBFGS:  109 02:09:55    -2851.028512        0.113869
LBFGS:  110 02:10:01    -2851.030980        0.115616
LBFGS:  111 02:10:08    -2851.032750        0.234006
LBFGS:  112 02:10:15    -2851.035330        0.053439
LBFGS:  113 02:10:22    -2851.038277        0.061633
LBFGS:  114 02:10:29    -2851.040794        0.047127
LBFGS:  115 02:10:36    -2851.043249        0.059578
LBFGS:  116 02:10:42    -2851.045281        0.063442
LBFGS:  117 02:10:49    -2851.047759        0.051320
LBFGS:  118 02:10:56    -2851.050177        0.098116
LBFGS:  119 02:11:03    -2851.052745        0.181537
LBFGS:  120 02:11:10    -2851.055477        0.111715
LBFGS:  121 02:11:17    -2851.058548        0.087295
LBFGS:  122 02:11:23    -2851.061928        0.070920
LBFGS:  123 02:11:30    -2851.064726        0.090453
LBFGS:  124 02:11:37    -2851.068785        0.100615
LBFGS:  125 02:11:44    -2851.072444        0.137543
LBFGS:  126 02:11:51    -2851.076506        0.110525
LBFGS:  127 02:11:58    -2851.076852        0.433478
LBFGS:  128 02:12:05    -2851.083586        0.121219
LBFGS:  129 02:12:11    -2851.087554        0.136000
LBFGS:  130 02:12:18    -2851.098022        0.235141
LBFGS:  131 02:12:25    -2851.102960        0.182872
LBFGS:  132 02:12:32    -2851.112115        0.544396
LBFGS:  133 02:12:39    -2851.115057        0.594183
LBFGS:  134 02:12:46    -2851.126261        0.210198
LBFGS:  135 02:12:52    -2851.133472        0.324084
LBFGS:  136 02:12:59    -2851.145026        0.468015
LBFGS:  137 02:13:06    -2851.153440        0.224023
LBFGS:  138 02:13:13    -2851.156091        0.983547
LBFGS:  139 02:13:20    -2851.170337        0.142093
LBFGS:  140 02:13:27    -2851.177083        0.142059
LBFGS:  141 02:13:33    -2851.188046        0.508013
LBFGS:  142 02:13:40    -2851.193461        0.104645
LBFGS:  143 02:13:47    -2851.198659        0.107951
LBFGS:  144 02:13:54    -2851.206932        0.172188
LBFGS:  145 02:14:01    -2851.210424        0.102398
LBFGS:  146 02:14:08    -2851.215597        0.178037
LBFGS:  147 02:14:14    -2851.219279        0.054589
LBFGS:  148 02:14:21    -2851.222266        0.213698
LBFGS:  149 02:14:28    -2851.225364        0.046717
LBFGS:  150 02:14:35    -2851.228157        0.050545
LBFGS:  151 02:14:42    -2851.230629        0.051586
LBFGS:  152 02:14:49    -2851.232523        0.043941
LBFGS:  153 02:14:55    -2851.234447        0.036829
LBFGS:  154 02:15:02    -2851.236043        0.055804
LBFGS:  155 02:15:09    -2851.237517        0.036082
LBFGS:  156 02:15:16    -2851.238769        0.097268
LBFGS:  157 02:15:23    -2851.240027        0.045085
LBFGS:  158 02:15:30    -2851.241279        0.024589
LBFGS:  159 02:15:36    -2851.242476        0.024812
LBFGS:  160 02:15:43    -2851.243440        0.033068
LBFGS:  161 02:15:50    -2851.244427        0.035703
LBFGS:  162 02:15:57    -2851.245268        0.028737
LBFGS:  163 02:16:04    -2851.246058        0.027674
LBFGS:  164 02:16:11    -2851.246817        0.027003
LBFGS:  165 02:16:17    -2851.247579        0.028677
LBFGS:  166 02:16:24    -2851.248306        0.025785
LBFGS:  167 02:16:31    -2851.249000        0.025041
LBFGS:  168 02:16:38    -2851.249683        0.029122
LBFGS:  169 02:16:45    -2851.250366        0.025745
LBFGS:  170 02:16:52    -2851.251024        0.038276
LBFGS:  171 02:16:58    -2851.251618        0.025344
LBFGS:  172 02:17:05    -2851.252173        0.041236
LBFGS:  173 02:17:12    -2851.252722        0.025686
LBFGS:  174 02:17:19    -2851.253303        0.030607
LBFGS:  175 02:17:26    -2851.253838        0.024663
LBFGS:  176 02:17:33    -2851.254336        0.022668
LBFGS:  177 02:17:39    -2851.254807        0.021003
LBFGS:  178 02:17:46    -2851.255267        0.018157
