       Step     Time          Energy          fmax
LBFGS:    0 15:59:04    -2736.867168        3.573890
LBFGS:    1 15:59:10    -2737.368863        3.096654
LBFGS:    2 15:59:15    -2738.556289        2.510662
LBFGS:    3 15:59:21    -2738.859768        3.671711
LBFGS:    4 15:59:26    -2739.490553        3.011613
LBFGS:    5 15:59:32    -2739.959633        2.213253
LBFGS:    6 15:59:37    -2740.170868        1.671896
LBFGS:    7 15:59:43    -2740.384259        1.239172
LBFGS:    8 15:59:49    -2740.460181        1.101102
LBFGS:    9 15:59:54    -2740.534663        0.664480
LBFGS:   10 16:00:00    -2740.635924        0.535084
LBFGS:   11 16:00:05    -2740.683089        0.500122
LBFGS:   12 16:00:11    -2740.733915        0.383100
LBFGS:   13 16:00:17    -2740.764988        0.278652
LBFGS:   14 16:00:22    -2740.790038        0.296276
LBFGS:   15 16:00:28    -2740.811576        0.320660
LBFGS:   16 16:00:34    -2740.832944        0.250057
LBFGS:   17 16:00:40    -2740.849459        0.233576
LBFGS:   18 16:00:45    -2740.862297        0.218844
LBFGS:   19 16:00:51    -2740.873565        0.268766
LBFGS:   20 16:00:57    -2740.884830        0.292068
LBFGS:   21 16:01:02    -2740.895694        0.275071
LBFGS:   22 16:01:08    -2740.906125        0.170544
LBFGS:   23 16:01:14    -2740.914782        0.159873
LBFGS:   24 16:01:19    -2740.922538        0.148282
LBFGS:   25 16:01:25    -2740.930206        0.173922
LBFGS:   26 16:01:30    -2740.938787        0.176226
LBFGS:   27 16:01:36    -2740.946008        0.108370
LBFGS:   28 16:01:41    -2740.951658        0.092362
LBFGS:   29 16:01:47    -2740.955729        0.122752
LBFGS:   30 16:01:52    -2740.959442        0.109115
LBFGS:   31 16:01:58    -2740.962875        0.069374
LBFGS:   32 16:02:03    -2740.966205        0.072492
LBFGS:   33 16:02:09    -2740.969344        0.097294
LBFGS:   34 16:02:14    -2740.972348        0.096009
LBFGS:   35 16:02:20    -2740.975081        0.064629
LBFGS:   36 16:02:25    -2740.977610        0.061101
LBFGS:   37 16:02:31    -2740.979996        0.086627
LBFGS:   38 16:02:36    -2740.982247        0.081570
LBFGS:   39 16:02:42    -2740.984247        0.043366
LBFGS:   40 16:02:47    -2740.985992        0.047268
LBFGS:   41 16:02:53    -2740.987613        0.064547
LBFGS:   42 16:02:58    -2740.989226        0.073663
LBFGS:   43 16:03:04    -2740.990795        0.050602
LBFGS:   44 16:03:09    -2740.992255        0.035729
LBFGS:   45 16:03:15    -2740.993626        0.059065
LBFGS:   46 16:03:20    -2740.994963        0.073284
LBFGS:   47 16:03:26    -2740.996258        0.055791
LBFGS:   48 16:03:31    -2740.997465        0.031108
LBFGS:   49 16:03:37    -2740.998601        0.039762
LBFGS:   50 16:03:42    -2740.999712        0.057066
LBFGS:   51 16:03:48    -2741.000801        0.052441
LBFGS:   52 16:03:53    -2741.001833        0.036289
LBFGS:   53 16:03:59    -2741.002810        0.048560
LBFGS:   54 16:04:04    -2741.003773        0.051632
LBFGS:   55 16:04:10    -2741.004733        0.041939
LBFGS:   56 16:04:15    -2741.005652        0.026222
LBFGS:   57 16:04:21    -2741.006518        0.044419
LBFGS:   58 16:04:26    -2741.007368        0.058252
LBFGS:   59 16:04:31    -2741.008240        0.046767
LBFGS:   60 16:04:37    -2741.009114        0.026805
LBFGS:   61 16:04:42    -2741.009959        0.027788
LBFGS:   62 16:04:47    -2741.010770        0.049141
LBFGS:   63 16:04:53    -2741.011576        0.050584
LBFGS:   64 16:04:58    -2741.012387        0.031917
LBFGS:   65 16:05:04    -2741.013191        0.026195
LBFGS:   66 16:05:09    -2741.013981        0.039677
LBFGS:   67 16:05:14    -2741.014777        0.045675
LBFGS:   68 16:05:20    -2741.015591        0.032759
LBFGS:   69 16:05:25    -2741.016445        0.028845
LBFGS:   70 16:05:31    -2741.017326        0.034438
LBFGS:   71 16:05:36    -2741.018228        0.047559
LBFGS:   72 16:05:42    -2741.019017        0.087699
LBFGS:   73 16:05:47    -2741.019862        0.036048
LBFGS:   74 16:05:52    -2741.020668        0.029342
LBFGS:   75 16:05:58    -2741.021603        0.043285
LBFGS:   76 16:06:03    -2741.022313        0.034090
LBFGS:   77 16:06:09    -2741.023232        0.030035
LBFGS:   78 16:06:14    -2741.024038        0.028872
LBFGS:   79 16:06:20    -2741.024873        0.039589
LBFGS:   80 16:06:25    -2741.025675        0.036828
LBFGS:   81 16:06:31    -2741.026522        0.023794
LBFGS:   82 16:06:36    -2741.027350        0.042110
LBFGS:   83 16:06:41    -2741.027945        0.150927
LBFGS:   84 16:06:47    -2741.028836        0.056501
LBFGS:   85 16:06:52    -2741.029667        0.075001
LBFGS:   86 16:06:58    -2741.030986        0.047867
LBFGS:   87 16:07:03    -2741.031724        0.059055
LBFGS:   88 16:07:09    -2741.032948        0.049331
LBFGS:   89 16:07:14    -2741.033874        0.030767
LBFGS:   90 16:07:19    -2741.034869        0.031004
LBFGS:   91 16:07:25    -2741.035825        0.056888
LBFGS:   92 16:07:30    -2741.036740        0.068460
LBFGS:   93 16:07:36    -2741.037404        0.119919
LBFGS:   94 16:07:41    -2741.038237        0.029328
LBFGS:   95 16:07:47    -2741.039167        0.077422
LBFGS:   96 16:07:52    -2741.040101        0.062711
LBFGS:   97 16:07:57    -2741.041082        0.035811
LBFGS:   98 16:08:03    -2741.042105        0.029792
LBFGS:   99 16:08:08    -2741.043048        0.044457
LBFGS:  100 16:08:14    -2741.043987        0.051001
LBFGS:  101 16:08:19    -2741.044939        0.046899
LBFGS:  102 16:08:24    -2741.045853        0.054563
LBFGS:  103 16:08:30    -2741.046788        0.037062
LBFGS:  104 16:08:35    -2741.047782        0.055586
LBFGS:  105 16:08:40    -2741.048848        0.045564
LBFGS:  106 16:08:46    -2741.049836        0.036104
LBFGS:  107 16:08:51    -2741.050834        0.041893
LBFGS:  108 16:08:57    -2741.051758        0.040157
LBFGS:  109 16:09:02    -2741.052753        0.050307
LBFGS:  110 16:09:07    -2741.053808        0.029430
LBFGS:  111 16:09:13    -2741.054910        0.037801
LBFGS:  112 16:09:18    -2741.055923        0.053517
LBFGS:  113 16:09:24    -2741.056958        0.037559
LBFGS:  114 16:09:29    -2741.058010        0.031572
LBFGS:  115 16:09:34    -2741.059253        0.035344
LBFGS:  116 16:09:40    -2741.060252        0.045024
LBFGS:  117 16:09:45    -2741.061480        0.041777
LBFGS:  118 16:09:51    -2741.062624        0.034805
LBFGS:  119 16:09:56    -2741.063757        0.030398
LBFGS:  120 16:10:02    -2741.064789        0.040271
LBFGS:  121 16:10:08    -2741.065823        0.064638
LBFGS:  122 16:10:13    -2741.066845        0.060095
LBFGS:  123 16:10:19    -2741.068047        0.035586
LBFGS:  124 16:10:24    -2741.069463        0.034514
LBFGS:  125 16:10:30    -2741.070563        0.043498
LBFGS:  126 16:10:35    -2741.071828        0.038814
LBFGS:  127 16:10:40    -2741.072958        0.029500
LBFGS:  128 16:10:46    -2741.074079        0.037741
LBFGS:  129 16:10:51    -2741.075205        0.042581
LBFGS:  130 16:10:57    -2741.076142        0.103187
LBFGS:  131 16:11:02    -2741.077088        0.067351
LBFGS:  132 16:11:08    -2741.077968        0.025739
LBFGS:  133 16:11:13    -2741.079325        0.072552
LBFGS:  134 16:11:19    -2741.080025        0.074550
LBFGS:  135 16:11:24    -2741.081302        0.066604
LBFGS:  136 16:11:30    -2741.082170        0.046568
LBFGS:  137 16:11:35    -2741.083060        0.038933
LBFGS:  138 16:11:41    -2741.083853        0.054846
LBFGS:  139 16:11:46    -2741.084559        0.092784
LBFGS:  140 16:11:52    -2741.085380        0.033743
LBFGS:  141 16:11:57    -2741.086190        0.031361
LBFGS:  142 16:12:03    -2741.087111        0.028142
LBFGS:  143 16:12:08    -2741.087822        0.043642
LBFGS:  144 16:12:14    -2741.088852        0.055132
LBFGS:  145 16:12:19    -2741.089774        0.039011
LBFGS:  146 16:12:25    -2741.090661        0.041879
LBFGS:  147 16:12:30    -2741.091424        0.035671
LBFGS:  148 16:12:36    -2741.092083        0.106569
LBFGS:  149 16:12:41    -2741.092925        0.038510
LBFGS:  150 16:12:47    -2741.093833        0.030502
LBFGS:  151 16:12:52    -2741.095031        0.037226
LBFGS:  152 16:12:58    -2741.095762        0.058175
LBFGS:  153 16:13:03    -2741.096940        0.059004
LBFGS:  154 16:13:09    -2741.097923        0.041020
LBFGS:  155 16:13:14    -2741.098958        0.034943
LBFGS:  156 16:13:20    -2741.099911        0.062800
LBFGS:  157 16:13:25    -2741.100520        0.166548
LBFGS:  158 16:13:31    -2741.101629        0.065543
LBFGS:  159 16:13:36    -2741.102510        0.059212
LBFGS:  160 16:13:42    -2741.104081        0.030327
LBFGS:  161 16:13:49    -2741.104997        0.087587
LBFGS:  162 16:13:55    -2741.106554        0.148626
LBFGS:  163 16:14:01    -2741.108003        0.107948
LBFGS:  164 16:14:06    -2741.109645        0.107559
LBFGS:  165 16:14:13    -2741.111135        0.077284
LBFGS:  166 16:14:18    -2741.112373        0.177981
LBFGS:  167 16:14:25    -2741.114331        0.059809
LBFGS:  168 16:14:31    -2741.117088        0.069284
LBFGS:  169 16:14:37    -2741.119496        0.090846
LBFGS:  170 16:14:43    -2741.122024        0.122049
LBFGS:  171 16:14:50    -2741.124837        0.158507
LBFGS:  172 16:14:55    -2741.128446        0.102981
LBFGS:  173 16:15:01    -2741.122653        0.548358
LBFGS:  174 16:15:07    -2741.134332        0.093264
LBFGS:  175 16:15:12    -2741.137373        0.076931
LBFGS:  176 16:15:18    -2741.147913        0.304542
LBFGS:  177 16:15:23    -2741.152063        0.075784
LBFGS:  178 16:15:29    -2741.156667        0.108632
LBFGS:  179 16:15:34    -2741.166772        0.131865
LBFGS:  180 16:15:40    -2741.170618        0.127903
LBFGS:  181 16:15:45    -2741.176350        0.141690
LBFGS:  182 16:15:51    -2741.182609        0.133813
LBFGS:  183 16:15:56    -2741.187974        0.120751
LBFGS:  184 16:16:02    -2741.193460        0.121356
LBFGS:  185 16:16:07    -2741.199057        0.081450
LBFGS:  186 16:16:13    -2741.202371        0.248208
LBFGS:  187 16:16:18    -2741.207013        0.238105
LBFGS:  188 16:16:24    -2741.211541        0.103280
LBFGS:  189 16:16:29    -2741.216697        0.073382
LBFGS:  190 16:16:35    -2741.220926        0.099681
LBFGS:  191 16:16:41    -2741.224859        0.074057
LBFGS:  192 16:16:46    -2741.228367        0.050755
LBFGS:  193 16:16:52    -2741.231728        0.067385
LBFGS:  194 16:16:58    -2741.234897        0.050345
LBFGS:  195 16:17:04    -2741.237848        0.042187
LBFGS:  196 16:17:09    -2741.240436        0.040267
LBFGS:  197 16:17:16    -2741.242830        0.041069
LBFGS:  198 16:17:22    -2741.245076        0.051945
LBFGS:  199 16:17:27    -2741.247199        0.046324
LBFGS:  200 16:17:33    -2741.249135        0.038534
LBFGS:  201 16:17:39    -2741.250930        0.048145
LBFGS:  202 16:17:45    -2741.252590        0.042237
LBFGS:  203 16:17:51    -2741.254202        0.042706
LBFGS:  204 16:17:58    -2741.255738        0.033716
LBFGS:  205 16:18:04    -2741.257244        0.034735
LBFGS:  206 16:18:10    -2741.258673        0.037497
LBFGS:  207 16:18:16    -2741.260029        0.035801
LBFGS:  208 16:18:23    -2741.261287        0.040978
LBFGS:  209 16:18:29    -2741.262473        0.030306
LBFGS:  210 16:18:36    -2741.263546        0.044986
LBFGS:  211 16:18:42    -2741.264521        0.035021
LBFGS:  212 16:18:48    -2741.265428        0.032594
LBFGS:  213 16:18:55    -2741.266353        0.032203
LBFGS:  214 16:19:00    -2741.267254        0.029921
LBFGS:  215 16:19:06    -2741.268125        0.029213
LBFGS:  216 16:19:12    -2741.268936        0.032681
LBFGS:  217 16:19:18    -2741.269750        0.036325
LBFGS:  218 16:19:24    -2741.270550        0.034858
LBFGS:  219 16:19:29    -2741.271339        0.030202
LBFGS:  220 16:19:35    -2741.272080        0.028480
LBFGS:  221 16:19:41    -2741.272799        0.025018
LBFGS:  222 16:19:47    -2741.273496        0.027154
LBFGS:  223 16:19:53    -2741.274187        0.025053
LBFGS:  224 16:19:58    -2741.274851        0.031692
LBFGS:  225 16:20:04    -2741.275515        0.026016
LBFGS:  226 16:20:10    -2741.276182        0.034561
LBFGS:  227 16:20:16    -2741.276862        0.028144
LBFGS:  228 16:20:22    -2741.277512        0.028896
LBFGS:  229 16:20:28    -2741.278139        0.026288
LBFGS:  230 16:20:33    -2741.278737        0.027520
LBFGS:  231 16:20:39    -2741.279355        0.028507
LBFGS:  232 16:20:45    -2741.279959        0.030682
LBFGS:  233 16:20:51    -2741.280547        0.032272
LBFGS:  234 16:20:57    -2741.281074        0.034359
LBFGS:  235 16:21:03    -2741.281579        0.029391
LBFGS:  236 16:21:09    -2741.282065        0.033354
LBFGS:  237 16:21:16    -2741.282565        0.021894
LBFGS:  238 16:21:22    -2741.283036        0.037354
LBFGS:  239 16:21:27    -2741.283488        0.022213
LBFGS:  240 16:21:33    -2741.283903        0.041422
LBFGS:  241 16:21:39    -2741.284328        0.021699
LBFGS:  242 16:21:45    -2741.284732        0.029317
LBFGS:  243 16:21:51    -2741.285119        0.018278
