       Step     Time          Energy          fmax
LBFGS:    0 23:30:12    -2846.109620        3.296816
LBFGS:    1 23:30:18    -2846.604777        3.189537
LBFGS:    2 23:30:25    -2847.909974        2.283160
LBFGS:    3 23:30:31    -2848.302306        4.899405
LBFGS:    4 23:30:38    -2848.740235        1.903947
LBFGS:    5 23:30:45    -2849.229754        1.368598
LBFGS:    6 23:30:51    -2849.549292        1.349579
LBFGS:    7 23:30:58    -2849.694126        0.887837
LBFGS:    8 23:31:04    -2849.857922        0.774945
LBFGS:    9 23:31:11    -2849.971945        0.836530
LBFGS:   10 23:31:18    -2850.077948        0.832995
LBFGS:   11 23:31:24    -2850.157508        0.640087
LBFGS:   12 23:31:31    -2850.220345        0.552157
LBFGS:   13 23:31:38    -2850.264615        0.446864
LBFGS:   14 23:31:44    -2850.302626        0.355741
LBFGS:   15 23:31:51    -2850.333482        0.358913
LBFGS:   16 23:31:57    -2850.363191        0.314927
LBFGS:   17 23:32:04    -2850.386432        0.360344
LBFGS:   18 23:32:11    -2850.405607        0.408006
LBFGS:   19 23:32:17    -2850.422844        0.349962
LBFGS:   20 23:32:24    -2850.437641        0.231965
LBFGS:   21 23:32:30    -2850.450870        0.263393
LBFGS:   22 23:32:37    -2850.463964        0.239520
LBFGS:   23 23:32:44    -2850.477062        0.227369
LBFGS:   24 23:32:50    -2850.488951        0.201709
LBFGS:   25 23:32:57    -2850.499009        0.229385
LBFGS:   26 23:33:03    -2850.507966        0.222686
LBFGS:   27 23:33:10    -2850.516405        0.178623
LBFGS:   28 23:33:17    -2850.524133        0.153684
LBFGS:   29 23:33:23    -2850.531235        0.159271
LBFGS:   30 23:33:30    -2850.538095        0.161284
LBFGS:   31 23:33:36    -2850.544640        0.172771
LBFGS:   32 23:33:43    -2850.550547        0.141817
LBFGS:   33 23:33:49    -2850.555853        0.118690
LBFGS:   34 23:33:56    -2850.560920        0.152848
LBFGS:   35 23:34:03    -2850.565972        0.183709
LBFGS:   36 23:34:09    -2850.570824        0.138248
LBFGS:   37 23:34:16    -2850.575194        0.136732
LBFGS:   38 23:34:22    -2850.579134        0.160479
LBFGS:   39 23:34:29    -2850.582814        0.122343
LBFGS:   40 23:34:36    -2850.586278        0.113016
LBFGS:   41 23:34:42    -2850.589480        0.121529
LBFGS:   42 23:34:49    -2850.592356        0.102088
LBFGS:   43 23:34:55    -2850.594858        0.095836
LBFGS:   44 23:35:02    -2850.596939        0.078644
LBFGS:   45 23:35:09    -2850.598716        0.082192
LBFGS:   46 23:35:15    -2850.600447        0.091885
LBFGS:   47 23:35:22    -2850.602224        0.096113
LBFGS:   48 23:35:28    -2850.603853        0.080066
LBFGS:   49 23:35:35    -2850.605212        0.052489
LBFGS:   50 23:35:42    -2850.606429        0.069212
LBFGS:   51 23:35:48    -2850.607700        0.076505
LBFGS:   52 23:35:55    -2850.609042        0.075032
LBFGS:   53 23:36:01    -2850.610307        0.051068
LBFGS:   54 23:36:08    -2850.611433        0.043944
LBFGS:   55 23:36:15    -2850.612537        0.078009
LBFGS:   56 23:36:21    -2850.613717        0.087961
LBFGS:   57 23:36:28    -2850.614936        0.062667
LBFGS:   58 23:36:34    -2850.616121        0.047944
LBFGS:   59 23:36:41    -2850.617253        0.055486
LBFGS:   60 23:36:48    -2850.618358        0.072450
LBFGS:   61 23:36:54    -2850.619434        0.059874
LBFGS:   62 23:37:01    -2850.620492        0.042751
LBFGS:   63 23:37:08    -2850.621559        0.056846
LBFGS:   64 23:37:14    -2850.622666        0.070387
LBFGS:   65 23:37:21    -2850.623725        0.062706
LBFGS:   66 23:37:27    -2850.624695        0.034704
LBFGS:   67 23:37:34    -2850.625631        0.047035
LBFGS:   68 23:37:40    -2850.626642        0.058487
LBFGS:   69 23:37:47    -2850.627675        0.063093
LBFGS:   70 23:37:54    -2850.628617        0.036928
LBFGS:   71 23:38:00    -2850.629404        0.035552
LBFGS:   72 23:38:07    -2850.630129        0.047483
LBFGS:   73 23:38:14    -2850.630866        0.053750
LBFGS:   74 23:38:20    -2850.631635        0.037280
LBFGS:   75 23:38:27    -2850.632407        0.028765
LBFGS:   76 23:38:33    -2850.633188        0.040418
LBFGS:   77 23:38:40    -2850.633948        0.052568
LBFGS:   78 23:38:47    -2850.634667        0.040378
LBFGS:   79 23:38:53    -2850.635300        0.029629
LBFGS:   80 23:39:00    -2850.635915        0.039632
LBFGS:   81 23:39:06    -2850.636542        0.053047
LBFGS:   82 23:39:13    -2850.637216        0.043964
LBFGS:   83 23:39:20    -2850.637846        0.023979
LBFGS:   84 23:39:26    -2850.638472        0.032091
LBFGS:   85 23:39:33    -2850.639120        0.048608
LBFGS:   86 23:39:39    -2850.639850        0.045421
LBFGS:   87 23:39:46    -2850.640585        0.027556
LBFGS:   88 23:39:53    -2850.641322        0.027425
LBFGS:   89 23:39:59    -2850.642020        0.046820
LBFGS:   90 23:40:06    -2850.642772        0.049595
LBFGS:   91 23:40:12    -2850.643548        0.033393
LBFGS:   92 23:40:19    -2850.644497        0.029867
LBFGS:   93 23:40:26    -2850.645396        0.045094
LBFGS:   94 23:40:32    -2850.646430        0.054562
LBFGS:   95 23:40:39    -2850.647462        0.036063
LBFGS:   96 23:40:45    -2850.648548        0.025843
LBFGS:   97 23:40:52    -2850.649386        0.123397
LBFGS:   98 23:40:59    -2850.650478        0.071275
LBFGS:   99 23:41:05    -2850.651594        0.050207
LBFGS:  100 23:41:12    -2850.653646        0.089628
LBFGS:  101 23:41:18    -2850.654519        0.050052
LBFGS:  102 23:41:25    -2850.656293        0.063724
LBFGS:  103 23:41:32    -2850.658443        0.054916
LBFGS:  104 23:41:38    -2850.660140        0.070203
LBFGS:  105 23:41:45    -2850.662576        0.089191
LBFGS:  106 23:41:51    -2850.658721        0.540081
LBFGS:  107 23:41:58    -2850.666233        0.091589
LBFGS:  108 23:42:04    -2850.668080        0.072876
LBFGS:  109 23:42:11    -2850.673849        0.337601
LBFGS:  110 23:42:18    -2850.676836        0.117627
LBFGS:  111 23:42:26    -2850.681954        0.105181
LBFGS:  112 23:42:32    -2850.689816        0.517200
LBFGS:  113 23:42:39    -2850.695537        0.125489
LBFGS:  114 23:42:45    -2850.702629        0.150090
LBFGS:  115 23:42:52    -2850.692048        1.269837
LBFGS:  116 23:42:58    -2850.715624        0.284372
LBFGS:  117 23:43:05    -2850.721646        0.146341
LBFGS:  118 23:43:12    -2850.728098        0.811990
LBFGS:  119 23:43:18    -2850.736144        0.328631
LBFGS:  120 23:43:25    -2850.744752        0.160717
LBFGS:  121 23:43:31    -2850.757814        0.144853
LBFGS:  122 23:43:38    -2850.763522        0.340315
LBFGS:  123 23:43:45    -2850.770403        0.133307
LBFGS:  124 23:43:51    -2850.777022        0.097756
LBFGS:  125 23:43:58    -2850.782929        0.108921
LBFGS:  126 23:44:04    -2850.787672        0.185085
LBFGS:  127 23:44:11    -2850.791716        0.117756
LBFGS:  128 23:44:18    -2850.795052        0.060450
LBFGS:  129 23:44:24    -2850.799119        0.173161
LBFGS:  130 23:44:31    -2850.801661        0.150994
LBFGS:  131 23:44:37    -2850.805404        0.094595
LBFGS:  132 23:44:44    -2850.807895        0.041084
LBFGS:  133 23:44:51    -2850.810197        0.040860
LBFGS:  134 23:44:57    -2850.812408        0.146876
LBFGS:  135 23:45:04    -2850.814417        0.083240
LBFGS:  136 23:45:10    -2850.816254        0.093793
LBFGS:  137 23:45:17    -2850.817787        0.043804
LBFGS:  138 23:45:24    -2850.819481        0.058748
LBFGS:  139 23:45:30    -2850.820923        0.078832
LBFGS:  140 23:45:37    -2850.822786        0.072937
LBFGS:  141 23:45:43    -2850.824451        0.049682
LBFGS:  142 23:45:50    -2850.826234        0.047765
LBFGS:  143 23:45:57    -2850.827974        0.062456
LBFGS:  144 23:46:03    -2850.829696        0.069361
LBFGS:  145 23:46:10    -2850.831370        0.051123
LBFGS:  146 23:46:16    -2850.833080        0.048397
LBFGS:  147 23:46:23    -2850.834753        0.056469
LBFGS:  148 23:46:30    -2850.836287        0.053678
LBFGS:  149 23:46:36    -2850.837643        0.084985
LBFGS:  150 23:46:43    -2850.838932        0.052558
LBFGS:  151 23:46:49    -2850.840278        0.056871
LBFGS:  152 23:46:56    -2850.841861        0.055648
LBFGS:  153 23:47:03    -2850.843388        0.061134
LBFGS:  154 23:47:09    -2850.844747        0.065629
LBFGS:  155 23:47:16    -2850.846170        0.071389
LBFGS:  156 23:47:22    -2850.847698        0.075014
LBFGS:  157 23:47:29    -2850.849239        0.083290
LBFGS:  158 23:47:36    -2850.850840        0.075738
LBFGS:  159 23:47:42    -2850.852362        0.120443
LBFGS:  160 23:47:49    -2850.853823        0.067755
LBFGS:  161 23:47:55    -2850.855249        0.152715
LBFGS:  162 23:48:02    -2850.856962        0.125531
LBFGS:  163 23:48:09    -2850.859193        0.123666
LBFGS:  164 23:48:15    -2850.861081        0.099961
LBFGS:  165 23:48:22    -2850.863415        0.134552
LBFGS:  166 23:48:28    -2850.865602        0.089993
LBFGS:  167 23:48:35    -2850.867096        0.262404
LBFGS:  168 23:48:42    -2850.870012        0.115260
LBFGS:  169 23:48:48    -2850.872886        0.100237
LBFGS:  170 23:48:55    -2850.877140        0.121286
LBFGS:  171 23:49:01    -2850.880312        0.172199
LBFGS:  172 23:49:08    -2850.884362        0.154154
LBFGS:  173 23:49:14    -2850.888491        0.209897
LBFGS:  174 23:49:21    -2850.890281        0.313750
LBFGS:  175 23:49:27    -2850.894713        0.118680
LBFGS:  176 23:49:34    -2850.897471        0.102308
LBFGS:  177 23:49:40    -2850.902170        0.065185
LBFGS:  178 23:49:47    -2850.904950        0.046796
LBFGS:  179 23:49:53    -2850.908271        0.045456
LBFGS:  180 23:50:00    -2850.910810        0.077089
LBFGS:  181 23:50:06    -2850.913386        0.037339
LBFGS:  182 23:50:13    -2850.915314        0.139507
LBFGS:  183 23:50:19    -2850.916555        0.152708
LBFGS:  184 23:50:26    -2850.918590        0.035474
LBFGS:  185 23:50:32    -2850.920484        0.081515
LBFGS:  186 23:50:39    -2850.922337        0.074688
LBFGS:  187 23:50:45    -2850.923990        0.055843
LBFGS:  188 23:50:52    -2850.925586        0.045712
LBFGS:  189 23:50:58    -2850.926993        0.051786
LBFGS:  190 23:51:05    -2850.928360        0.039882
LBFGS:  191 23:51:11    -2850.929478        0.036980
LBFGS:  192 23:51:18    -2850.930642        0.031236
LBFGS:  193 23:51:24    -2850.931653        0.033310
LBFGS:  194 23:51:31    -2850.932563        0.028840
LBFGS:  195 23:51:37    -2850.933387        0.028608
LBFGS:  196 23:51:43    -2850.934166        0.027495
LBFGS:  197 23:51:50    -2850.934896        0.029587
LBFGS:  198 23:51:56    -2850.935588        0.026470
LBFGS:  199 23:52:03    -2850.936242        0.028192
LBFGS:  200 23:52:09    -2850.936882        0.034794
LBFGS:  201 23:52:16    -2850.937470        0.035480
LBFGS:  202 23:52:22    -2850.938022        0.036597
LBFGS:  203 23:52:29    -2850.938552        0.028605
LBFGS:  204 23:52:35    -2850.939104        0.024513
LBFGS:  205 23:52:42    -2850.939579        0.029935
LBFGS:  206 23:52:48    -2850.940033        0.025110
LBFGS:  207 23:52:55    -2850.940452        0.025419
LBFGS:  208 23:53:02    -2850.940856        0.021340
LBFGS:  209 23:53:08    -2850.941219        0.022468
LBFGS:  210 23:53:15    -2850.941555        0.020662
LBFGS:  211 23:53:21    -2850.941868        0.030542
LBFGS:  212 23:53:27    -2850.942179        0.020343
LBFGS:  213 23:53:34    -2850.942474        0.049856
LBFGS:  214 23:53:40    -2850.942770        0.022375
LBFGS:  215 23:53:47    -2850.943062        0.029739
LBFGS:  216 23:53:54    -2850.943345        0.019870
