Time[ps]    Etot/N[eV]   Epot/N[eV]   Ekin/N[eV]    T[K]      ---------------------- stress [GPa] -----------------------
0.0000          -7.8542      -7.8998       0.0456   368.4     -3.914     -3.985     -4.076      0.064      0.036      0.005
0.0100          -7.8549      -7.8808       0.0258   208.5     -2.609     -2.592     -2.434      0.795     -1.033     -2.220
0.0200          -7.8449      -7.8719       0.0270   217.7     -1.314     -1.173     -1.442      0.489     -0.213     -0.836
0.0300          -7.8315      -7.8634       0.0319   257.8     -0.494     -0.458     -0.258     -0.676      1.246      1.805
0.0400          -7.8151      -7.8661       0.0510   411.3      0.650      0.231      0.036     -0.582      0.035      1.776
0.0500          -7.8106      -7.8847       0.0741   598.3      1.118      1.369      1.705     -0.032     -1.576     -1.051
0.0600          -7.8045      -7.8780       0.0735   593.6      2.448      2.695      2.748      0.367     -1.659     -2.618
0.0700          -7.7956      -7.8592       0.0636   513.2      3.731      4.740      3.131      0.181     -0.931     -1.294
0.0800          -7.7781      -7.8347       0.0566   457.2      4.133      5.665      5.539     -1.157      0.040      1.366
0.0900          -7.7617      -7.8440       0.0823   664.4      4.590      5.200      7.335     -0.513     -1.492      0.893
0.1000          -7.7534      -7.8264       0.0730   589.2      4.382      6.360      5.900      0.575     -3.519     -2.896
0.1100          -7.7232      -7.8073       0.0841   679.2      2.589      5.364      4.509      0.677     -3.007     -3.654
0.1200          -7.7067      -7.8084       0.1017   821.0      0.800      2.811      2.011      0.401      0.632      0.204
0.1300          -7.6829      -7.7969       0.1140   920.3     -0.540     -0.400     -0.319     -0.954      1.726      2.049
0.1400          -7.6679      -7.8248       0.1568  1266.2     -3.638     -1.220     -2.456     -0.809     -1.112     -0.086
0.1500          -7.6607      -7.8071       0.1463  1181.1     -2.390     -2.550     -1.968      1.006     -2.129     -1.807
0.1600          -7.6398      -7.7797       0.1399  1129.1     -0.047     -1.730     -1.414      2.406      0.455      0.876
0.1700          -7.6154      -7.7610       0.1456  1175.2     -2.013     -0.060     -0.586     -0.988      2.130      5.460
0.1800          -7.5944      -7.7646       0.1702  1373.7      0.802     -0.911      0.240     -3.383      3.045      2.792
0.1900          -7.5748      -7.7458       0.1709  1379.9      3.129      0.977      1.551     -1.743      0.676     -1.556
0.2000          -7.5571      -7.7509       0.1938  1564.6      1.246      3.161      4.499      0.709     -1.328     -0.483
0.2100          -7.5508      -7.7652       0.2144  1730.5      3.656      2.031      3.745     -0.346      1.701      1.272
0.2200          -7.5319      -7.7210       0.1891  1526.6      3.142      0.990      1.665     -2.776      0.808      2.230
0.2300          -7.5144      -7.7408       0.2265  1828.1      1.863      3.762      1.882     -4.939     -2.599      1.766
0.2400          -7.4996      -7.7406       0.2411  1945.9      4.704      0.650      0.690     -0.707     -3.607     -3.608
0.2500          -7.4749      -7.6778       0.2029  1637.9      2.785     -1.344     -2.291      3.958     -1.378     -4.834
0.2600          -7.4483      -7.7239       0.2756  2224.7     -1.620      1.303      2.773      0.292      0.106     -2.332
0.2700          -7.4277      -7.6679       0.2402  1939.0     -0.042      1.155      0.892     -3.017     -2.106     -0.684
0.2800          -7.4048      -7.6248       0.2200  1775.7      1.081     -0.194     -0.441     -1.724     -3.462     -2.924
0.2900          -7.3947      -7.7292       0.3345  2700.4      1.943      3.744      2.578      3.092     -0.317     -3.604
0.3000          -7.3813      -7.6597       0.2785  2248.1     -3.167      0.013      4.564      4.514      1.083     -1.880
0.3100          -7.3713      -7.6794       0.3081  2487.0     -2.023     -1.949     -1.863      2.860      1.723      0.874
0.3200          -7.3583      -7.6694       0.3110  2510.8     -2.828      1.263     -4.825     -3.155      1.912      3.389
0.3300          -7.3315      -7.5801       0.2485  2006.4     -3.202     -0.852     -0.144     -1.990      3.192      2.920
0.3400          -7.2829      -7.5743       0.2914  2352.7      1.102     -0.151      2.604     -2.658      0.123     -0.263
0.3500          -7.2494      -7.5992       0.3498  2823.9      2.440      1.052      0.323     -2.725     -0.094      0.869
0.3600          -7.2555      -7.6082       0.3527  2847.1      1.308      0.096     -0.430      0.595      2.580      2.987
0.3700          -7.2319      -7.5811       0.3492  2819.4     -2.666      2.493     -0.705     -2.857      3.096      3.881
0.3800          -7.2013      -7.5544       0.3531  2850.5      0.331     -3.121     -1.953     -6.769      3.490      2.811
0.3900          -7.1713      -7.5077       0.3364  2715.7     -4.274      0.421     -3.339     -2.216      0.088      3.333
0.4000          -7.1521      -7.5583       0.4062  3278.8      1.024     -3.919     -4.520      1.939      1.461     -0.339
0.4100          -7.1586      -7.6062       0.4475  3612.8     -1.335     -1.621     -2.611     -3.297      1.621     -1.388
0.4200          -7.1311      -7.4708       0.3397  2742.1     -3.037     -2.939      2.220     -7.552      0.348     -0.267
0.4300          -7.1134      -7.5184       0.4050  3269.4      2.133      0.865     -1.056     -2.381     -2.637      0.403
0.4400          -7.0916      -7.5517       0.4601  3714.0      1.580      3.620     -0.054      1.550     -1.266     -0.706
0.4500          -7.0948      -7.5237       0.4289  3462.4     -1.141      5.599      1.484      2.796     -0.819     -2.820
0.4600          -7.0829      -7.5228       0.4399  3551.0      1.630      1.633      4.311      2.327     -0.186     -2.232
0.4700          -7.0408      -7.4003       0.3595  2902.1      0.880     -3.924     -0.430     -1.686     -2.424     -1.200
0.4800          -6.9962      -7.4905       0.4943  3990.0     -0.871     -1.237      5.113     -0.500      0.314      0.140
0.4900          -6.9983      -7.4603       0.4620  3729.8     -3.290     -3.421      7.225      5.396      0.704      7.262
0.5000          -6.9953      -7.5242       0.5288  4269.2      0.946      6.979      5.389      2.712      0.647     -2.586
0.5100          -7.0000      -7.4433       0.4434  3579.1      6.161      7.291     -4.403      1.360      0.409     -5.014
0.5200          -6.9736      -7.5019       0.5283  4264.6      8.846      6.146      2.710     -4.942      0.545      3.771
0.5300          -6.9441      -7.3682       0.4242  3424.1      1.160     -6.082      8.574     -1.872      0.928      4.426
0.5400          -6.8889      -7.3337       0.4448  3590.9      0.970     -2.744      3.411      1.619     -0.079      1.679
0.5500          -6.8609      -7.3133       0.4524  3652.0     -1.221      3.641     -8.949     -2.118      0.981     -0.963
0.5600          -6.8223      -7.4256       0.6033  4870.6     -2.644      0.621     -6.507     -3.944     -2.165     -3.135
0.5700          -6.8425      -7.4744       0.6318  5100.6     -4.973     -8.888      1.065     -3.503     -5.695     -4.627
0.5800          -6.8619      -7.4292       0.5673  4579.3     -2.433      0.589      0.226     -0.144     -6.118     -2.672
0.5900          -6.8355      -7.3378       0.5022  4054.5      3.046      3.569     -0.823      3.005      1.976     -2.486
0.6000          -6.8068      -7.3676       0.5607  4526.5      4.217      4.065     -1.876      2.793      4.551      0.183
0.6100          -6.7780      -7.3654       0.5874  4741.9     -3.091     -3.414     -2.679     -1.605      4.212      3.007
0.6200          -6.7908      -7.4681       0.6773  5467.6      1.762     -4.966     -1.604     -4.359      3.669      0.356
0.6300          -6.7999      -7.4154       0.6156  4969.4      6.071      1.845     -0.722     -0.108     -7.562      0.787
0.6400          -6.7840      -7.3478       0.5638  4551.7      7.477      8.778      5.755      3.833     -2.083      0.860
0.6500          -6.7340      -7.1898       0.4559  3680.1      4.211      8.398      3.440      3.856      1.695     -1.637
0.6600          -6.6494      -7.2185       0.5691  4594.2     -2.576      6.291      6.321     -0.569      5.382     -1.052
0.6700          -6.6175      -7.2087       0.5912  4772.5     -2.589     -3.439      2.001     -8.426      1.631     -2.614
0.6800          -6.5801      -7.1675       0.5874  4742.1     -6.537     -0.253     -6.623     -3.195      0.216      1.142
0.6900          -6.5213      -7.1339       0.6126  4945.2     -8.056     -1.815    -11.940     -2.068      3.519     -6.681
0.7000          -6.4995      -7.1550       0.6555  5291.3    -13.546     -8.340      5.141     -3.088     -2.355     -3.369
0.7100          -6.5014      -7.2695       0.7681  6200.3     -4.131      3.970     -6.799      0.250     -3.775      0.558
0.7200          -6.5129      -7.2821       0.7692  6209.4     -1.887      2.163     -2.258      0.624     -5.892      0.428
0.7300          -6.5104      -7.1381       0.6277  5067.0      3.095     -4.366      1.321      2.308     -1.702     -6.948
0.7400          -6.4718      -7.0952       0.6234  5032.2      5.430     -6.534      3.621      4.162      3.745     -1.058
0.7500          -6.4139      -7.0857       0.6718  5423.2     -5.320      2.445     -0.647      2.787      4.239      8.674
0.7600          -6.3639      -7.0833       0.7195  5808.0     -1.697      0.626     -4.067      3.189      0.661      0.365
0.7700          -6.3494      -7.0726       0.7231  5837.5     -0.990     -8.533     -4.276      2.917      0.644     -5.318
0.7800          -6.2994      -7.0175       0.7181  5797.3      0.781     -6.086      4.323     -1.810      0.757     -4.466
0.7900          -6.2800      -6.9670       0.6870  5545.8     -3.715      2.073     -0.854     -2.424     -1.378      2.590
0.8000          -6.2409      -6.9132       0.6723  5427.4     -0.224      4.887     -2.598     -2.182     -1.527     -2.294
0.8100          -6.1688      -6.8432       0.6744  5444.4     -3.899      5.188     -6.192      1.387     -3.258     -0.228
0.8200          -6.1262      -6.8633       0.7371  5950.5      0.824      0.586     -0.251      1.214     -2.350     -3.411
0.8300          -6.0648      -6.8271       0.7623  6153.7      8.314      3.139      8.257     -2.051     -1.366     -4.854
0.8400          -6.0394      -6.8101       0.7706  6221.2     -2.331      0.537      2.415     -1.995     -1.700      0.218
0.8500          -5.9996      -6.7645       0.7649  6175.1     -8.094     -5.072      2.456      8.320      0.142     -6.260
0.8600          -5.9573      -6.7175       0.7601  6136.4      1.550     -2.456      2.069      6.408     -4.308     -3.118
0.8700          -5.9002      -6.6298       0.7296  5890.2      5.372      1.732      2.577      2.162     -0.359     -7.334
0.8800          -5.8510      -6.5899       0.7389  5965.0      1.585      7.430     -3.556      1.761      5.983     -0.109
0.8900          -5.7938      -6.5652       0.7714  6227.6      0.268     -2.330     -4.000      2.957      5.967      4.435
0.9000          -5.7316      -6.4638       0.7322  5910.6      6.481    -12.822     -0.194      7.962     -0.530      3.295
0.9100          -5.6566      -6.5610       0.9045  7301.6      8.408      3.393     -2.975      6.909     -2.487      0.091
0.9200          -5.6434      -6.4960       0.8526  6882.6     -1.404      2.262      2.096      4.377      0.784     -4.676
0.9300          -5.6518      -6.6413       0.9895  7987.6      0.836     -0.470      0.920      3.305     -5.655      1.547
0.9400          -5.6395      -6.6484       1.0089  8144.5      5.951    -10.321      1.867      5.413     -2.463      5.200
0.9500          -5.6981      -6.6958       0.9977  8054.2      0.037     -0.736      3.981     -1.421     10.206     -2.930
0.9600          -5.6867      -6.5925       0.9057  7311.7     -5.615      3.741      1.617     -8.365     11.471     -2.355
0.9700          -5.7019      -6.6812       0.9793  7905.6     -7.677      7.446      4.189     -1.066     -2.135     -2.241
0.9800          -5.6596      -6.6985       1.0389  8386.4     -0.978     -8.992      1.745     -0.302     -3.470      5.680
0.9900          -5.6820      -6.6072       0.9251  7468.3     -4.453    -11.586     -7.658     -0.373      0.869      8.259
1.0000          -5.6642      -6.5186       0.8544  6897.4     -2.438     -3.334      4.306      3.737      1.688     -1.424
1.0100          -5.5594      -6.2973       0.7379  5956.9     -1.854     -6.709      7.760     -1.851      4.516      4.064
1.0200          -5.4773      -6.4156       0.9382  7574.2     -3.363     -5.005      0.513      2.736      3.336      6.173
1.0300          -5.4414      -6.3912       0.9497  7666.9      0.174     -4.728     -4.884      2.338      3.425     -0.101
1.0400          -5.3989      -6.2893       0.8905  7188.4      5.492     -3.485     -3.016      5.999      3.407      0.621
1.0500          -5.3709      -6.3326       0.9617  7763.1      3.775      2.484     -2.870      2.889     -0.821      3.659
1.0600          -5.3448      -6.2764       0.9316  7520.6      3.123     -1.579     -7.547      1.727      1.708      2.296
1.0700          -5.3205      -6.2453       0.9249  7466.4      1.146     -5.276     -3.628     -4.567      1.554      2.759
1.0800          -5.2910      -6.2602       0.9692  7824.4      0.887    -11.422     -3.976     -1.220      2.330      0.964
1.0900          -5.2937      -6.3123       1.0186  8222.8      5.292     -4.214     -6.173      4.134      2.506     -1.050
1.1000          -5.2660      -6.2081       0.9421  7605.0      7.866      0.506     -4.134      0.408      3.895      2.563
1.1100          -5.2489      -6.0682       0.8193  6613.8      3.194      3.712      1.370      1.673      5.780      6.795
1.1200          -5.1276      -5.8306       0.7029  5674.5     -5.093     -6.822    -11.110     -5.377     10.649      3.934
1.1300          -5.0250      -5.8582       0.8331  6725.8      1.586     -5.309     -8.833     -2.075      3.989     -3.158
1.1400          -4.9728      -5.9069       0.9342  7541.1      1.036     -2.127      1.187     -0.962      4.024     -0.389
1.1500          -4.9210      -5.9263       1.0053  8115.8     -7.379     -3.773     -4.221      2.056     -2.583      3.537
1.1600          -4.9390      -5.9771       1.0382  8380.8     -4.015     -8.711     -1.692     -0.148     -4.634      3.096
1.1700          -4.9796      -6.0749       1.0952  8841.3      0.058     -2.259     -8.991     -6.836     -7.907     -0.929
1.1800          -5.0184      -5.9786       0.9602  7751.3     -1.247     -6.752     -5.142     -5.272      5.739     -2.217
1.1900          -5.0097      -6.0020       0.9923  8010.3      0.606     -8.230     -0.860     -3.674      5.296      2.902
1.2000          -4.9972      -6.0131       1.0159  8200.7     -1.670     -4.191     -6.288      2.065      1.921      1.118
1.2100          -5.0219      -6.0135       0.9917  8005.4     -6.697     -4.967     -2.268     -1.753     -2.119     -2.678
1.2200          -5.0450      -6.0952       1.0502  8477.9     -0.197     -2.964      6.644      4.194      3.210     -0.300
1.2300          -5.0338      -5.9642       0.9305  7511.3      0.711     -9.307      3.131      3.240      4.561      2.464
1.2400          -5.0498      -6.1030       1.0532  8501.9     -3.878     -0.218      5.403      4.687      5.684      0.025
1.2500          -5.0451      -5.9521       0.9070  7321.7      1.336      1.122     -3.752      3.084      4.216     -2.597
1.2600          -5.0281      -5.8942       0.8660  6991.3      1.854     -5.836      0.909      2.423      1.094      5.136
1.2700          -5.0478      -6.0553       1.0075  8132.9     -0.752     -2.294     -7.141      1.462      3.078      3.304
1.2800          -5.0430      -5.9983       0.9553  7712.1     -3.043     -7.210     -9.066      2.297      4.741     -0.114
1.2900          -5.0142      -5.9647       0.9505  7673.4      6.698      0.014     -1.710     -2.712      1.274      5.139
1.3000          -5.0364      -5.9262       0.8898  7183.5      4.781     -0.843    -15.260     -0.057      6.828      1.549
1.3100          -4.9808      -5.9790       0.9982  8058.0     -0.524     -6.511     -3.403      0.133      3.994     -0.904
1.3200          -4.9909      -6.0898       1.0989  8870.8     -1.503     -5.100     -2.522     -1.896     -0.527      0.299
1.3300          -5.0400      -6.0990       1.0590  8549.0     -3.838     -1.409     -4.623      2.362     -3.057     -0.299
1.3400          -5.0532      -6.0156       0.9624  7768.8     -2.955     -1.846      1.892      3.236      0.726     -0.735
1.3500          -5.0299      -6.0042       0.9743  7865.1     -3.120      2.204      0.923      0.385      2.594     -6.881
1.3600          -5.0309      -5.9638       0.9329  7530.9      2.289     -2.239     -0.865      0.296      3.145     -4.302
1.3700          -4.9695      -5.7913       0.8218  6634.3     -0.382     -1.396     -4.997      1.645     -2.228     -3.073
1.3800          -4.9120      -5.8767       0.9647  7787.8     -5.166     -1.960     -4.010      1.882      0.296     -1.098
1.3900          -4.9101      -5.8939       0.9838  7942.0      0.195     -7.517     -2.562     -3.734     -2.382      2.224
1.4000          -4.8974      -5.8711       0.9737  7860.1      4.559     -2.664      1.443      1.539     -2.232     -2.660
1.4100          -4.9217      -5.9477       1.0260  8282.5     -0.016      4.131     -3.697     -3.635     -2.024     -3.218
1.4200          -4.9427      -6.1049       1.1622  9382.1     -8.941      2.388     -4.992     -5.503      1.660     -1.572
1.4300          -4.9833      -6.0250       1.0417  8409.3     -7.213     -2.759     -6.013     -0.255     -2.088      1.041
1.4400          -5.0452      -6.1405       1.0953  8842.0      1.077      5.335      4.307     -1.454      0.745     -1.621
1.4500          -5.0328      -5.9059       0.8731  7048.4     -1.353      0.501      3.492      1.795     -0.283     -0.127
1.4600          -4.9804      -5.8187       0.8383  6767.1      2.178     -1.438      1.793      1.213      1.134      4.115
1.4700          -4.8935      -5.6981       0.8046  6495.7      1.464     -2.333      2.292      3.347      2.916      4.592
1.4800          -4.8049      -5.6223       0.8174  6598.9     -4.065     -7.239     -6.819      1.324     -2.138      0.073
1.4900          -4.7747      -5.7718       0.9971  8049.4     -0.643      0.171     -1.564      1.862      1.316      1.654
1.5000          -4.7582      -5.7748       1.0165  8206.2      4.204      3.490     -1.649      3.155      1.634     -0.467
1.5100          -4.7902      -5.8578       1.0676  8618.8      2.805     -3.789     -0.243      7.287      0.486     -4.615
1.5200          -4.8545      -5.9381       1.0836  8747.9    -13.416     -1.826      7.407      2.954      1.308      1.572
1.5300          -4.9051      -6.0549       1.1498  9282.2     -4.613     -8.298      3.277     -1.868      3.563      2.399
1.5400          -4.9463      -5.9809       1.0346  8352.3     -0.769      5.520     -5.177     -2.491     -0.385      1.554
1.5500          -4.9732      -5.9939       1.0207  8239.7      1.483      3.424      4.795      1.308      0.831      1.393
1.5600          -4.9905      -6.0055       1.0150  8193.7      3.348     -4.032      1.932     -0.874      1.563     -2.572
1.5700          -5.0041      -5.9708       0.9667  7803.5     -0.502     -2.372     -4.751      1.364     -3.602     -2.644
1.5800          -4.9311      -5.6918       0.7607  6140.7     -1.689     -6.800     -9.079      0.897      2.368     -1.669
1.5900          -4.8486      -5.7631       0.9146  7383.1      6.022      1.906      5.588      1.323     -3.314     -2.453
1.6000          -4.8177      -5.6876       0.8699  7022.6      0.942      1.689      6.498     -0.017     -7.055     -1.871
1.6100          -4.7679      -5.7300       0.9621  7766.9      1.294     -3.132      1.197     -0.267     -3.407      0.865
1.6200          -4.7775      -5.7918       1.0143  8188.2     -0.033     -8.217     -2.343      2.487      2.030      2.671
1.6300          -4.7953      -5.8683       1.0730  8661.7      0.921     -4.319     -3.670      3.234      5.276      0.914
1.6400          -4.8452      -5.9063       1.0611  8565.8      3.364     -0.395     -5.117     -3.130      1.905      0.644
1.6500          -4.8872      -5.9180       1.0309  8321.9      0.866      8.902      2.616     -1.274      3.723      1.755
1.6600          -4.8531      -5.7113       0.8582  6928.1      2.062      3.398     -5.991      2.896      1.958     -3.407
1.6700          -4.7965      -5.7659       0.9694  7825.6     -6.365      0.992     -0.713      1.269     -2.307     -2.625
1.6800          -4.7666      -5.6471       0.8806  7108.5     -1.889     -2.193     -3.337     -1.176     -1.821     -6.990
1.6900          -4.7264      -5.6562       0.9297  7505.6     -6.507     -9.664      2.443     -3.478     -4.884      3.367
1.7000          -4.7241      -5.7226       0.9985  8060.5     -4.549     -3.323      1.915      0.563     -1.154      1.385
1.7100          -4.6883      -5.7067       1.0184  8221.2     -3.270     -1.026      3.722     -3.179     -0.923     -0.801
1.7200          -4.7028      -5.6831       0.9803  7913.7     -7.514     -3.979     -2.190     -3.269     -1.454     -0.108
1.7300          -4.6606      -5.5974       0.9368  7562.3     -6.609     -1.793     -2.776     -0.138     -0.667     -1.871
1.7400          -4.6286      -5.4944       0.8658  6989.4     -2.570      3.071      3.162      3.689      1.197      1.782
1.7500          -4.5878      -5.5634       0.9756  7875.8      1.118     -1.490      1.226      0.781      1.354      2.703
1.7600          -4.5722      -5.5556       0.9834  7938.8     -3.287     -2.546     -1.505     -1.788      1.240      0.788
1.7700          -4.5488      -5.4354       0.8866  7157.5      0.560     -1.988      1.619     -1.570      1.860      0.179
1.7800          -4.4746      -5.2837       0.8092  6532.1     -2.868     -3.242     -7.517     -0.972     -0.050      1.427
1.7900          -4.4253      -5.3502       0.9250  7467.1      0.755     -6.238     -8.612     -0.978      1.578      0.714
1.8000          -4.3577      -5.2257       0.8681  7007.6     -7.707     -1.437     -3.293     -0.796      1.493     -0.908
1.8100          -4.2875      -5.2190       0.9316  7520.2     -3.272      1.528     -0.897     -0.725     -0.921     -1.306
1.8200          -4.3229      -5.4775       1.1546  9320.7      3.348      1.862     -3.312      0.975     -1.957     -0.337
1.8300          -4.3784      -5.4465       1.0681  8622.7     -6.003     -5.583     -0.680     -2.269      2.784     -0.458
1.8400          -4.4370      -5.5794       1.1424  9222.1     -3.504    -11.021      4.082     -3.667     -0.854      0.410
1.8500          -4.5079      -5.6556       1.1477  9265.2     -4.810     -0.141     -0.327     -4.238     -0.336     -2.135
1.8600          -4.5453      -5.4594       0.9141  7378.9     -0.335      2.818     -1.029      3.239     -0.696      3.683
1.8700          -4.5169      -5.4982       0.9813  7921.7      2.514      4.924     -0.983     -1.993      2.391      2.183
1.8800          -4.4901      -5.4697       0.9796  7908.3      1.273     -1.368      2.602      1.496      1.306      2.097
1.8900          -4.4620      -5.3805       0.9184  7414.3     -5.695     -3.673     -0.845     -2.810     -4.162     -1.292
1.9000          -4.4220      -5.4172       0.9952  8033.8     -2.941     -0.716     -3.580     -4.016      0.370      1.203
1.9100          -4.4069      -5.3051       0.8981  7250.4      1.671      3.169     -4.289      3.221      0.826     -0.338
1.9200          -4.3603      -5.3048       0.9445  7624.8     -0.448      4.355     -0.955      1.529     -2.637      0.656
1.9300          -4.3902      -5.5171       1.1269  9096.9     -2.731     -1.432     -4.828     -0.611     -0.660      1.008
1.9400          -4.4520      -5.4283       0.9764  7881.8     -9.509    -11.357      1.787     -0.066      4.963      1.288
1.9500          -4.4176      -5.3092       0.8916  7197.6    -11.690     -3.613     -0.780     -1.303      2.731      4.559
1.9600          -4.3848      -5.2781       0.8933  7211.0      1.405      0.877     -6.001      3.554      2.118      2.598
1.9700          -4.3597      -5.2906       0.9309  7514.7      4.234     -2.456      2.755      0.829      1.328      2.428
1.9800          -4.3443      -5.3596       1.0153  8196.4      1.864     -1.712      0.553     -2.345      1.452     -1.583
1.9900          -4.4137      -5.5797       1.1660  9412.5      0.728     -2.651     -0.836      0.289     -2.966     -2.401
2.0000          -4.4487      -5.5196       1.0708  8644.5     -1.554     -1.671     -4.410     -1.545     -0.157      2.912
2.0100          -4.5075      -5.6030       1.0955  8843.8      3.339     -2.269      5.376     -2.782      0.378      3.979
2.0200          -4.5666      -5.7167       1.1501  9284.8     -3.134     -1.509      5.036     -2.810      1.100      7.489
2.0300          -4.6344      -5.6015       0.9671  7807.3     -2.375     -1.678     -5.501      4.196     -1.506      1.048
2.0400          -4.6140      -5.5440       0.9300  7507.3      0.411     -0.011     -6.341      0.023     -1.896     -0.258
2.0500          -4.6160      -5.5477       0.9316  7520.6      0.564     -2.548     -3.866      0.830      0.887     -0.672
2.0600          -4.6482      -5.7194       1.0712  8647.4      0.949      3.371      5.140     -1.497      1.757     -0.684
2.0700          -4.7190      -5.7108       0.9918  8006.7     -8.838      1.915      0.723      1.885      0.372      0.893
2.0800          -4.7376      -5.7604       1.0228  8256.8     -5.895      0.365     -1.042      1.340     -2.685      0.729
2.0900          -4.7529      -5.5352       0.7823  6315.4      3.674      1.565     -3.214     -3.123      2.580      5.058
2.1000          -4.6995      -5.4785       0.7789  6288.2      8.728      0.882      0.270      0.261     -1.046      4.502
2.1100          -4.6856      -5.5727       0.8871  7161.4      7.630     -6.242      0.319      4.595     -1.284     -0.213
2.1200          -4.7235      -5.7148       0.9912  8002.0     -0.648     -5.065     -2.988     -1.825     -1.988     -6.793
2.1300          -4.8094      -5.8698       1.0604  8560.1      1.944      1.161      3.401     -0.853     -1.597     -0.877
2.1400          -4.8594      -5.6497       0.7903  6379.6    -11.217     -0.653     -5.435     -2.531     -0.299      0.385
2.1500          -4.8697      -5.7129       0.8432  6807.0     -0.982      1.534     -0.142     -1.150      3.251     -2.013
2.1600          -4.8116      -5.5300       0.7184  5799.5     -2.051     -0.879      3.367      1.511      5.108     -2.724
2.1700          -4.7956      -5.5740       0.7785  6284.3      2.955      0.400      4.638      0.349      0.308     -0.005
2.1800          -4.7754      -5.5843       0.8089  6530.2     -0.869     -1.491      3.184     -3.582     -1.262      0.811
2.1900          -4.7990      -5.8025       1.0034  8100.4     -5.769      4.682      4.479     -0.968     -2.051      0.164
2.2000          -4.8803      -5.8404       0.9601  7750.5     -0.994      3.471      2.803      1.106      2.366     -0.020
2.2100          -4.9299      -5.8211       0.8912  7194.7     -3.217     -1.370     -0.970     -1.236      0.925     -0.227
2.2200          -4.9899      -5.8815       0.8916  7197.6     -7.749     -1.501      0.178      0.168     -2.639      0.187
2.2300          -5.0316      -5.8240       0.7924  6397.0      2.504     -3.659     -1.766      0.923      1.945      1.543
2.2400          -5.0038      -5.7384       0.7346  5930.1      6.830     -2.893      0.862      0.396      3.761      0.450
2.2500          -5.0145      -5.7265       0.7120  5748.0     -0.480     -9.265     -2.062      2.418      0.635     -1.524
2.2600          -5.0182      -5.8232       0.8049  6498.1     -2.540     -0.445     -1.247     -1.294      0.735      1.606
2.2700          -4.9986      -5.6077       0.6091  4917.3      2.720     -4.411      0.712      1.785      0.844      1.768
2.2800          -4.9769      -5.7396       0.7626  6156.5      0.972     -8.411      0.321     -0.106      2.751      1.396
2.2900          -5.0194      -5.8785       0.8591  6935.0     -1.355     -0.660     -1.966     -0.126     -0.156      2.288
2.3000          -5.1230      -6.0572       0.9342  7541.7      1.135      1.213     -1.052      1.737     -2.769     -1.758
2.3100          -5.1690      -5.9450       0.7759  6264.0     -2.760     -3.381     -5.642     -1.328     -3.346     -3.367
2.3200          -5.2394      -5.9476       0.7082  5716.9     -1.708      0.689     -8.773     -3.239     -0.972     -1.207
2.3300          -5.2142      -5.7856       0.5714  4612.3      1.773      2.076      1.950      1.471      2.089     -3.207
2.3400          -5.1855      -5.8340       0.6485  5234.9     -1.164     -0.354      1.534      2.820     -1.089     -2.371
2.3500          -5.2100      -6.0396       0.8296  6696.8     -2.464     -0.305      1.810      2.765     -0.802     -0.460
2.3600          -5.2914      -6.1117       0.8203  6622.4     -5.677     -2.489     -1.130     -2.310     -1.176      1.147
2.3700          -5.3391      -5.9742       0.6351  5126.7     -2.615     -3.912     -2.167     -5.128     -1.033     -0.633
2.3800          -5.3378      -5.9599       0.6221  5021.9      2.561      6.242     -2.146      0.410      0.767     -0.340
2.3900          -5.3440      -5.9454       0.6014  4854.9      1.182      4.376      2.669      1.106      1.342      2.490
2.4000          -5.3421      -5.8856       0.5435  4387.3      7.435      6.004      4.279     -2.779      2.241     -2.364
2.4100          -5.3163      -5.8879       0.5716  4614.5      4.121      1.046      2.429      1.153      0.092     -2.258
2.4200          -5.3367      -6.0116       0.6749  5448.0     -1.912      0.246     -1.059      0.905      0.590     -1.161
2.4300          -5.3715      -5.9744       0.6029  4866.8     -4.292      2.196     -1.499     -4.970      0.023     -2.235
2.4400          -5.4218      -6.0577       0.6359  5133.5     -0.894      1.426      1.914     -0.638      1.312      3.059
2.4500          -5.4571      -6.1466       0.6895  5566.1     -0.839      0.325      2.254     -4.060      2.351     -0.391
2.4600          -5.4933      -6.0626       0.5693  4596.1     -1.421     -4.725     -0.480     -4.333      1.420     -4.045
2.4700          -5.5314      -6.1344       0.6030  4867.6      0.419      2.289      0.574     -2.823      0.220     -0.392
2.4800          -5.5418      -6.1204       0.5786  4671.0      4.070      3.591      0.130      1.279      1.570     -0.721
2.4900          -5.5838      -6.1610       0.5772  4659.7      2.012      2.254      5.630      1.642      2.772     -0.114
2.5000          -5.6175      -6.1809       0.5634  4548.0      1.650      2.270      1.156     -2.844      0.618      0.623
2.5100          -5.6436      -6.1943       0.5507  4445.6      1.374      6.394     -0.666      2.180      0.874      1.895
2.5200          -5.6864      -6.2746       0.5882  4748.2      0.533      3.118      8.148      2.674      0.002      1.439
2.5300          -5.7605      -6.3555       0.5950  4803.4      0.051      1.308      7.976      0.232     -1.158      1.415
2.5400          -5.7815      -6.2787       0.4971  4013.3     -7.505      5.262      0.611      0.081     -2.492      0.923
2.5500          -5.8080      -6.3349       0.5269  4253.7     -0.878      2.526      0.486     -2.109      1.461      0.440
2.5600          -5.8360      -6.3406       0.5046  4073.6     -1.035      1.342      0.857     -3.598     -0.546      1.145
2.5700          -5.8662      -6.3743       0.5081  4101.7      0.306      4.696     -1.141      0.989      0.003      3.785
2.5800          -5.9107      -6.4378       0.5271  4254.8      4.430      8.568     -0.849      0.884      0.206      2.805
2.5900          -5.9705      -6.5052       0.5347  4316.3      4.608      2.546     -0.331      0.659      1.094      1.323
2.6000          -6.0283      -6.5628       0.5344  4314.4     -1.084      1.409     -5.311      3.828      2.368      1.743
2.6100          -6.0863      -6.5641       0.4778  3857.3     -6.078      6.554     -2.384      0.994      2.178      1.156
2.6200          -6.1080      -6.5812       0.4732  3820.4     -3.057      9.959     -1.987      1.272     -1.040     -0.434
2.6300          -6.1483      -6.5949       0.4466  3605.3     -2.814      8.946     -0.912      1.199     -4.688      1.060
2.6400          -6.2001      -6.7078       0.5077  4098.6     -0.292      9.713      2.539      1.031     -3.755     -0.008
2.6500          -6.2386      -6.6381       0.3995  3225.4      0.986      7.853      5.026      0.664     -2.099     -0.405
2.6600          -6.2735      -6.6876       0.4141  3343.0      1.436      8.713      2.381     -0.909     -1.094      0.975
2.6700          -6.3136      -6.7140       0.4004  3232.5      1.741      8.494     -2.311     -3.929     -0.756     -0.925
2.6800          -6.3388      -6.7560       0.4172  3368.2      1.114      6.558     -0.553     -1.064     -0.543     -1.896
2.6900          -6.3810      -6.7732       0.3922  3165.8      2.767      4.534      0.537     -3.113      2.364      2.336
2.7000          -6.4173      -6.7797       0.3624  2925.5      4.218      8.181     -0.664     -3.745      2.384     -0.923
2.7100          -6.4455      -6.8397       0.3942  3182.1      0.671      7.064     -1.668     -2.403     -1.318      0.355
2.7200          -6.4773      -6.8527       0.3754  3030.4     -4.693      2.976     -4.609     -0.382     -1.290      1.812
2.7300          -6.5067      -6.8190       0.3123  2520.9     -0.600      2.112     -5.143     -0.865     -1.078      3.106
2.7400          -6.5217      -6.8734       0.3517  2839.3      1.152      6.084     -5.662     -1.533     -0.554      2.515
2.7500          -6.5554      -6.8913       0.3359  2711.3     -2.529      6.519     -3.056     -0.010      1.277     -0.938
2.7600          -6.5748      -6.8488       0.2740  2211.8     -1.106      6.339     -0.708      1.246      1.391     -3.043
2.7700          -6.5888      -6.8593       0.2705  2183.6      2.277     11.095     -1.826      1.650      2.127     -2.089
2.7800          -6.5911      -6.8171       0.2259  1823.9      3.056     11.665      0.806      0.190     -1.208     -0.259
2.7900          -6.5995      -6.8439       0.2444  1973.3      2.829      9.692      2.153     -0.990     -0.530      1.583
2.8000          -6.6415      -7.0039       0.3623  2925.0      3.652      9.450      0.776     -0.943      2.178      0.942
2.8100          -6.7064      -6.9904       0.2840  2293.0      2.104      6.876      3.468      1.073      0.168     -1.902
2.8200          -6.7543      -7.0332       0.2788  2250.9      5.890      6.991      2.206      0.328     -0.240      0.606
2.8300          -6.7748      -7.0112       0.2363  1908.0      3.589      4.211     -1.467      0.139      0.148     -0.559
2.8400          -6.8092      -7.0535       0.2443  1972.2      1.448      2.691     -2.547     -1.436     -3.979      0.463
2.8500          -6.8391      -7.0905       0.2514  2029.7      3.123      0.286     -5.579     -2.841     -2.118      1.014
2.8600          -6.8630      -7.0957       0.2327  1878.9     -2.539      2.240     -5.941     -0.536      1.458     -0.313
2.8700          -6.8995      -7.1119       0.2124  1715.0     -2.631      4.989     -3.200      1.750     -1.195      1.152
2.8800          -6.9343      -7.1982       0.2639  2130.4      4.716      4.812     -0.650      0.019     -0.370      0.933
2.8900          -6.9891      -7.2063       0.2172  1753.2      4.575      3.917     -1.751     -0.566      0.711     -2.224
2.9000          -7.0282      -7.2278       0.1996  1611.5      4.039      6.873     -0.819     -0.732      1.282     -0.666
2.9100          -7.0580      -7.2229       0.1649  1330.8      6.403      9.313      0.144     -0.328      0.478      0.736
2.9200          -7.0996      -7.2716       0.1719  1387.9     10.514     11.493     -0.714     -1.928      2.043      0.371
2.9300          -7.1424      -7.2959       0.1535  1239.0      9.445      9.431     -1.714     -1.534      1.711      0.685
2.9400          -7.1756      -7.3326       0.1570  1267.6      6.461      7.720     -2.704     -0.881      2.282      0.401
2.9500          -7.2108      -7.3457       0.1349  1089.0      5.839      4.132     -1.917      0.208      1.040      1.897
2.9600          -7.2366      -7.3710       0.1344  1084.7      7.911      4.704     -4.353      0.521     -0.280     -0.068
2.9700          -7.2688      -7.3789       0.1100   888.3     10.352      5.620     -4.541     -0.705      0.314     -0.938
2.9800          -7.2992      -7.4132       0.1140   920.2      9.323      3.037     -2.179     -1.175      0.255      0.717
2.9900          -7.3277      -7.4299       0.1022   825.1      5.525      0.867     -2.620      0.164      0.300      2.696
3.0000          -7.3537      -7.4369       0.0832   671.6      5.777      1.793     -5.042      0.807      0.617      3.023
3.0100          -7.3764      -7.4535       0.0771   622.2      5.818      3.346     -2.373     -0.594      0.102      1.186
3.0200          -7.3953      -7.4649       0.0696   561.8      5.520      2.761     -1.046     -0.680     -0.792     -0.380
3.0300          -7.4136      -7.4771       0.0635   512.5      5.556      2.209     -2.691      0.428     -0.863      0.414
3.0400          -7.4249      -7.4860       0.0611   493.0      5.010      1.923     -3.011      0.307     -0.720      0.528
3.0500          -7.4370      -7.4886       0.0515   415.8      4.103      2.350     -1.436      0.845     -1.395     -1.050
3.0600          -7.4462      -7.5011       0.0549   442.8      5.113      2.382     -1.720      1.632     -2.578     -1.286
3.0700          -7.4578      -7.5177       0.0600   484.2      5.159      2.868     -2.942      0.667     -2.922     -1.369
3.0800          -7.4703      -7.5332       0.0629   507.6      3.769      3.742     -3.205      0.966     -3.224     -2.159
3.0900          -7.4834      -7.5360       0.0526   424.4      2.348      3.383     -4.905      1.254     -2.557     -1.933
3.1000          -7.4907      -7.5468       0.0561   452.6      2.868      2.782     -7.886      0.495     -0.993     -2.548
3.1100          -7.4998      -7.5597       0.0599   483.5      1.343      1.843     -6.552      0.631     -3.506     -2.909
3.1200          -7.5096      -7.5623       0.0527   425.1      0.579      2.031     -4.809      2.703     -4.018     -1.557
3.1300          -7.5187      -7.5760       0.0573   462.7      2.211      1.727     -5.080      1.628     -0.758     -0.366
3.1400          -7.5308      -7.5929       0.0621   501.4      3.614      1.479     -4.822     -0.032     -1.188     -0.821
3.1500          -7.5397      -7.5900       0.0503   406.0      4.595      2.324     -3.062     -0.100     -2.293     -1.011
3.1600          -7.5489      -7.5995       0.0506   408.6      5.331      3.347     -0.031      0.615     -0.112      0.346
3.1700          -7.5552      -7.5955       0.0403   325.2      4.550      3.919     -0.787      0.370      0.282      1.022
3.1800          -7.5593      -7.6023       0.0430   347.5      3.505      3.103     -3.345     -0.893     -1.970      0.356
3.1900          -7.5619      -7.6023       0.0404   326.5      3.270      2.073     -4.333     -1.708     -1.405      0.862
3.2000          -7.5638      -7.6063       0.0425   343.1      3.567      2.301     -4.565     -1.224      1.046      1.350
3.2100          -7.5673      -7.6101       0.0428   345.9      3.448      2.750     -4.215     -0.815      0.353      0.913
3.2200          -7.5689      -7.6074       0.0384   310.2      3.090      3.291     -4.230     -0.698     -1.003      1.034
3.2300          -7.5715      -7.6152       0.0437   352.8      4.152      3.738     -5.176     -0.426      0.841      0.848
3.2400          -7.5731      -7.6090       0.0359   289.7      4.740      2.383     -5.825     -1.526      1.641     -0.315
3.2500          -7.5730      -7.6095       0.0365   294.4      3.818      2.040     -4.783     -2.171      0.089     -0.551
3.2600          -7.5716      -7.6026       0.0310   250.1      3.619      3.222     -4.559     -0.441      0.849     -0.529
3.2700          -7.5692      -7.6041       0.0349   281.7      4.589      3.888     -5.855     -0.243      1.809     -0.851
3.2800          -7.5690      -7.6029       0.0339   273.5      4.185      3.128     -5.872     -2.405      0.652     -0.811
3.2900          -7.5681      -7.6064       0.0384   309.6      3.137      3.202     -4.357     -2.853      0.758     -0.448
3.3000          -7.5693      -7.6087       0.0394   318.2      3.490      2.878     -3.375     -2.190      1.877     -0.964
3.3100          -7.5717      -7.6124       0.0407   328.8      2.946      3.070     -2.825     -2.939      1.632     -1.081
3.3200          -7.5743      -7.6179       0.0436   352.1      3.346      4.035     -3.248     -3.253      0.990     -0.062
3.3300          -7.5774      -7.6152       0.0378   304.9      4.544      4.202     -3.437     -3.010      1.612     -0.604
3.3400          -7.5788      -7.6159       0.0372   299.9      3.688      2.700     -2.868     -2.968      1.234     -1.749
3.3500          -7.5791      -7.6183       0.0392   316.7      2.060      1.683     -3.206     -2.549      0.450     -1.337
3.3600          -7.5801      -7.6173       0.0372   300.1      2.264      1.904     -3.255     -2.582      0.864     -0.885
3.3700          -7.5808      -7.6203       0.0395   318.7      4.357      3.017     -2.912     -1.690      1.073     -1.505
3.3800          -7.5837      -7.6231       0.0395   318.5      5.210      3.120     -2.182     -0.506      0.778     -1.298
3.3900          -7.5841      -7.6169       0.0328   265.2      2.335      2.025     -0.871     -0.084      0.251     -0.506
3.4000          -7.5837      -7.6232       0.0395   318.5      0.384      1.367     -0.623     -0.232      0.445     -0.279
3.4100          -7.5837      -7.6172       0.0334   270.0      3.496      0.329     -2.911     -0.054      0.265      0.624
3.4200          -7.5824      -7.6197       0.0373   301.1      3.393      1.318     -3.648     -0.154      0.189      1.033
3.4300          -7.5834      -7.6203       0.0368   297.4      0.396      2.277     -1.560     -0.402      0.467      0.339
3.4400          -7.5824      -7.6181       0.0357   288.3      1.527      1.000     -1.488     -0.108      1.106      0.529
3.4500          -7.5826      -7.6191       0.0364   294.2      2.622      1.190     -3.824      0.264      0.995      2.119
3.4600          -7.5812      -7.6151       0.0339   274.0      0.251      2.332     -4.577      0.155      0.172      2.487
3.4700          -7.5805      -7.6145       0.0341   275.0      0.602      1.304     -2.919     -0.534      0.032      1.261
3.4800          -7.5784      -7.6110       0.0326   263.4      1.898      1.081     -1.378      0.579      0.107      1.985
3.4900          -7.5765      -7.6108       0.0343   277.0      0.831      1.874     -2.290      1.230     -0.638      2.347
3.5000          -7.5760      -7.6105       0.0345   278.5      0.127      0.764     -3.876     -0.720     -0.491      1.393
3.5100          -7.5754      -7.6160       0.0406   327.7      0.118     -0.286     -3.328     -0.665      0.063      1.185
3.5200          -7.5778      -7.6170       0.0392   316.5     -0.744      0.677     -3.234      0.925     -0.181      1.440
3.5300          -7.5809      -7.6247       0.0438   353.5     -1.038      0.390     -2.641     -0.887     -0.293      0.042
3.5400          -7.5827      -7.6217       0.0390   314.8     -0.757      1.458     -3.068     -1.930     -0.409     -0.618
3.5500          -7.5843      -7.6226       0.0383   308.9     -0.544      3.315     -3.554     -0.583     -0.930      0.696
3.5600          -7.5851      -7.6270       0.0419   338.4      0.071      1.808     -4.057     -0.730      0.187      0.852
3.5700          -7.5860      -7.6203       0.0343   276.6     -0.239      0.131     -2.145     -1.587      1.908     -0.043
3.5800          -7.5854      -7.6216       0.0362   292.5      0.171      2.287     -1.665     -1.051      1.986      0.588
3.5900          -7.5848      -7.6193       0.0345   278.5      2.183      3.027     -3.393     -1.379      0.934      0.778
3.6000          -7.5830      -7.6162       0.0332   267.9      1.346      1.791     -3.772     -1.498      0.675     -0.164
3.6100          -7.5825      -7.6197       0.0372   300.7     -0.237      1.293     -2.418     -0.647      1.562      0.108
3.6200          -7.5821      -7.6174       0.0353   285.0      1.648      0.413     -3.302      0.254      1.673      0.281
3.6300          -7.5819      -7.6197       0.0378   305.2      3.376      1.074     -3.378     -0.768      0.914     -0.522
3.6400          -7.5815      -7.6134       0.0318   257.0      1.813      3.500     -1.970     -1.398      0.460     -1.340
3.6500          -7.5801      -7.6182       0.0380   306.9      1.777      2.946     -2.830     -0.607      0.747     -0.727
3.6600          -7.5800      -7.6133       0.0333   268.8      2.294     -0.758     -4.584     -0.474      1.406     -0.154
3.6700          -7.5797      -7.6187       0.0390   314.6     -0.140     -0.251     -3.500     -2.159      1.555     -0.937
3.6800          -7.5791      -7.6095       0.0304   245.4     -1.375      1.867     -3.182     -1.877      1.385     -1.376
3.6900          -7.5774      -7.6132       0.0358   289.3      1.450      2.886     -5.066     -0.877      0.361     -0.254
3.7000          -7.5768      -7.6138       0.0370   298.5      1.148      2.369     -2.854     -1.103      0.158      0.212
3.7100          -7.5773      -7.6155       0.0381   308.0      0.238      2.267      0.463     -1.218      0.765      0.001
3.7200          -7.5805      -7.6237       0.0432   349.1      2.499      1.862     -1.675     -0.639      0.298      0.789
3.7300          -7.5803      -7.6138       0.0335   270.7      3.742      1.650     -5.300     -0.363     -0.285      0.726
3.7400          -7.5801      -7.6164       0.0363   292.7      1.112      1.937     -2.732      0.055     -0.256      0.987
3.7500          -7.5779      -7.6092       0.0314   253.1      0.466      1.501     -0.132      1.072     -0.270      2.487
3.7600          -7.5775      -7.6170       0.0394   318.3      4.311      0.626     -2.284      0.830     -0.078      1.846
3.7700          -7.5786      -7.6135       0.0349   282.1      3.887      1.288     -3.901     -0.343      0.423      0.552
3.7800          -7.5791      -7.6253       0.0463   373.6      0.749      1.504     -2.002     -0.642      0.275      1.509
3.7900          -7.5830      -7.6200       0.0370   298.5      1.087     -0.260     -1.494      0.350      0.617      1.758
3.8000          -7.5817      -7.6199       0.0382   308.7      2.038      0.296     -3.734      0.555      0.975      0.357
3.8100          -7.5832      -7.6172       0.0340   274.6      0.170      1.784     -4.512     -0.682      0.282      0.060
3.8200          -7.5809      -7.6161       0.0351   283.5      2.285      0.511     -3.956     -1.661     -0.108     -0.548
3.8300          -7.5809      -7.6194       0.0384   310.4      3.287      1.036     -3.103     -0.291      0.141     -1.393
3.8400          -7.5824      -7.6223       0.0399   322.0      0.916      2.964     -2.187      0.523     -0.113     -0.569
3.8500          -7.5848      -7.6258       0.0410   330.9      1.516      2.285     -2.964     -1.337     -0.507     -0.383
3.8600          -7.5837      -7.6150       0.0313   252.4      3.645      2.396     -4.343     -1.985     -0.885     -1.609
3.8700          -7.5819      -7.6133       0.0314   253.8      3.069      3.117     -2.433     -0.078     -0.406     -1.204
3.8800          -7.5795      -7.6132       0.0337   272.2      2.164      1.703     -1.962     -0.253     -0.271      0.180
3.8900          -7.5793      -7.6181       0.0388   313.2      0.774      2.140     -4.158     -1.692     -0.818     -0.920
3.9000          -7.5811      -7.6209       0.0397   320.9      0.231      3.599     -4.261     -0.552     -0.441     -1.072
3.9100          -7.5822      -7.6223       0.0402   324.2      2.297      2.583     -4.982     -0.002      0.287      0.312
3.9200          -7.5840      -7.6225       0.0385   310.9      1.674      1.043     -4.940     -1.693      0.200     -0.203
3.9300          -7.5833      -7.6190       0.0357   288.1      0.152      1.419     -3.697     -2.789      0.193      0.662
3.9400          -7.5829      -7.6179       0.0349   282.1      3.124      1.851     -4.615     -1.785      0.698      2.089
3.9500          -7.5816      -7.6154       0.0338   272.9      4.222      1.573     -5.080     -1.423      0.639      0.458
3.9600          -7.5794      -7.6120       0.0326   263.0      1.163      0.377     -2.081     -2.700      0.454     -0.690
3.9700          -7.5778      -7.6125       0.0347   280.4      1.679      0.251     -2.823     -2.179      1.842      0.951
3.9800          -7.5781      -7.6161       0.0380   307.1      3.767      1.244     -4.965     -1.359      1.064      1.218
3.9900          -7.5776      -7.6130       0.0354   285.8      3.152      1.026     -2.699     -2.568      0.275     -0.540
4.0000          -7.5788      -7.6201       0.0413   333.4      3.052      1.210     -1.488     -2.183      1.671     -0.451
