Time[ps]    Etot/N[eV]   Epot/N[eV]   Ekin/N[eV]    T[K]
0.0000          -7.8570      -7.8998       0.0428   345.4
0.0100          -7.8509      -7.8801       0.0292   235.9
0.0200          -7.8504      -7.8744       0.0240   194.1
0.0300          -7.8355      -7.8725       0.0369   298.0
0.0400          -7.8303      -7.8641       0.0338   272.9
0.0500          -7.8162      -7.8678       0.0516   416.7
0.0600          -7.7942      -7.8615       0.0673   543.4
0.0700          -7.7827      -7.8534       0.0708   571.2
0.0800          -7.7526      -7.8418       0.0892   720.4
0.0900          -7.7519      -7.8370       0.0851   686.6
0.1000          -7.7664      -7.8449       0.0785   633.9
0.1100          -7.7515      -7.8423       0.0908   733.2
0.1200          -7.6842      -7.7911       0.1069   863.0
0.1300          -7.6651      -7.7682       0.1030   831.9
0.1400          -7.6291      -7.7806       0.1514  1222.5
0.1500          -7.6239      -7.7750       0.1511  1219.9
0.1600          -7.6030      -7.7957       0.1927  1555.8
0.1700          -7.5824      -7.7639       0.1815  1465.3
0.1800          -7.5744      -7.7550       0.1806  1457.6
0.1900          -7.5732      -7.7469       0.1737  1401.9
0.2000          -7.5337      -7.7601       0.2263  1827.1
0.2100          -7.5864      -7.7117       0.1253  1011.6
0.2200          -7.5814      -7.7309       0.1495  1206.7
0.2300          -7.5537      -7.7287       0.1749  1412.1
0.2400          -7.5260      -7.7040       0.1780  1436.8
0.2500          -7.4526      -7.6873       0.2347  1894.5
0.2600          -7.4334      -7.6714       0.2381  1921.7
0.2700          -7.4446      -7.6866       0.2420  1953.4
0.2800          -7.4528      -7.7141       0.2612  2108.7
0.2900          -7.4383      -7.6411       0.2028  1637.5
0.3000          -7.4075      -7.6778       0.2703  2182.1
0.3100          -7.3960      -7.6413       0.2453  1980.4
0.3200          -7.3673      -7.6658       0.2985  2409.8
0.3300          -7.4561      -7.6883       0.2322  1874.6
0.3400          -7.4213      -7.6543       0.2330  1880.7
0.3500          -7.2986      -7.6665       0.3679  2969.9
0.3600          -7.2013      -7.5073       0.3060  2470.6
0.3700          -7.2275      -7.5418       0.3143  2537.1
0.3800          -7.1804      -7.5672       0.3868  3122.5
0.3900          -7.2096      -7.5606       0.3510  2833.3
0.4000          -7.1864      -7.5580       0.3716  2999.6
0.4100          -7.0738      -7.5388       0.4650  3753.7
0.4200          -7.0806      -7.5284       0.4478  3615.2
0.4300          -7.0348      -7.5443       0.5095  4113.1
0.4400          -7.0019      -7.4151       0.4132  3335.4
0.4500          -7.0693      -7.4852       0.4159  3357.5
0.4600          -7.0539      -7.3775       0.3236  2612.1
0.4700          -6.9668      -7.4069       0.4402  3553.6
0.4800          -6.9918      -7.4268       0.4350  3511.8
0.4900          -7.0199      -7.4642       0.4444  3587.2
0.5000          -7.0156      -7.4681       0.4525  3652.9
0.5100          -7.0784      -7.4242       0.3458  2791.5
0.5200          -7.0187      -7.4620       0.4432  3578.2
0.5300          -7.0337      -7.4602       0.4265  3443.3
0.5400          -6.8633      -7.3193       0.4561  3681.8
0.5500          -6.8312      -7.3214       0.4902  3957.4
0.5600          -6.7873      -7.3906       0.6033  4870.6
0.5700          -6.8234      -7.2268       0.4034  3256.6
0.5800          -6.6661      -7.2061       0.5400  4359.5
0.5900          -6.6637      -7.2411       0.5773  4660.6
0.6000          -6.6160      -7.2818       0.6657  5374.1
0.6100          -6.5301      -7.2650       0.7349  5932.8
0.6200          -6.6483      -7.3677       0.7194  5807.3
0.6300          -6.6613      -7.2440       0.5827  4704.0
0.6400          -6.7094      -7.1688       0.4594  3708.9
0.6500          -6.5754      -7.1896       0.6143  4958.8
0.6600          -6.6454      -7.2170       0.5716  4614.5
0.6700          -6.5702      -7.3162       0.7460  6022.5
0.6800          -6.6807      -7.2678       0.5870  4739.0
0.6900          -6.7533      -7.3350       0.5817  4696.1
0.7000          -6.7116      -7.4221       0.7105  5735.9
0.7100          -6.6686      -7.2971       0.6285  5073.9
0.7200          -6.5497      -7.1870       0.6373  5144.6
0.7300          -6.4857      -7.1650       0.6794  5484.2
0.7400          -6.3927      -7.1414       0.7487  6044.1
0.7500          -6.2446      -7.1135       0.8688  7013.7
0.7600          -6.1365      -6.9129       0.7765  6268.4
0.7700          -6.1949      -6.8182       0.6233  5031.6
0.7800          -6.2459      -6.8410       0.5951  4804.0
0.7900          -6.2148      -6.8558       0.6410  5174.5
0.8000          -6.2227      -6.9178       0.6951  5611.3
0.8100          -6.3620      -7.0576       0.6956  5615.1
0.8200          -6.2056      -7.0490       0.8434  6808.3
0.8300          -6.2554      -7.0412       0.7858  6343.8
0.8400          -6.1434      -7.0189       0.8755  7067.9
0.8500          -5.9940      -6.7471       0.7532  6080.2
0.8600          -5.8422      -6.5879       0.7457  6020.0
0.8700          -5.7335      -6.6224       0.8889  7176.1
0.8800          -5.7941      -6.6535       0.8594  6937.9
0.8900          -5.8924      -6.6610       0.7686  6204.9
0.9000          -5.7201      -6.5038       0.7837  6326.3
0.9100          -5.8375      -6.6699       0.8323  6719.3
0.9200          -5.8181      -6.5582       0.7401  5974.6
0.9300          -5.7498      -6.6324       0.8826  7125.1
0.9400          -5.7675      -6.7028       0.9353  7550.7
0.9500          -5.8059      -6.7473       0.9414  7599.5
0.9600          -5.9025      -6.7275       0.8250  6659.9
0.9700          -5.3987      -6.5658       1.1672  9422.1
0.9800          -5.3041      -6.4010       1.0969  8855.3
0.9900          -5.4151      -6.3998       0.9846  7948.8
1.0000          -5.4119      -6.3072       0.8953  7227.7
1.0100          -5.2481      -6.1318       0.8837  7134.0
1.0200          -4.9785      -6.0147       1.0362  8365.0
1.0300          -4.8768      -5.9388       1.0619  8572.8
1.0400          -4.9129      -6.0143       1.1014  8891.0
1.0500          -4.8835      -5.9166       1.0331  8339.7
1.0600          -4.7244      -5.7934       1.0690  8629.7
1.0700          -4.9866      -5.7004       0.7138  5762.4
1.0800          -5.0322      -5.8741       0.8419  6796.1
1.0900          -4.9038      -5.8460       0.9423  7606.7
1.1000          -4.9696      -5.6397       0.6701  5409.6
1.1100          -4.9542      -5.8888       0.9346  7544.5
1.1200          -5.0078      -5.7654       0.7576  6116.0
1.1300          -4.8772      -5.8678       0.9906  7996.9
1.1400          -4.9698      -5.8836       0.9138  7376.8
1.1500          -4.8435      -5.7123       0.8688  7013.3
1.1600          -5.0427      -5.8184       0.7757  6262.3
1.1700          -4.9858      -5.8894       0.9035  7294.0
1.1800          -4.9938      -5.8698       0.8760  7071.5
1.1900          -5.1036      -5.9855       0.8819  7119.3
1.2000          -4.9522      -6.0646       1.1124  8979.9
1.2100          -5.0762      -5.8862       0.8100  6538.7
1.2200          -4.8281      -5.8482       1.0201  8234.8
1.2300          -4.7304      -5.9874       1.2570  10147.3
1.2400          -4.9490      -5.8617       0.9126  7367.4
1.2500          -5.0589      -5.9999       0.9410  7596.3
1.2600          -5.0331      -6.0271       0.9940  8024.1
1.2700          -4.9246      -5.9341       1.0095  8149.5
1.2800          -4.8681      -5.9221       1.0539  8508.1
1.2900          -4.9733      -5.8851       0.9118  7360.6
1.3000          -5.0460      -5.9876       0.9416  7601.4
1.3100          -4.9131      -6.0337       1.1206  9046.7
1.3200          -5.1124      -6.1169       1.0045  8109.1
1.3300          -5.1001      -6.1508       1.0506  8481.4
1.3400          -5.1354      -6.0606       0.9252  7469.1
1.3500          -5.0301      -5.9825       0.9524  7688.2
1.3600          -5.0797      -5.9274       0.8478  6843.7
1.3700          -4.9660      -5.9249       0.9589  7741.0
1.3800          -4.9274      -5.9016       0.9742  7864.5
1.3900          -4.9553      -6.0264       1.0711  8646.6
1.4000          -4.9250      -5.9130       0.9880  7975.8
1.4100          -4.9989      -6.0119       1.0130  8177.5
1.4200          -5.1397      -6.0793       0.9397  7585.6
1.4300          -5.1358      -6.2491       1.1133  8987.7
1.4400          -5.2509      -6.3327       1.0819  8733.5
1.4500          -5.3237      -6.1383       0.8146  6576.0
1.4600          -5.2757      -6.0634       0.7877  6359.2
1.4700          -5.3217      -5.9657       0.6440  5198.6
1.4800          -4.8954      -6.0981       1.2027  9709.3
1.4900          -4.6832      -5.7924       1.1093  8954.8
1.5000          -4.5354      -5.6315       1.0960  8848.0
1.5100          -4.4676      -5.3792       0.9117  7359.8
1.5200          -4.6414      -5.5291       0.8878  7166.8
1.5300          -4.7855      -5.6164       0.8308  6707.0
1.5400          -4.6876      -5.8372       1.1497  9280.9
1.5500          -4.8315      -5.9619       1.1304  9125.6
1.5600          -4.9547      -6.0350       1.0803  8721.0
1.5700          -4.7616      -5.9392       1.1775  9506.0
1.5800          -4.7369      -6.0414       1.3044  10530.4
1.5900          -4.6348      -5.9472       1.3124  10594.9
1.6000          -4.6080      -5.7841       1.1761  9494.2
1.6100          -4.7629      -5.6082       0.8453  6823.5
1.6200          -4.7692      -5.8508       1.0816  8731.2
1.6300          -5.1359      -6.0757       0.9399  7587.2
1.6400          -5.0298      -6.1317       1.1020  8895.9
1.6500          -5.3139      -6.0320       0.7181  5797.1
1.6600          -5.3051      -6.0586       0.7535  6082.9
1.6700          -5.0141      -6.0701       1.0560  8524.8
1.6800          -4.9566      -6.0872       1.1306  9127.1
1.6900          -4.9239      -5.8638       0.9399  7587.6
1.7000          -5.0744      -5.7128       0.6384  5153.6
1.7100          -4.8002      -5.6437       0.8435  6809.3
1.7200          -4.7952      -5.7367       0.9416  7600.9
1.7300          -4.7786      -5.8606       1.0820  8735.0
1.7400          -4.7055      -5.9534       1.2479  10074.0
1.7500          -4.9874      -6.0789       1.0915  8811.5
1.7600          -4.9625      -6.0405       1.0780  8702.3
1.7700          -5.1405      -6.1777       1.0372  8373.1
1.7800          -5.1305      -6.0183       0.8878  7166.6
1.7900          -5.1496      -5.8403       0.6907  5576.1
1.8000          -5.0985      -5.9556       0.8571  6919.2
1.8100          -5.0909      -6.0060       0.9150  7386.8
1.8200          -4.9124      -5.8691       0.9567  7723.4
1.8300          -4.9069      -6.2493       1.3424  10836.9
1.8400          -5.2089      -6.1950       0.9862  7960.9
1.8500          -5.2307      -6.1542       0.9235  7454.9
1.8600          -5.0873      -6.1076       1.0202  8236.1
1.8700          -5.1093      -5.9932       0.8839  7135.7
1.8800          -5.0349      -5.9266       0.8916  7198.0
1.8900          -5.1111      -5.8990       0.7879  6360.8
1.9000          -4.8677      -5.8781       1.0104  8156.7
1.9100          -4.7953      -5.8491       1.0538  8506.9
1.9200          -4.8304      -5.7730       0.9426  7609.5
1.9300          -4.8422      -5.6010       0.7589  6126.0
1.9400          -4.8239      -5.7215       0.8976  7246.1
1.9500          -4.7287      -5.8442       1.1155  9004.9
1.9600          -4.7770      -5.8226       1.0456  8440.8
1.9700          -4.7188      -5.7743       1.0555  8520.9
1.9800          -4.8636      -5.6359       0.7723  6234.2
1.9900          -4.8360      -5.6971       0.8611  6951.4
2.0000          -4.7341      -5.6247       0.8906  7189.5
2.0100          -4.6149      -5.5151       0.9002  7267.2
2.0200          -4.7175      -5.5278       0.8103  6541.2
2.0300          -4.6498      -5.5822       0.9324  7527.2
2.0400          -4.6290      -5.5972       0.9682  7816.0
2.0500          -4.4733      -5.5961       1.1228  9063.7
2.0600          -4.5630      -5.6531       1.0900  8799.4
2.0700          -4.7127      -5.7433       1.0306  8319.8
2.0800          -4.7196      -5.8279       1.1083  8946.8
2.0900          -4.6686      -5.6515       0.9829  7934.7
2.1000          -4.6419      -5.6465       1.0046  8109.8
2.1100          -4.7478      -5.6935       0.9457  7634.0
2.1200          -4.8385      -5.5877       0.7491  6047.3
2.1300          -4.9546      -5.5981       0.6435  5194.6
2.1400          -4.8810      -5.6314       0.7504  6057.6
2.1500          -4.8118      -5.7748       0.9630  7773.6
2.1600          -4.7500      -5.9944       1.2444  10046.0
2.1700          -4.8044      -5.8341       1.0297  8312.4
2.1800          -4.7536      -5.7543       1.0007  8078.3
2.1900          -4.8140      -5.6011       0.7871  6353.9
2.2000          -4.7629      -5.8893       1.1264  9093.5
2.2100          -5.0431      -6.1259       1.0827  8740.6
2.2200          -4.9542      -6.0005       1.0463  8446.3
2.2300          -5.1040      -6.1687       1.0647  8595.1
2.2400          -5.3167      -6.2343       0.9177  7408.2
2.2500          -5.4365      -6.2151       0.7786  6285.3
2.2600          -5.3456      -6.1348       0.7892  6370.7
2.2700          -5.3862      -6.0960       0.7098  5730.3
2.2800          -5.2748      -6.0677       0.7929  6400.6
2.2900          -5.3154      -6.2323       0.9170  7402.4
2.3000          -5.3446      -6.2782       0.9336  7537.0
2.3100          -5.4163      -6.2857       0.8694  7018.4
2.3200          -5.3960      -6.1775       0.7815  6308.7
2.3300          -5.3911      -6.1102       0.7190  5804.5
2.3400          -5.4607      -6.1550       0.6943  5604.9
2.3500          -5.3421      -6.1089       0.7667  6189.4
2.3600          -5.2070      -6.1992       0.9921  8009.3
2.3700          -5.1214      -6.0699       0.9485  7657.0
2.3800          -5.2995      -6.1783       0.8788  7094.3
2.3900          -5.2528      -6.0196       0.7668  6190.4
2.4000          -5.2606      -6.1457       0.8851  7145.0
2.4100          -5.5280      -6.1672       0.6392  5160.5
2.4200          -5.4763      -6.2238       0.7475  6034.7
2.4300          -5.5150      -6.1187       0.6037  4873.5
2.4400          -5.6698      -6.3059       0.6361  5135.0
2.4500          -5.6530      -6.2995       0.6465  5219.0
2.4600          -5.7590      -6.3752       0.6161  4973.6
2.4700          -5.9000      -6.4425       0.5425  4379.1
2.4800          -5.6463      -6.4908       0.8444  6816.7
2.4900          -5.6050      -6.4592       0.8542  6895.7
2.5000          -5.8373      -6.4602       0.6229  5028.6
2.5100          -5.8845      -6.6231       0.7386  5962.5
2.5200          -5.9674      -6.5284       0.5609  4528.1
2.5300          -5.8979      -6.4105       0.5126  4138.1
2.5400          -5.9083      -6.4336       0.5253  4240.5
2.5500          -5.9542      -6.3538       0.3996  3225.9
2.5600          -6.0723      -6.5560       0.4838  3905.4
2.5700          -6.1543      -6.6734       0.5191  4190.9
2.5800          -6.1471      -6.6286       0.4815  3887.3
2.5900          -6.0919      -6.5334       0.4415  3564.2
2.6000          -6.0855      -6.6486       0.5630  4545.3
2.6100          -6.1279      -6.5964       0.4685  3781.7
2.6200          -6.1197      -6.6413       0.5216  4211.0
2.6300          -6.1931      -6.6435       0.4504  3635.7
2.6400          -6.1702      -6.6936       0.5233  4224.8
2.6500          -6.2501      -6.6233       0.3733  3013.3
2.6600          -6.3140      -6.6663       0.3524  2844.6
2.6700          -6.3891      -6.7625       0.3734  3014.4
2.6800          -6.4806      -6.7809       0.3003  2424.3
2.6900          -6.4821      -6.8437       0.3616  2919.0
2.7000          -6.4950      -6.8263       0.3313  2674.7
2.7100          -6.5758      -6.9512       0.3754  3030.8
2.7200          -6.6256      -6.9876       0.3620  2922.6
2.7300          -6.5925      -6.9847       0.3922  3165.9
2.7400          -6.5530      -6.8313       0.2783  2246.3
2.7500          -6.4828      -6.8212       0.3385  2732.3
2.7600          -6.4873      -6.8048       0.3175  2562.9
2.7700          -6.5522      -6.8256       0.2735  2207.6
2.7800          -6.5034      -6.8697       0.3663  2957.0
2.7900          -6.4903      -6.8350       0.3447  2782.6
2.8000          -6.5241      -6.8793       0.3552  2867.7
2.8100          -6.5506      -6.9008       0.3503  2827.7
2.8200          -6.6121      -6.9208       0.3088  2492.5
2.8300          -6.6980      -7.0139       0.3159  2550.4
2.8400          -6.7770      -7.0849       0.3079  2485.7
2.8500          -6.7900      -7.1348       0.3449  2783.9
2.8600          -6.8593      -7.1287       0.2694  2174.5
2.8700          -6.9420      -7.1044       0.1624  1310.8
2.8800          -6.9338      -7.1585       0.2248  1814.4
2.8900          -6.9909      -7.1494       0.1585  1279.3
2.9000          -7.0032      -7.1911       0.1878  1516.4
2.9100          -7.0278      -7.1789       0.1511  1219.5
2.9200          -7.0592      -7.2356       0.1764  1424.2
2.9300          -7.0691      -7.2096       0.1404  1133.7
2.9400          -7.0482      -7.2344       0.1862  1503.2
2.9500          -7.0705      -7.2006       0.1301  1050.0
2.9600          -7.0828      -7.2302       0.1473  1189.1
2.9700          -7.1009      -7.2411       0.1402  1131.7
2.9800          -7.1235      -7.2676       0.1441  1163.6
2.9900          -7.1685      -7.2721       0.1036   836.7
3.0000          -7.2022      -7.2999       0.0977   788.7
3.0100          -7.2279      -7.3411       0.1131   913.4
3.0200          -7.2557      -7.3443       0.0886   715.5
3.0300          -7.2816      -7.3650       0.0833   672.7
3.0400          -7.3042      -7.3657       0.0615   496.4
3.0500          -7.3137      -7.3742       0.0606   488.9
3.0600          -7.3260      -7.3771       0.0511   412.7
3.0700          -7.3309      -7.3899       0.0590   476.2
3.0800          -7.3365      -7.3954       0.0589   475.6
3.0900          -7.3477      -7.4005       0.0528   426.0
3.1000          -7.3563      -7.4062       0.0499   402.7
3.1100          -7.3586      -7.4009       0.0424   342.2
3.1200          -7.3671      -7.4114       0.0444   358.0
3.1300          -7.3751      -7.4172       0.0421   339.8
3.1400          -7.3779      -7.4160       0.0381   307.7
3.1500          -7.3718      -7.4144       0.0426   344.0
3.1600          -7.3744      -7.4226       0.0481   388.6
3.1700          -7.3775      -7.4237       0.0463   373.6
3.1800          -7.3847      -7.4242       0.0395   319.1
3.1900          -7.3908      -7.4214       0.0306   246.8
3.2000          -7.3883      -7.4229       0.0346   279.1
3.2100          -7.3803      -7.4145       0.0342   276.1
3.2200          -7.3843      -7.4191       0.0348   280.6
3.2300          -7.3920      -7.4262       0.0342   276.3
3.2400          -7.3943      -7.4303       0.0360   290.6
3.2500          -7.3899      -7.4357       0.0458   369.7
3.2600          -7.3888      -7.4345       0.0458   369.3
3.2700          -7.3906      -7.4476       0.0570   460.4
3.2800          -7.3984      -7.4671       0.0687   554.8
3.2900          -7.4046      -7.4831       0.0785   633.4
3.3000          -7.4206      -7.4791       0.0585   472.4
3.3100          -7.4212      -7.4757       0.0546   440.4
3.3200          -7.4287      -7.4867       0.0581   468.8
3.3300          -7.4244      -7.4807       0.0563   454.3
3.3400          -7.4408      -7.4985       0.0577   465.7
3.3500          -7.4361      -7.4881       0.0520   419.9
3.3600          -7.4410      -7.4923       0.0513   414.4
3.3700          -7.4503      -7.5074       0.0571   461.2
3.3800          -7.4522      -7.4938       0.0415   335.3
3.3900          -7.4561      -7.4987       0.0426   343.6
3.4000          -7.4584      -7.5039       0.0455   367.5
3.4100          -7.4565      -7.5039       0.0474   382.9
3.4200          -7.4537      -7.4991       0.0454   366.1
3.4300          -7.4619      -7.5042       0.0423   341.5
3.4400          -7.4646      -7.5025       0.0379   305.8
3.4500          -7.4658      -7.5091       0.0433   349.4
3.4600          -7.4694      -7.4994       0.0300   241.9
3.4700          -7.4801      -7.5086       0.0286   230.6
3.4800          -7.4838      -7.5092       0.0255   205.7
3.4900          -7.4824      -7.5100       0.0275   222.3
3.5000          -7.4791      -7.5120       0.0329   265.4
3.5100          -7.4714      -7.5094       0.0380   306.7
3.5200          -7.4697      -7.5035       0.0338   272.6
3.5300          -7.4634      -7.5031       0.0397   320.6
3.5400          -7.4724      -7.5133       0.0409   330.1
3.5500          -7.4770      -7.5119       0.0349   281.7
3.5600          -7.4819      -7.5091       0.0272   219.3
3.5700          -7.4842      -7.5199       0.0358   288.8
3.5800          -7.4845      -7.5161       0.0316   255.1
3.5900          -7.4849      -7.5158       0.0308   248.9
3.6000          -7.4895      -7.5150       0.0255   205.8
3.6100          -7.4871      -7.5202       0.0330   266.8
3.6200          -7.4919      -7.5190       0.0271   218.6
3.6300          -7.4875      -7.5176       0.0301   243.0
3.6400          -7.4834      -7.5085       0.0251   202.4
3.6500          -7.4852      -7.5167       0.0316   255.0
3.6600          -7.4789      -7.5082       0.0292   236.0
3.6700          -7.4735      -7.5016       0.0281   227.1
3.6800          -7.4682      -7.5022       0.0340   274.5
3.6900          -7.4712      -7.5101       0.0389   314.2
3.7000          -7.4683      -7.5115       0.0431   348.3
3.7100          -7.4667      -7.5089       0.0422   340.3
3.7200          -7.4740      -7.5162       0.0422   340.4
3.7300          -7.4805      -7.5259       0.0454   366.7
3.7400          -7.4809      -7.5153       0.0344   278.0
3.7500          -7.4818      -7.5310       0.0492   396.9
3.7600          -7.4831      -7.5141       0.0309   249.7
3.7700          -7.4862      -7.5262       0.0401   323.6
3.7800          -7.4975      -7.5327       0.0352   284.0
3.7900          -7.5002      -7.5343       0.0341   275.6
3.8000          -7.4990      -7.5364       0.0374   302.0
3.8100          -7.4986      -7.5426       0.0440   355.6
3.8200          -7.4982      -7.5350       0.0368   297.3
3.8300          -7.4981      -7.5450       0.0470   379.2
3.8400          -7.4932      -7.5523       0.0591   477.5
3.8500          -7.4967      -7.5674       0.0707   570.9
3.8600          -7.5254      -7.5976       0.0722   582.8
3.8700          -7.5426      -7.6020       0.0594   479.7
3.8800          -7.5553      -7.6300       0.0747   603.1
3.8900          -7.5694      -7.6309       0.0615   496.7
3.9000          -7.5730      -7.6351       0.0621   501.3
3.9100          -7.5873      -7.6329       0.0456   367.9
3.9200          -7.5874      -7.6297       0.0423   341.8
3.9300          -7.5945      -7.6297       0.0352   284.1
3.9400          -7.5987      -7.6355       0.0369   297.7
3.9500          -7.6066      -7.6365       0.0299   241.4
3.9600          -7.6070      -7.6418       0.0348   280.7
3.9700          -7.6026      -7.6378       0.0352   284.2
3.9800          -7.6011      -7.6378       0.0367   296.6
3.9900          -7.5987      -7.6382       0.0395   318.5
4.0000          -7.6009      -7.6446       0.0438   353.2
